#
# A fatal error has been detected by the Java Runtime Environment:
#
#  SIGSEGV (0xb) at pc=0x00007f9608f248d1, pid=53149, tid=140282376410880
#
# JRE version: Java(TM) SE Runtime Environment (7.0_51-b13) (build 1.7.0_51-b13)
# Java VM: Java HotSpot(TM) 64-Bit Server VM (24.51-b03 mixed mode linux-amd64 compressed oops)
# Problematic frame:
# C  [libvoltdb-4.0.2.3.so+0x4028d1]  voltdb::StringRef::get()+0x1
#
# Failed to write core dump. Core dumps have been disabled. To enable core dumping, try "ulimit -c unlimited" before starting Java again
#
# If you would like to submit a bug report, please visit:
#   http://bugreport.sun.com/bugreport/crash.jsp
# The crash happened outside the Java Virtual Machine in native code.
# See problematic frame for where to report the bug.
#

---------------  T H R E A D  ---------------

Current thread (0x00007f96149ec800):  JavaThread "Iv2ExecutionSite: 0:0" [_thread_in_native, id=53181, stack(0x00007f960926d000,0x00007f960936e000)]

siginfo:si_signo=SIGSEGV: si_errno=0, si_code=128 (), si_addr=0x0000000000000000

Registers:
RAX=0x0000000000000000, RBX=0x00007f9609369400, RCX=0x00007f95ecc6d0b0, RDX=0x00007f9608fa1ef8
RSP=0x00007f9609366c80, RBP=0x00007f9609366d90, RSI=0x00007f9609369400, RDI=0x3100000000000009
R8 =0x0000000000000002, R9 =0x0000000000000001, R10=0x0000000000000038, R11=0x000000000000000b
R12=0x00007f9609369400, R13=0x00007f9609369400, R14=0x0000000000000000, R15=0x0000000038313143
RIP=0x00007f9608f248d1, EFLAGS=0x0000000000010246, CSGSFS=0x0000000000000033, ERR=0x0000000000000000
  TRAPNO=0x000000000000000d

Top of Stack: (sp=0x00007f9609366c80)
0x00007f9609366c80:   00007f9609366d90 00007f9608ca2299
0x00007f9609366c90:   0000000000000000 0000000000000000
0x00007f9609366ca0:   00007f9609368f48 0000000000000014
0x00007f9609366cb0:   00007f9609366d14 00000037ca29bafb
0x00007f9609366cc0:   00007f9609368f48 00007f9609366df0
0x00007f9609366cd0:   0000000d09368f98 00007f9600000014
0x00007f9609366ce0:   0000000002966cc0 00007f9609369400
0x00007f9609366cf0:   00007f96093693d0 0000000002966cc0
0x00007f9609366d00:   00007f9609369250 00007f9608ca9b22
0x00007f9609366d10:   00007f95ecc6d078 000000010000000d
0x00007f9609366d20:   0000000000000009 00000037ca281b58
0x00007f9609366d30:   00007f9609366dc0 00000037ca2be7de
0x00007f9609366d40:   00007f9609366dd8 0000000100001002
0x00007f9609366d50:   2000000000000000 00000037ca4f22e0
0x00007f9609366d60:   00000014ca4f1fc0 000000370000000d
0x00007f9609366d70:   0000000002966d60 00007f9609369400
0x00007f9609366d80:   00007f9609369400 00007f96093693d0
0x00007f9609366d90:   00007f96093692e0 00007f9608ca9b22
0x00007f9609366da0:   00007f95ecc6d0b0 0000000100000001
0x00007f9609366db0:   00007f0000000009 00007f9608f25079
0x00007f9609366dc0:   0000000000000000 0000000000000060
0x00007f9609366dd0:   0000000000000000 0000000000000000
0x00007f9609366de0:   0000000000000000 0000003100000004
0x00007f9609366df0:   0000007c0000005b 0000006e00000077
0x00007f9609366e00:   00000037ca4ec258 00007f95ecc6de70
0x00007f9609366e10:   000000000238c2c8 0000000000000015
0x00007f9609366e20:   0000000000000001 0000000002967268
0x00007f9609366e30:   00007f9609366eb0 0000000008f25263
0x00007f9609366e40:   0000000000000014 00007f9609368f98
0x00007f9609366e50:   00007f9609368f98 00007f95ecc6de70
0x00007f9609366e60:   00007f9609369440 00000037ca2628c5
0x00007f9609366e70:   00007f9609369440 0000000000000001 

Instructions: (pc=0x00007f9608f248d1)
0x00007f9608f248b1:   8b 05 e9 2d 34 00 55 48 89 e5 48 83 c0 10 48 89
0x00007f9608f248c1:   07 c9 e9 f0 f6 d5 ff 90 90 90 90 90 90 90 90 55
0x00007f9608f248d1:   48 8b 47 10 48 89 e5 c9 48 83 c0 08 c3 66 90 55
0x00007f9608f248e1:   48 8b 47 10 48 89 e5 c9 48 83 c0 08 c3 66 90 55 

Register to memory mapping:

RAX=0x0000000000000000 is an unknown value
RBX=0x00007f9609369400 is pointing into the stack for thread: 0x00007f96149ec800
RCX=0x00007f95ecc6d0b0 is an unknown value
RDX=0x00007f9608fa1ef8: <offset 0x47fef8> in /home/thorsten/voltdb-4.0.2.3/voltdb/libvoltdb-4.0.2.3.so at 0x00007f9608b22000
RSP=0x00007f9609366c80 is pointing into the stack for thread: 0x00007f96149ec800
RBP=0x00007f9609366d90 is pointing into the stack for thread: 0x00007f96149ec800
RSI=0x00007f9609369400 is pointing into the stack for thread: 0x00007f96149ec800
RDI=0x3100000000000009 is an unknown value
R8 =0x0000000000000002 is an unknown value
R9 =0x0000000000000001 is an unknown value
R10=0x0000000000000038 is an unknown value
R11=0x000000000000000b is an unknown value
R12=0x00007f9609369400 is pointing into the stack for thread: 0x00007f96149ec800
R13=0x00007f9609369400 is pointing into the stack for thread: 0x00007f96149ec800
R14=0x0000000000000000 is an unknown value
R15=0x0000000038313143 is an unknown value


Stack: [0x00007f960926d000,0x00007f960936e000],  sp=0x00007f9609366c80,  free space=999k
Native frames: (J=compiled Java code, j=interpreted, Vv=VM code, C=native code)
C  [libvoltdb-4.0.2.3.so+0x4028d1]  voltdb::StringRef::get()+0x1
C  [libvoltdb-4.0.2.3.so+0x187b22]  voltdb::NValue::compare(voltdb::NValue) const+0x1f2
C  [libvoltdb-4.0.2.3.so+0x414b9a]  std::_Rb_tree<voltdb::StlFriendlyNValue, voltdb::StlFriendlyNValue, std::_Identity<voltdb::StlFriendlyNValue>, std::less<voltdb::StlFriendlyNValue>, std::allocator<voltdb::StlFriendlyNValue> >::insert_unique(voltdb::StlFriendlyNValue const&)+0x6a
C  [libvoltdb-4.0.2.3.so+0x40df95]  voltdb::NValue::castAndSortAndDedupArrayForInList(voltdb::ValueType, std::vector<voltdb::NValue, std::allocator<voltdb::NValue> >&) const+0x125
C  [libvoltdb-4.0.2.3.so+0x19398d]  voltdb::MaterializedScanExecutor::p_execute(voltdb::GenericValueArray<voltdb::NValue> const&)+0xed
C  [libvoltdb-4.0.2.3.so+0x45fa0b]  voltdb::VoltDBEngine::executePlanFragment(long, long, voltdb::GenericValueArray<voltdb::NValue> const&, long, long, long, bool, bool)+0x31b
C  [libvoltdb-4.0.2.3.so+0x466a5e]  voltdb::VoltDBEngine::executePlanFragments(int, long*, long*, voltdb::ReferenceSerializeInput&, long, long, long, long)+0x2de
C  [libvoltdb-4.0.2.3.so+0x162c65]  Java_org_voltdb_jni_ExecutionEngine_nativeExecutePlanFragments+0x1c5
J  org.voltdb.jni.ExecutionEngine.nativeExecutePlanFragments(JI[J[JJJJJ)I
j  org.voltdb.jni.ExecutionEngineJNI.coreExecutePlanFragments(I[J[J[Ljava/lang/Object;JJJJ)[Lorg/voltdb/VoltTable;+336
J  org.voltdb.jni.ExecutionEngine.executePlanFragments(I[J[J[Ljava/lang/Object;JJJJ)[Lorg/voltdb/VoltTable;
j  org.voltdb.ProcedureRunner.fastPath(Ljava/util/List;)[Lorg/voltdb/VoltTable;+156
j  org.voltdb.ProcedureRunner.executeQueriesInABatch(Ljava/util/List;Z)[Lorg/voltdb/VoltTable;+116
j  org.voltdb.ProcedureRunner.voltExecuteSQL(Z)[Lorg/voltdb/VoltTable;+116
j  org.voltdb.VoltProcedure.voltExecuteSQL(Z)[Lorg/voltdb/VoltTable;+5
j  org.voltdb.VoltProcedure.voltExecuteSQL()[Lorg/voltdb/VoltTable;+2
j  BLE_FindRulesForCheckID.run(Ljava/lang/String;Ljava/lang/String;)[Lorg/voltdb/VoltTable;+17
v  ~StubRoutines::call_stub
V  [libjvm.so+0x5f8465]  JavaCalls::call_helper(JavaValue*, methodHandle*, JavaCallArguments*, Thread*)+0x365
V  [libjvm.so+0x5f6ec8]  JavaCalls::call(JavaValue*, methodHandle, JavaCallArguments*, Thread*)+0x28
V  [libjvm.so+0x88920f]  Reflection::invoke(instanceKlassHandle, methodHandle, Handle, bool, objArrayHandle, BasicType, objArrayHandle, bool, Thread*)+0x47f
V  [libjvm.so+0x889fc0]  Reflection::invoke_method(oopDesc*, Handle, objArrayHandle, Thread*)+0x160
V  [libjvm.so+0x67faf4]  JVM_InvokeMethod+0x224
j  sun.reflect.NativeMethodAccessorImpl.invoke0(Ljava/lang/reflect/Method;Ljava/lang/Object;[Ljava/lang/Object;)Ljava/lang/Object;+0
j  sun.reflect.NativeMethodAccessorImpl.invoke(Ljava/lang/Object;[Ljava/lang/Object;)Ljava/lang/Object;+87
j  sun.reflect.DelegatingMethodAccessorImpl.invoke(Ljava/lang/Object;[Ljava/lang/Object;)Ljava/lang/Object;+6
j  java.lang.reflect.Method.invoke(Ljava/lang/Object;[Ljava/lang/Object;)Ljava/lang/Object;+57

Java frames: (J=compiled Java code, j=interpreted, Vv=VM code)
J  org.voltdb.jni.ExecutionEngine.nativeExecutePlanFragments(JI[J[JJJJJ)I
j  org.voltdb.jni.ExecutionEngineJNI.coreExecutePlanFragments(I[J[J[Ljava/lang/Object;JJJJ)[Lorg/voltdb/VoltTable;+336
J  org.voltdb.jni.ExecutionEngine.executePlanFragments(I[J[J[Ljava/lang/Object;JJJJ)[Lorg/voltdb/VoltTable;
j  org.voltdb.iv2.Site.executePlanFragments(I[J[J[Ljava/lang/Object;JJZ)[Lorg/voltdb/VoltTable;+32
j  org.voltdb.ProcedureRunner.fastPath(Ljava/util/List;)[Lorg/voltdb/VoltTable;+156
j  org.voltdb.ProcedureRunner.executeQueriesInABatch(Ljava/util/List;Z)[Lorg/voltdb/VoltTable;+116
j  org.voltdb.ProcedureRunner.voltExecuteSQL(Z)[Lorg/voltdb/VoltTable;+116
j  org.voltdb.VoltProcedure.voltExecuteSQL(Z)[Lorg/voltdb/VoltTable;+5
j  org.voltdb.VoltProcedure.voltExecuteSQL()[Lorg/voltdb/VoltTable;+2
j  BLE_FindRulesForCheckID.run(Ljava/lang/String;Ljava/lang/String;)[Lorg/voltdb/VoltTable;+17
v  ~StubRoutines::call_stub
j  sun.reflect.NativeMethodAccessorImpl.invoke0(Ljava/lang/reflect/Method;Ljava/lang/Object;[Ljava/lang/Object;)Ljava/lang/Object;+0
j  sun.reflect.NativeMethodAccessorImpl.invoke(Ljava/lang/Object;[Ljava/lang/Object;)Ljava/lang/Object;+87
j  sun.reflect.DelegatingMethodAccessorImpl.invoke(Ljava/lang/Object;[Ljava/lang/Object;)Ljava/lang/Object;+6
j  java.lang.reflect.Method.invoke(Ljava/lang/Object;[Ljava/lang/Object;)Ljava/lang/Object;+57
J  org.voltdb.ProcedureRunner.call([Ljava/lang/Object;)Lorg/voltdb/ClientResponseImpl;
j  org.voltdb.iv2.ProcedureTask.processInitiateTask(Lorg/voltdb/messaging/Iv2InitiateTaskMessage;Lorg/voltdb/SiteProcedureConnection;)Lorg/voltdb/messaging/InitiateResponseMessage;+263
J  org.voltdb.iv2.SpProcedureTask.run(Lorg/voltdb/SiteProcedureConnection;)V
J  org.voltdb.iv2.Site.run()V
j  java.lang.Thread.run()V+11
v  ~StubRoutines::call_stub

---------------  P R O C E S S  ---------------

Java Threads: ( => current thread )
  0x00007f95c804c800 JavaThread "Client authenticator - 1" daemon [_thread_blocked, id=53210, stack(0x00007f95ecaee000,0x00007f95ecb2f000)]
  0x00007f95c805a000 JavaThread "SystemCatalogAgent" daemon [_thread_blocked, id=53209, stack(0x00007f95ec028000,0x00007f95ec069000)]
  0x00007f95c804d800 JavaThread "StatsAgent" daemon [_thread_blocked, id=53208, stack(0x00007f95ecaad000,0x00007f95ecaee000)]
  0x00007f95fc01f800 JavaThread "AdminPort connection acceptor" daemon [_thread_in_native, id=53205, stack(0x00007f95c3e09000,0x00007f95c3e4a000)]
  0x00007f95fc01e000 JavaThread "ClientPort connection acceptor" daemon [_thread_in_native, id=53204, stack(0x00007f96093f0000,0x00007f9609431000)]
  0x00007f9614009000 JavaThread "DestroyJavaVM" [_thread_blocked, id=53150, stack(0x00007f9618577000,0x00007f9618678000)]
  0x00007f96154f9800 JavaThread "SnapshotDaemon" daemon [_thread_blocked, id=53199, stack(0x00007f95c3e4a000,0x00007f95c3e8b000)]
  0x00007f96154cf800 JavaThread "Periodic Work" daemon [_thread_blocked, id=53196, stack(0x00007f95c6237000,0x00007f95c6278000)]
  0x00007f96154cf000 JavaThread "SnapshotCompletionMonitor" daemon [_thread_blocked, id=53195, stack(0x00007f95c6278000,0x00007f95c62b9000)]
  0x00007f96154c7800 JavaThread "RO MP Iv2ExecutionSite - 0:3 - 0" daemon [_thread_blocked, id=53189, stack(0x00007f95c14df000,0x00007f95c1560000)]
  0x00007f9615213800 JavaThread "Iv2ExecutionSite: 0:3" [_thread_blocked, id=53188, stack(0x00007f95c34c5000,0x00007f95c35c6000)]
  0x00007f9614f5f800 JavaThread "Iv2ExecutionSite: 0:2" [_thread_blocked, id=53187, stack(0x00007f95c5ed0000,0x00007f95c5fd1000)]
  0x000000000240a000 JavaThread "process reaper" daemon [_thread_blocked, id=53185, stack(0x00007f95ecb91000,0x00007f95ecbca000)]
  0x00007f9614ca0000 JavaThread "Iv2ExecutionSite: 0:1" [_thread_blocked, id=53183, stack(0x00007f9608020000,0x00007f9608121000)]
=>0x00007f96149ec800 JavaThread "Iv2ExecutionSite: 0:0" [_thread_in_native, id=53181, stack(0x00007f960926d000,0x00007f960936e000)]
  0x00007f961429d000 JavaThread "Periodic Priority Work" daemon [_thread_blocked, id=53180, stack(0x00007f960936e000,0x00007f96093af000)]
  0x00007f961470c000 JavaThread "qtp1432109380-27 Acceptor0 SocketConnector@0.0.0.0:8080" [_thread_in_native, id=53177, stack(0x00007f9609431000,0x00007f9609532000)]
  0x00007f9614646800 JavaThread "MpInitiator send" [_thread_blocked, id=53176, stack(0x00007f9609532000,0x00007f960956b000)]
  0x00007f9614645800 JavaThread "MpInitiator deliver" [_thread_blocked, id=53175, stack(0x00007f960956b000,0x00007f96095a4000)]
  0x00007f961461b000 JavaThread "Fault Distributor" daemon [_thread_blocked, id=53168, stack(0x00007f960972a000,0x00007f960982b000)]
  0x00007f9614371000 JavaThread "main-EventThread" daemon [_thread_blocked, id=53167, stack(0x00007f960982b000,0x00007f960992c000)]
  0x00007f9614370800 JavaThread "main-SendThread(localhost:2181)" daemon [_thread_in_native, id=53166, stack(0x00007f960992c000,0x00007f9609a2d000)]
  0x00007f961434a000 JavaThread "ZooKeeperServer" [_thread_blocked, id=53165, stack(0x00007f9609c35000,0x00007f9609d36000)]
  0x00007f9614348000 JavaThread "NIOServerCxn.Factory:/127.0.0.1:2181" daemon [_thread_in_native, id=53164, stack(0x00007f9609d36000,0x00007f9609e37000)]
  0x00007f96142ef000 JavaThread "Volt Network - 1" daemon [_thread_in_native, id=53163, stack(0x00007f9609e37000,0x00007f9609f38000)]
  0x00007f96142ed800 JavaThread "Volt Network - 0" daemon [_thread_in_native, id=53162, stack(0x00007f9609f38000,0x00007f960a039000)]
  0x00007f96142eb000 JavaThread "Socket Joiner" daemon [_thread_in_native, id=53161, stack(0x00007f960a039000,0x00007f960a07a000)]
  0x00007f9614091800 JavaThread "Service Thread" daemon [_thread_blocked, id=53159, stack(0x00007f960a8fb000,0x00007f960a9fc000)]
  0x00007f961408f000 JavaThread "C2 CompilerThread1" daemon [_thread_blocked, id=53158, stack(0x00007f960a9fc000,0x00007f960aafd000)]
  0x00007f961408c000 JavaThread "C2 CompilerThread0" daemon [_thread_blocked, id=53157, stack(0x00007f960aafd000,0x00007f960abfe000)]
  0x00007f9614082000 JavaThread "Signal Dispatcher" daemon [_thread_blocked, id=53156, stack(0x00007f960abfe000,0x00007f960acff000)]
  0x00007f961406a800 JavaThread "Finalizer" daemon [_thread_blocked, id=53155, stack(0x00007f960acff000,0x00007f960ae00000)]
  0x00007f9614066800 JavaThread "Reference Handler" daemon [_thread_blocked, id=53154, stack(0x00007f960ae00000,0x00007f960af01000)]

Other Threads:
  0x00007f9614064800 VMThread [stack: 0x00007f960af01000,0x00007f960b002000] [id=53153]
  0x00007f96140a4000 WatcherThread [stack: 0x00007f960a7fa000,0x00007f960a8fb000] [id=53160]

VM state:not at safepoint (normal execution)

VM Mutex/Monitor currently owned by a thread: None

Heap
 PSYoungGen      total 493568K, used 245646K [0x00000007d5500000, 0x00000007f6800000, 0x0000000800000000)
  eden space 485888K, 48% used [0x00000007d5500000,0x00000007e3d68898,0x00000007f2f80000)
  from space 7680K, 99% used [0x00000007f3880000,0x00000007f3ffaff0,0x00000007f4000000)
  to   space 9216K, 0% used [0x00000007f2f80000,0x00000007f2f80000,0x00000007f3880000)
 ParOldGen       total 46592K, used 23148K [0x0000000780000000, 0x0000000782d80000, 0x00000007d5500000)
  object space 46592K, 49% used [0x0000000780000000,0x000000078169b308,0x0000000782d80000)
 PSPermGen       total 43520K, used 24829K [0x000000077ae00000, 0x000000077d880000, 0x0000000780000000)
  object space 43520K, 57% used [0x000000077ae00000,0x000000077c63f4e8,0x000000077d880000)

Card table byte_map: [0x00007f96107ad000,0x00007f9610bd7000] byte_map_base: 0x00007f960cbd6000

Polling page: 0x00007f9619707000

Code Cache  [0x00007f9610bd7000, 0x00007f9610e67000, 0x00007f9613bd7000)
 total_blobs=1387 nmethods=928 adapters=412 free_code_cache=46626Kb largest_free_block=47701952

Compilation events (10 events):
Event: 42.460 Thread 0x00007f961408c000 nmethod 970 0x00007f9610e4b4d0 code [0x00007f9610e4b9c0, 0x00007f9610e4e438]
Event: 42.488 Thread 0x00007f961408c000  984             org.voltdb.VoltType::isNullVoltType (306 bytes)
Event: 42.491 Thread 0x00007f961408c000 nmethod 984 0x00007f9610e4a910 code [0x00007f9610e4aae0, 0x00007f9610e4af88]
Event: 42.544 Thread 0x00007f961408f000 nmethod 983 0x00007f9610e51850 code [0x00007f9610e51fe0, 0x00007f9610e56560]
Event: 42.548 Thread 0x00007f961408c000  985   !         org.voltdb.VoltTable::add (74 bytes)
Event: 42.569 Thread 0x00007f961408c000 nmethod 985 0x00007f9610e46910 code [0x00007f9610e46b60, 0x00007f9610e476b0]
Event: 42.675 Thread 0x00007f961408f000  986             org.voltdb.VoltTableRow::getString (12 bytes)
Event: 42.679 Thread 0x00007f961408f000 nmethod 986 0x00007f9610e45d90 code [0x00007f9610e45f40, 0x00007f9610e46268]
Event: 45.679 Thread 0x00007f961408c000  987             java.util.HashMap$KeySet::iterator (8 bytes)
Event: 45.683 Thread 0x00007f961408c000 nmethod 987 0x00007f9610e45590 code [0x00007f9610e45700, 0x00007f9610e45a98]

GC Heap History (10 events):
Event: 2.050 GC heap before
{Heap before GC invocations=13 (full 0):
 PSYoungGen      total 247808K, used 244736K [0x00000007d5500000, 0x00000007e4d00000, 0x0000000800000000)
  eden space 241664K, 99% used [0x00000007d5500000,0x00000007e3ff0228,0x00000007e4100000)
  from space 6144K, 67% used [0x00000007e4700000,0x00000007e4b10010,0x00000007e4d00000)
  to   space 6144K, 0% used [0x00000007e4100000,0x00000007e4100000,0x00000007e4700000)
 ParOldGen       total 70144K, used 58544K [0x0000000780000000, 0x0000000784480000, 0x00000007d5500000)
  object space 70144K, 83% used [0x0000000780000000,0x000000078392c010,0x0000000784480000)
 PSPermGen       total 22016K, used 21711K [0x000000077ae00000, 0x000000077c380000, 0x0000000780000000)
  object space 22016K, 98% used [0x000000077ae00000,0x000000077c333f60,0x000000077c380000)
Event: 2.056 GC heap after
Heap after GC invocations=13 (full 0):
 PSYoungGen      total 247808K, used 6130K [0x00000007d5500000, 0x00000007ee000000, 0x0000000800000000)
  eden space 241664K, 0% used [0x00000007d5500000,0x00000007d5500000,0x00000007e4100000)
  from space 6144K, 99% used [0x00000007e4100000,0x00000007e46fcad0,0x00000007e4700000)
  to   space 8704K, 0% used [0x00000007ed780000,0x00000007ed780000,0x00000007ee000000)
 ParOldGen       total 70144K, used 62830K [0x0000000780000000, 0x0000000784480000, 0x00000007d5500000)
  object space 70144K, 89% used [0x0000000780000000,0x0000000783d5bb90,0x0000000784480000)
 PSPermGen       total 22016K, used 21711K [0x000000077ae00000, 0x000000077c380000, 0x0000000780000000)
  object space 22016K, 98% used [0x000000077ae00000,0x000000077c333f60,0x000000077c380000)
}
Event: 2.056 GC heap before
{Heap before GC invocations=14 (full 1):
 PSYoungGen      total 247808K, used 6130K [0x00000007d5500000, 0x00000007ee000000, 0x0000000800000000)
  eden space 241664K, 0% used [0x00000007d5500000,0x00000007d5500000,0x00000007e4100000)
  from space 6144K, 99% used [0x00000007e4100000,0x00000007e46fcad0,0x00000007e4700000)
  to   space 8704K, 0% used [0x00000007ed780000,0x00000007ed780000,0x00000007ee000000)
 ParOldGen       total 70144K, used 62830K [0x0000000780000000, 0x0000000784480000, 0x00000007d5500000)
  object space 70144K, 89% used [0x0000000780000000,0x0000000783d5bb90,0x0000000784480000)
 PSPermGen       total 22016K, used 21711K [0x000000077ae00000, 0x000000077c380000, 0x0000000780000000)
  object space 22016K, 98% used [0x000000077ae00000,0x000000077c333f60,0x000000077c380000)
Event: 2.147 GC heap after
Heap after GC invocations=14 (full 1):
 PSYoungGen      total 247808K, used 0K [0x00000007d5500000, 0x00000007ee000000, 0x0000000800000000)
  eden space 241664K, 0% used [0x00000007d5500000,0x00000007d5500000,0x00000007e4100000)
  from space 6144K, 0% used [0x00000007e4100000,0x00000007e4100000,0x00000007e4700000)
  to   space 8704K, 0% used [0x00000007ed780000,0x00000007ed780000,0x00000007ee000000)
 ParOldGen       total 46592K, used 21783K [0x0000000780000000, 0x0000000782d80000, 0x00000007d5500000)
  object space 46592K, 46% used [0x0000000780000000,0x0000000781545d10,0x0000000782d80000)
 PSPermGen       total 43520K, used 21703K [0x000000077ae00000, 0x000000077d880000, 0x0000000780000000)
  object space 43520K, 49% used [0x000000077ae00000,0x000000077c331f78,0x000000077d880000)
}
Event: 2.190 GC heap before
{Heap before GC invocations=15 (full 1):
 PSYoungGen      total 247808K, used 236181K [0x00000007d5500000, 0x00000007ee000000, 0x0000000800000000)
  eden space 241664K, 97% used [0x00000007d5500000,0x00000007e3ba57d0,0x00000007e4100000)
  from space 6144K, 0% used [0x00000007e4100000,0x00000007e4100000,0x00000007e4700000)
  to   space 8704K, 0% used [0x00000007ed780000,0x00000007ed780000,0x00000007ee000000)
 ParOldGen       total 46592K, used 21783K [0x0000000780000000, 0x0000000782d80000, 0x00000007d5500000)
  object space 46592K, 46% used [0x0000000780000000,0x0000000781545d10,0x0000000782d80000)
 PSPermGen       total 43520K, used 21704K [0x000000077ae00000, 0x000000077d880000, 0x0000000780000000)
  object space 43520K, 49% used [0x000000077ae00000,0x000000077c332200,0x000000077d880000)
Event: 2.193 GC heap after
Heap after GC invocations=15 (full 1):
 PSYoungGen      total 350720K, used 4160K [0x00000007d5500000, 0x00000007edc00000, 0x0000000800000000)
  eden space 346112K, 0% used [0x00000007d5500000,0x00000007d5500000,0x00000007ea700000)
  from space 4608K, 90% used [0x00000007ed780000,0x00000007edb90010,0x00000007edc00000)
  to   space 8192K, 0% used [0x00000007ecc00000,0x00000007ecc00000,0x00000007ed400000)
 ParOldGen       total 46592K, used 21783K [0x0000000780000000, 0x0000000782d80000, 0x00000007d5500000)
  object space 46592K, 46% used [0x0000000780000000,0x0000000781545d10,0x0000000782d80000)
 PSPermGen       total 43520K, used 21704K [0x000000077ae00000, 0x000000077d880000, 0x0000000780000000)
  object space 43520K, 49% used [0x000000077ae00000,0x000000077c332200,0x000000077d880000)
}
Event: 2.254 GC heap before
{Heap before GC invocations=16 (full 1):
 PSYoungGen      total 350720K, used 348453K [0x00000007d5500000, 0x00000007edc00000, 0x0000000800000000)
  eden space 346112K, 99% used [0x00000007d5500000,0x00000007ea539718,0x00000007ea700000)
  from space 4608K, 90% used [0x00000007ed780000,0x00000007edb90010,0x00000007edc00000)
  to   space 8192K, 0% used [0x00000007ecc00000,0x00000007ecc00000,0x00000007ed400000)
 ParOldGen       total 46592K, used 21783K [0x0000000780000000, 0x0000000782d80000, 0x00000007d5500000)
  object space 46592K, 46% used [0x0000000780000000,0x0000000781545d10,0x0000000782d80000)
 PSPermGen       total 43520K, used 21704K [0x000000077ae00000, 0x000000077d880000, 0x0000000780000000)
  object space 43520K, 49% used [0x000000077ae00000,0x000000077c332220,0x000000077d880000)
Event: 2.256 GC heap after
Heap after GC invocations=16 (full 1):
 PSYoungGen      total 392192K, used 4160K [0x00000007d5500000, 0x00000007f4000000, 0x0000000800000000)
  eden space 384000K, 0% used [0x00000007d5500000,0x00000007d5500000,0x00000007ecc00000)
  from space 8192K, 50% used [0x00000007ecc00000,0x00000007ed010010,0x00000007ed400000)
  to   space 7680K, 0% used [0x00000007f3880000,0x00000007f3880000,0x00000007f4000000)
 ParOldGen       total 46592K, used 21823K [0x0000000780000000, 0x0000000782d80000, 0x00000007d5500000)
  object space 46592K, 46% used [0x0000000780000000,0x000000078154fd10,0x0000000782d80000)
 PSPermGen       total 43520K, used 21704K [0x000000077ae00000, 0x000000077d880000, 0x0000000780000000)
  object space 43520K, 49% used [0x000000077ae00000,0x000000077c332220,0x000000077d880000)
}
Event: 27.509 GC heap before
{Heap before GC invocations=17 (full 1):
 PSYoungGen      total 392192K, used 388160K [0x00000007d5500000, 0x00000007f4000000, 0x0000000800000000)
  eden space 384000K, 100% used [0x00000007d5500000,0x00000007ecc00000,0x00000007ecc00000)
  from space 8192K, 50% used [0x00000007ecc00000,0x00000007ed010010,0x00000007ed400000)
  to   space 7680K, 0% used [0x00000007f3880000,0x00000007f3880000,0x00000007f4000000)
 ParOldGen       total 46592K, used 21823K [0x0000000780000000, 0x0000000782d80000, 0x00000007d5500000)
  object space 46592K, 46% used [0x0000000780000000,0x000000078154fd10,0x0000000782d80000)
 PSPermGen       total 43520K, used 24301K [0x000000077ae00000, 0x000000077d880000, 0x0000000780000000)
  object space 43520K, 55% used [0x000000077ae00000,0x000000077c5bb448,0x000000077d880000)
Event: 27.519 GC heap after
Heap after GC invocations=17 (full 1):
 PSYoungGen      total 493568K, used 7659K [0x00000007d5500000, 0x00000007f6800000, 0x0000000800000000)
  eden space 485888K, 0% used [0x00000007d5500000,0x00000007d5500000,0x00000007f2f80000)
  from space 7680K, 99% used [0x00000007f3880000,0x00000007f3ffaff0,0x00000007f4000000)
  to   space 9216K, 0% used [0x00000007f2f80000,0x00000007f2f80000,0x00000007f3880000)
 ParOldGen       total 46592K, used 23148K [0x0000000780000000, 0x0000000782d80000, 0x00000007d5500000)
  object space 46592K, 49% used [0x0000000780000000,0x000000078169b308,0x0000000782d80000)
 PSPermGen       total 43520K, used 24301K [0x000000077ae00000, 0x000000077d880000, 0x0000000780000000)
  object space 43520K, 55% used [0x000000077ae00000,0x000000077c5bb448,0x000000077d880000)
}

Deoptimization events (10 events):
Event: 42.176 Thread 0x00007f96142ed800 Uncommon trap: reason=unreached action=reinterpret pc=0x00007f9610d21444 method=org.cliffc_voltpatches.high_scale_lib.NonBlockingHashMap.get_impl(Lorg/cliffc_voltpatches/high_scale_lib/NonBlockingHashMap;[Ljava/lang/Object;Ljava/lang/Object;)Ljava/lang/Ob
Event: 42.177 Thread 0x00007f96149ec800 Uncommon trap: reason=class_check action=maybe_recompile pc=0x00007f9610d5c2f8 method=org.voltdb.ParameterSet.flattenToBuffer(Ljava/nio/ByteBuffer;)V @ 7
Event: 42.177 Thread 0x00007f96149ec800 Uncommon trap: reason=unreached action=reinterpret pc=0x00007f9610daa510 method=org.voltdb.ProcedureRunner.fastPath(Ljava/util/List;)[Lorg/voltdb/VoltTable; @ 96
Event: 42.177 Thread 0x00007f96149ec800 Uncommon trap: reason=unreached action=reinterpret pc=0x00007f9610d797cc method=org.voltdb.jni.ExecutionEngineJNI.coreExecutePlanFragments(I[J[J[Ljava/lang/Object;JJJJ)[Lorg/voltdb/VoltTable; @ 128
Event: 42.178 Thread 0x00007f96149ec800 Uncommon trap: reason=unreached action=reinterpret pc=0x00007f9610e04524 method=org.voltdb.dtxn.TransactionState.setHash(Ljava/lang/Integer;)V @ 2
Event: 42.178 Thread 0x00007f96149ec800 Uncommon trap: reason=class_check action=maybe_recompile pc=0x00007f9610d5c2f8 method=org.voltdb.ParameterSet.flattenToBuffer(Ljava/nio/ByteBuffer;)V @ 7
Event: 42.178 Thread 0x00007f96149ec800 Uncommon trap: reason=unreached action=reinterpret pc=0x00007f9610da90a8 method=org.voltdb.ProcedureRunner.fastPath(Ljava/util/List;)[Lorg/voltdb/VoltTable; @ 96
Event: 42.178 Thread 0x00007f96149ec800 Uncommon trap: reason=unreached action=reinterpret pc=0x00007f9610dedc94 method=org.voltdb.dtxn.TransactionState.setHash(Ljava/lang/Integer;)V @ 2
Event: 42.178 Thread 0x00007f96142ed800 Uncommon trap: reason=unreached action=reinterpret pc=0x00007f9610d71818 method=org.voltcore.network.NIOWriteStream.swapAndSerializeQueuedWrites(Lorg/voltcore/network/NetworkDBBPool;)V @ 265
Event: 42.178 Thread 0x00007f96149ec800 Uncommon trap: reason=class_check action=maybe_recompile pc=0x00007f9610d5c2f8 method=org.voltdb.ParameterSet.flattenToBuffer(Ljava/nio/ByteBuffer;)V @ 7

Internal exceptions (10 events):
Event: 31.513 Thread 0x00007f96149ec800 Threw 0x00000007da47a298 at /HUDSON/workspace/7u-2-build-linux-amd64@2/jdk7u51/527/hotspot/src/share/vm/prims/jvm.cpp:1244
Event: 33.036 Thread 0x00007f96154cf800 Threw 0x00000007d87326e0 at /HUDSON/workspace/7u-2-build-linux-amd64@2/jdk7u51/527/hotspot/src/share/vm/prims/jni.cpp:717
Event: 37.493 Thread 0x00007f95c804c800 Implicit null exception at 0x00007f9610c731d3 to 0x00007f9610c732e1
Event: 38.037 Thread 0x00007f96154cf800 Threw 0x00000007d873ac00 at /HUDSON/workspace/7u-2-build-linux-amd64@2/jdk7u51/527/hotspot/src/share/vm/prims/jni.cpp:717
Event: 42.045 Thread 0x00007f96142ed800 Implicit null exception at 0x00007f9610d8ec8c to 0x00007f9610d90e31
Event: 42.046 Thread 0x00007f95c805a000 Implicit null exception at 0x00007f9610d610cc to 0x00007f9610d61115
Event: 42.046 Thread 0x00007f95c805a000 Implicit null exception at 0x00007f9610d8daef to 0x00007f9610d8df29
Event: 42.176 Thread 0x00007f96142ed800 Implicit null exception at 0x00007f9610e078c0 to 0x00007f9610e07b75
Event: 43.037 Thread 0x00007f96154cf800 Threw 0x00000007d8743120 at /HUDSON/workspace/7u-2-build-linux-amd64@2/jdk7u51/527/hotspot/src/share/vm/prims/jni.cpp:717
Event: 48.038 Thread 0x00007f96154cf800 Threw 0x00000007d874b620 at /HUDSON/workspace/7u-2-build-linux-amd64@2/jdk7u51/527/hotspot/src/share/vm/prims/jni.cpp:717

Events (10 events):
Event: 42.178 Thread 0x00007f96149ec800 Uncommon trap: trap_request=0xffffffde fr.pc=0x00007f9610d5c2f8
Event: 42.178 Thread 0x00007f96149ec800 DEOPT PACKING pc=0x00007f9610d5c2f8 sp=0x00007f960936bcb0
Event: 42.178 Thread 0x00007f96149ec800 DEOPT UNPACKING pc=0x00007f9610c10445 sp=0x00007f960936bc70 mode 2
Event: 42.194 Executing VM operation: RevokeBias
Event: 42.194 Executing VM operation: RevokeBias done
Event: 42.195 Executing VM operation: RevokeBias
Event: 42.196 Executing VM operation: RevokeBias done
Event: 43.039 Executing VM operation: RevokeBias
Event: 43.040 Executing VM operation: RevokeBias done
Event: 43.040 Thread 0x00007f95d400d800 Thread exited: 0x00007f95d400d800


Dynamic libraries:
00400000-00401000 r-xp 00000000 fd:00 1065628                            /usr/java/jdk1.7.0_51/jre/bin/java
00600000-00601000 rw-p 00000000 fd:00 1065628                            /usr/java/jdk1.7.0_51/jre/bin/java
02345000-0296d000 rw-p 00000000 00:00 0                                  [heap]
77ae00000-77d880000 rw-p 00000000 00:00 0 
77d880000-780000000 rw-p 00000000 00:00 0 
780000000-782d80000 rw-p 00000000 00:00 0 
782d80000-784480000 ---p 00000000 00:00 0 
784480000-7d5500000 rw-p 00000000 00:00 0 
7d5500000-7f6800000 rw-p 00000000 00:00 0 
7f6800000-800000000 rw-p 00000000 00:00 0 
37bda00000-37bda20000 r-xp 00000000 fd:00 141526                         /lib64/ld-2.12.so
37bdc1f000-37bdc20000 r--p 0001f000 fd:00 141526                         /lib64/ld-2.12.so
37bdc20000-37bdc21000 rw-p 00020000 fd:00 141526                         /lib64/ld-2.12.so
37bdc21000-37bdc22000 rw-p 00000000 00:00 0 
37bde00000-37bde02000 r-xp 00000000 fd:00 141530                         /lib64/libdl-2.12.so
37bde02000-37be002000 ---p 00002000 fd:00 141530                         /lib64/libdl-2.12.so
37be002000-37be003000 r--p 00002000 fd:00 141530                         /lib64/libdl-2.12.so
37be003000-37be004000 rw-p 00003000 fd:00 141530                         /lib64/libdl-2.12.so
37be200000-37be38b000 r-xp 00000000 fd:00 141527                         /lib64/libc-2.12.so
37be38b000-37be58a000 ---p 0018b000 fd:00 141527                         /lib64/libc-2.12.so
37be58a000-37be58e000 r--p 0018a000 fd:00 141527                         /lib64/libc-2.12.so
37be58e000-37be58f000 rw-p 0018e000 fd:00 141527                         /lib64/libc-2.12.so
37be58f000-37be594000 rw-p 00000000 00:00 0 
37be600000-37be617000 r-xp 00000000 fd:00 141528                         /lib64/libpthread-2.12.so
37be617000-37be817000 ---p 00017000 fd:00 141528                         /lib64/libpthread-2.12.so
37be817000-37be818000 r--p 00017000 fd:00 141528                         /lib64/libpthread-2.12.so
37be818000-37be819000 rw-p 00018000 fd:00 141528                         /lib64/libpthread-2.12.so
37be819000-37be81d000 rw-p 00000000 00:00 0 
37bea00000-37bea83000 r-xp 00000000 fd:00 141558                         /lib64/libm-2.12.so
37bea83000-37bec82000 ---p 00083000 fd:00 141558                         /lib64/libm-2.12.so
37bec82000-37bec83000 r--p 00082000 fd:00 141558                         /lib64/libm-2.12.so
37bec83000-37bec84000 rw-p 00083000 fd:00 141558                         /lib64/libm-2.12.so
37bee00000-37bee07000 r-xp 00000000 fd:00 141529                         /lib64/librt-2.12.so
37bee07000-37bf006000 ---p 00007000 fd:00 141529                         /lib64/librt-2.12.so
37bf006000-37bf007000 r--p 00006000 fd:00 141529                         /lib64/librt-2.12.so
37bf007000-37bf008000 rw-p 00007000 fd:00 141529                         /lib64/librt-2.12.so
37bfe00000-37bfe16000 r-xp 00000000 fd:00 141535                         /lib64/libresolv-2.12.so
37bfe16000-37c0016000 ---p 00016000 fd:00 141535                         /lib64/libresolv-2.12.so
37c0016000-37c0017000 r--p 00016000 fd:00 141535                         /lib64/libresolv-2.12.so
37c0017000-37c0018000 rw-p 00017000 fd:00 141535                         /lib64/libresolv-2.12.so
37c0018000-37c001a000 rw-p 00000000 00:00 0 
37c9200000-37c9216000 r-xp 00000000 fd:00 131249                         /lib64/libgcc_s-4.4.7-20120601.so.1
37c9216000-37c9415000 ---p 00016000 fd:00 131249                         /lib64/libgcc_s-4.4.7-20120601.so.1
37c9415000-37c9416000 rw-p 00015000 fd:00 131249                         /lib64/libgcc_s-4.4.7-20120601.so.1
37ca200000-37ca2e8000 r-xp 00000000 fd:00 789619                         /usr/lib64/libstdc++.so.6.0.13
37ca2e8000-37ca4e8000 ---p 000e8000 fd:00 789619                         /usr/lib64/libstdc++.so.6.0.13
37ca4e8000-37ca4ef000 r--p 000e8000 fd:00 789619                         /usr/lib64/libstdc++.so.6.0.13
37ca4ef000-37ca4f1000 rw-p 000ef000 fd:00 789619                         /usr/lib64/libstdc++.so.6.0.13
37ca4f1000-37ca506000 rw-p 00000000 00:00 0 
7f95b8b4f000-7f95c01b5000 rw-p 00000000 00:00 0 
7f95c01b5000-7f95c01b8000 ---p 00000000 00:00 0 
7f95c01b8000-7f95c02b6000 rw-p 00000000 00:00 0 
7f95c02b6000-7f95c02b9000 ---p 00000000 00:00 0 
7f95c02b9000-7f95c13bf000 rw-p 00000000 00:00 0 
7f95c13c9000-7f95c13de000 r-xp 00000000 fd:00 401948                     /tmp/jna7957204289619462729.tmp
7f95c13de000-7f95c14dd000 ---p 00015000 fd:00 401948                     /tmp/jna7957204289619462729.tmp
7f95c14dd000-7f95c14df000 rw-p 00014000 fd:00 401948                     /tmp/jna7957204289619462729.tmp
7f95c14df000-7f95c14e2000 ---p 00000000 00:00 0 
7f95c14e2000-7f95c34c5000 rw-p 00000000 00:00 0 
7f95c34c5000-7f95c34c8000 ---p 00000000 00:00 0 
7f95c34c8000-7f95c3dca000 rw-p 00000000 00:00 0 
7f95c3dd8000-7f95c3e09000 rw-p 00000000 00:00 0 
7f95c3e09000-7f95c3e0c000 ---p 00000000 00:00 0 
7f95c3e0c000-7f95c3e4a000 rw-p 00000000 00:00 0 
7f95c3e4a000-7f95c3e4d000 ---p 00000000 00:00 0 
7f95c3e4d000-7f95c3e8b000 rw-p 00000000 00:00 0 
7f95c3e8b000-7f95c3e8e000 ---p 00000000 00:00 0 
7f95c3e8e000-7f95c5ed0000 rw-p 00000000 00:00 0 
7f95c5ed0000-7f95c5ed3000 ---p 00000000 00:00 0 
7f95c5ed3000-7f95c5fd1000 rw-p 00000000 00:00 0 
7f95c5fd1000-7f95c6005000 r-xp 00000000 fd:00 400332                     /tmp/snappy-1.1.0.1-0da35709-e0b7-499e-bdae-50c47021beaf-libsnappyjava.so
7f95c6005000-7f95c6204000 ---p 00034000 fd:00 400332                     /tmp/snappy-1.1.0.1-0da35709-e0b7-499e-bdae-50c47021beaf-libsnappyjava.so
7f95c6204000-7f95c6207000 rw-p 00033000 fd:00 400332                     /tmp/snappy-1.1.0.1-0da35709-e0b7-499e-bdae-50c47021beaf-libsnappyjava.so
7f95c6207000-7f95c6219000 rw-p 00000000 00:00 0 
7f95c6237000-7f95c623a000 ---p 00000000 00:00 0 
7f95c623a000-7f95c6278000 rw-p 00000000 00:00 0 
7f95c6278000-7f95c627b000 ---p 00000000 00:00 0 
7f95c627b000-7f95c62b9000 rw-p 00000000 00:00 0 
7f95c62b9000-7f95c62bc000 ---p 00000000 00:00 0 
7f95c62bc000-7f95c8000000 rw-p 00000000 00:00 0 
7f95c8000000-7f95c85a0000 rw-p 00000000 00:00 0 
7f95c85a0000-7f95cc000000 ---p 00000000 00:00 0 
7f95cc000000-7f95cc099000 rw-p 00000000 00:00 0 
7f95cc099000-7f95d0000000 ---p 00000000 00:00 0 
7f95d0000000-7f95d0021000 rw-p 00000000 00:00 0 
7f95d0021000-7f95d4000000 ---p 00000000 00:00 0 
7f95d4000000-7f95d4038000 rw-p 00000000 00:00 0 
7f95d4038000-7f95d8000000 ---p 00000000 00:00 0 
7f95d8000000-7f95d856f000 rw-p 00000000 00:00 0 
7f95d856f000-7f95dc000000 ---p 00000000 00:00 0 
7f95dc000000-7f95dc5ae000 rw-p 00000000 00:00 0 
7f95dc5ae000-7f95e0000000 ---p 00000000 00:00 0 
7f95e0000000-7f95e08b9000 rw-p 00000000 00:00 0 
7f95e08b9000-7f95e4000000 ---p 00000000 00:00 0 
7f95e4000000-7f95e4ba6000 rw-p 00000000 00:00 0 
7f95e4ba6000-7f95e8000000 ---p 00000000 00:00 0 
7f95e8000000-7f95e8021000 rw-p 00000000 00:00 0 
7f95e8021000-7f95ec000000 ---p 00000000 00:00 0 
7f95ec007000-7f95ec028000 rw-p 00000000 00:00 0 
7f95ec028000-7f95ec02b000 ---p 00000000 00:00 0 
7f95ec02b000-7f95ec069000 rw-p 00000000 00:00 0 
7f95ec069000-7f95ec06c000 ---p 00000000 00:00 0 
7f95ec06c000-7f95ecaab000 rw-p 00000000 00:00 0 
7f95ecaad000-7f95ecab0000 ---p 00000000 00:00 0 
7f95ecab0000-7f95ecaee000 rw-p 00000000 00:00 0 
7f95ecaee000-7f95ecaf1000 ---p 00000000 00:00 0 
7f95ecaf1000-7f95ecb2f000 rw-p 00000000 00:00 0 
7f95ecb2f000-7f95ecb32000 ---p 00000000 00:00 0 
7f95ecb32000-7f95ecb91000 rw-p 00000000 00:00 0 
7f95ecb91000-7f95ecb94000 ---p 00000000 00:00 0 
7f95ecb94000-7f95ecc0b000 rw-p 00000000 00:00 0 
7f95ecc0b000-7f95ecc0e000 ---p 00000000 00:00 0 
7f95ecc0e000-7f95ee16f000 rw-p 00000000 00:00 0 
7f95ee16f000-7f95f4000000 r--p 00000000 fd:00 812593                     /usr/lib/locale/locale-archive
7f95f4000000-7f95f4021000 rw-p 00000000 00:00 0 
7f95f4021000-7f95f8000000 ---p 00000000 00:00 0 
7f95f8000000-7f95f8021000 rw-p 00000000 00:00 0 
7f95f8021000-7f95fc000000 ---p 00000000 00:00 0 
7f95fc000000-7f95fc028000 rw-p 00000000 00:00 0 
7f95fc028000-7f9600000000 ---p 00000000 00:00 0 
7f9600000000-7f9600021000 rw-p 00000000 00:00 0 
7f9600021000-7f9604000000 ---p 00000000 00:00 0 
7f9604000000-7f9604055000 rw-p 00000000 00:00 0 
7f9604055000-7f9608000000 ---p 00000000 00:00 0 
7f9608020000-7f9608023000 ---p 00000000 00:00 0 
7f9608023000-7f9608b22000 rw-p 00000000 00:00 0 
7f9608b22000-7f9609051000 r-xp 00000000 fd:00 928293                     /home/thorsten/voltdb-4.0.2.3/voltdb/libvoltdb-4.0.2.3.so
7f9609051000-7f9609250000 ---p 0052f000 fd:00 928293                     /home/thorsten/voltdb-4.0.2.3/voltdb/libvoltdb-4.0.2.3.so
7f9609250000-7f960926c000 rw-p 0052e000 fd:00 928293                     /home/thorsten/voltdb-4.0.2.3/voltdb/libvoltdb-4.0.2.3.so
7f960926c000-7f960926d000 rw-p 00000000 00:00 0 
7f960926d000-7f9609270000 ---p 00000000 00:00 0 
7f9609270000-7f960936e000 rw-p 00000000 00:00 0 
7f960936e000-7f9609371000 ---p 00000000 00:00 0 
7f9609371000-7f96093af000 rw-p 00000000 00:00 0 
7f96093af000-7f96093b2000 ---p 00000000 00:00 0 
7f96093b2000-7f96093f0000 rw-p 00000000 00:00 0 
7f96093f0000-7f96093f3000 ---p 00000000 00:00 0 
7f96093f3000-7f9609431000 rw-p 00000000 00:00 0 
7f9609431000-7f9609434000 ---p 00000000 00:00 0 
7f9609434000-7f9609532000 rw-p 00000000 00:00 0 
7f9609532000-7f9609535000 ---p 00000000 00:00 0 
7f9609535000-7f960956b000 rw-p 00000000 00:00 0 
7f960956b000-7f960956e000 ---p 00000000 00:00 0 
7f960956e000-7f96095a4000 rw-p 00000000 00:00 0 
7f96095a4000-7f96095a7000 ---p 00000000 00:00 0 
7f96095a7000-7f96095e5000 rw-p 00000000 00:00 0 
7f96095e5000-7f96095e8000 ---p 00000000 00:00 0 
7f96095e8000-7f9609626000 rw-p 00000000 00:00 0 
7f9609626000-7f9609629000 ---p 00000000 00:00 0 
7f9609629000-7f9609667000 rw-p 00000000 00:00 0 
7f9609667000-7f960966a000 ---p 00000000 00:00 0 
7f960966a000-7f96096a8000 rw-p 00000000 00:00 0 
7f96096a8000-7f96096ab000 ---p 00000000 00:00 0 
7f96096ab000-7f96096e9000 rw-p 00000000 00:00 0 
7f96096e9000-7f96096ec000 ---p 00000000 00:00 0 
7f96096ec000-7f960972a000 rw-p 00000000 00:00 0 
7f960972a000-7f960972d000 ---p 00000000 00:00 0 
7f960972d000-7f960982b000 rw-p 00000000 00:00 0 
7f960982b000-7f960982e000 ---p 00000000 00:00 0 
7f960982e000-7f960992c000 rw-p 00000000 00:00 0 
7f960992c000-7f960992f000 ---p 00000000 00:00 0 
7f960992f000-7f9609a2d000 rw-p 00000000 00:00 0 
7f9609a2d000-7f9609a35000 r-xp 00000000 fd:00 1065684                    /usr/java/jdk1.7.0_51/jre/lib/amd64/libmanagement.so
7f9609a35000-7f9609c34000 ---p 00008000 fd:00 1065684                    /usr/java/jdk1.7.0_51/jre/lib/amd64/libmanagement.so
7f9609c34000-7f9609c35000 rw-p 00007000 fd:00 1065684                    /usr/java/jdk1.7.0_51/jre/lib/amd64/libmanagement.so
7f9609c35000-7f9609c38000 ---p 00000000 00:00 0 
7f9609c38000-7f9609d36000 rw-p 00000000 00:00 0 
7f9609d36000-7f9609d39000 ---p 00000000 00:00 0 
7f9609d39000-7f9609e37000 rw-p 00000000 00:00 0 
7f9609e37000-7f9609e3a000 ---p 00000000 00:00 0 
7f9609e3a000-7f9609f38000 rw-p 00000000 00:00 0 
7f9609f38000-7f9609f3b000 ---p 00000000 00:00 0 
7f9609f3b000-7f960a039000 rw-p 00000000 00:00 0 
7f960a039000-7f960a03c000 ---p 00000000 00:00 0 
7f960a03c000-7f960a07a000 rw-p 00000000 00:00 0 
7f960a07a000-7f960a07f000 r-xp 00000000 fd:00 131101                     /lib64/libnss_dns-2.12.so
7f960a07f000-7f960a27e000 ---p 00005000 fd:00 131101                     /lib64/libnss_dns-2.12.so
7f960a27e000-7f960a27f000 r--p 00004000 fd:00 131101                     /lib64/libnss_dns-2.12.so
7f960a27f000-7f960a280000 rw-p 00005000 fd:00 131101                     /lib64/libnss_dns-2.12.so
7f960a285000-7f960a286000 rw-p 00000000 00:00 0 
7f960a286000-7f960a287000 rw-s 00000000 fd:00 401949                     /tmp/ffiqTK9sV (deleted)
7f960a287000-7f960a288000 r-xs 00000000 fd:00 401949                     /tmp/ffiqTK9sV (deleted)
7f960a288000-7f960a28b000 r--s 00018000 fd:00 1065872                    /usr/java/jdk1.7.0_51/jre/lib/jce.jar
7f960a28b000-7f960a28f000 r--s 0008a000 fd:00 1065943                    /usr/java/jdk1.7.0_51/jre/lib/jsse.jar
7f960a28f000-7f960a29a000 r--s 000af000 fd:00 1065942                    /usr/java/jdk1.7.0_51/jre/lib/resources.jar
7f960a29a000-7f960a29c000 r--s 0000c000 fd:00 928743                     /home/thorsten/voltdb-4.0.2.3/lib/zmq-2.1.11.jar
7f960a29c000-7f960a29d000 r--s 00004000 fd:00 928790                     /home/thorsten/voltdb-4.0.2.3/lib/jetty-continuation-7.6.1.v20120215.jar
7f960a29d000-7f960a29f000 r--s 00014000 fd:00 928793                     /home/thorsten/voltdb-4.0.2.3/lib/jetty-http-7.6.1.v20120215.jar
7f960a29f000-7f960a2a2000 r--s 0001c000 fd:00 928741                     /home/thorsten/voltdb-4.0.2.3/lib/tomcat-jdbc.jar
7f960a2a2000-7f960a2a4000 r--s 00005000 fd:00 928740                     /home/thorsten/voltdb-4.0.2.3/lib/slf4j-api-1.6.2.jar
7f960a2a4000-7f960a2aa000 r--s 00068000 fd:00 928792                     /home/thorsten/voltdb-4.0.2.3/lib/protobuf-java-2.4.1.jar
7f960a2aa000-7f960a2ad000 r--s 0002f000 fd:00 928742                     /home/thorsten/voltdb-4.0.2.3/lib/jline-2.10.jar
7f960a2ad000-7f960a2b2000 r--s 00038000 fd:00 928737                     /home/thorsten/voltdb-4.0.2.3/lib/jetty-util-7.6.1.v20120215.jar
7f960a2b2000-7f960a2b7000 r--s 00047000 fd:00 928785                     /home/thorsten/voltdb-4.0.2.3/lib/jetty-server-7.6.1.v20120215.jar
7f960a2b7000-7f960a2bc000 r--s 00046000 fd:00 928786                     /home/thorsten/voltdb-4.0.2.3/lib/commons-lang3-3.0.jar
7f960a2bc000-7f960a2be000 r--s 00016000 fd:00 928736                     /home/thorsten/voltdb-4.0.2.3/lib/jetty-io-7.6.1.v20120215.jar
7f960a2be000-7f960a2c1000 r--s 00014000 fd:00 928789                     /home/thorsten/voltdb-4.0.2.3/lib/super-csv-2.1.0.jar
7f960a2c1000-7f960a2c5000 r--s 00039000 fd:00 928787                     /home/thorsten/voltdb-4.0.2.3/lib/jsch-0.1.50.jar
7f960a2c5000-7f960a329000 r--s 005a0000 fd:00 928783                     /home/thorsten/voltdb-4.0.2.3/lib/groovy-all-2.1.7-indy.jar
7f960a329000-7f960a32b000 r--s 00009000 fd:00 928738                     /home/thorsten/voltdb-4.0.2.3/lib/commons-cli-1.2.jar
7f960a32b000-7f960a32d000 r--s 00000000 fd:00 928739                     /home/thorsten/voltdb-4.0.2.3/lib/slf4j-nop-1.6.2.jar
7f960a32d000-7f960a330000 r--s 00067000 fd:00 928791                     /home/thorsten/voltdb-4.0.2.3/lib/snappy-java-1.1.0.1.jar
7f960a330000-7f960a339000 r--s 0006d000 fd:00 928784                     /home/thorsten/voltdb-4.0.2.3/lib/log4j-1.2.16.jar
7f960a339000-7f960a33b000 r--s 00011000 fd:00 928788                     /home/thorsten/voltdb-4.0.2.3/lib/tomcat-juli.jar
7f960a33b000-7f960a36c000 rw-p 00000000 00:00 0 
7f960a36c000-7f960a382000 r-xp 00000000 fd:00 1065686                    /usr/java/jdk1.7.0_51/jre/lib/amd64/libnet.so
7f960a382000-7f960a582000 ---p 00016000 fd:00 1065686                    /usr/java/jdk1.7.0_51/jre/lib/amd64/libnet.so
7f960a582000-7f960a583000 rw-p 00016000 fd:00 1065686                    /usr/java/jdk1.7.0_51/jre/lib/amd64/libnet.so
7f960a583000-7f960a593000 r-xp 00000000 fd:00 1065687                    /usr/java/jdk1.7.0_51/jre/lib/amd64/libnio.so
7f960a593000-7f960a793000 ---p 00010000 fd:00 1065687                    /usr/java/jdk1.7.0_51/jre/lib/amd64/libnio.so
7f960a793000-7f960a794000 rw-p 00010000 fd:00 1065687                    /usr/java/jdk1.7.0_51/jre/lib/amd64/libnio.so
7f960a794000-7f960a7fa000 r--s 006c7000 fd:00 928294                     /home/thorsten/voltdb-4.0.2.3/voltdb/voltdb-4.0.2.3.jar
7f960a7fa000-7f960a7fb000 ---p 00000000 00:00 0 
7f960a7fb000-7f960a8fb000 rw-p 00000000 00:00 0 
7f960a8fb000-7f960a8fe000 ---p 00000000 00:00 0 
7f960a8fe000-7f960a9fc000 rw-p 00000000 00:00 0 
7f960a9fc000-7f960a9ff000 ---p 00000000 00:00 0 
7f960a9ff000-7f960aafd000 rw-p 00000000 00:00 0 
7f960aafd000-7f960ab00000 ---p 00000000 00:00 0 
7f960ab00000-7f960abfe000 rw-p 00000000 00:00 0 
7f960abfe000-7f960ac01000 ---p 00000000 00:00 0 
7f960ac01000-7f960acff000 rw-p 00000000 00:00 0 
7f960acff000-7f960ad02000 ---p 00000000 00:00 0 
7f960ad02000-7f960ae00000 rw-p 00000000 00:00 0 
7f960ae00000-7f960ae03000 ---p 00000000 00:00 0 
7f960ae03000-7f960af01000 rw-p 00000000 00:00 0 
7f960af01000-7f960af02000 ---p 00000000 00:00 0 
7f960af02000-7f960b9b9000 rw-p 00000000 00:00 0 
7f960b9b9000-7f960bb76000 r--s 039bf000 fd:00 1066812                    /usr/java/jdk1.7.0_51/jre/lib/rt.jar
7f960bb76000-7f9610300000 rw-p 00000000 00:00 0 
7f9610300000-7f9610301000 ---p 00000000 00:00 0 
7f9610301000-7f9610401000 rw-p 00000000 00:00 0 
7f9610401000-7f9610402000 ---p 00000000 00:00 0 
7f9610402000-7f9610519000 rw-p 00000000 00:00 0 
7f9610519000-7f9610525000 ---p 00000000 00:00 0 
7f9610525000-7f96107ad000 rw-p 00000000 00:00 0 
7f96107ad000-7f96107c3000 rw-p 00000000 00:00 0 
7f96107c3000-7f96107d6000 rw-p 00000000 00:00 0 
7f96107d6000-7f96107ed000 rw-p 00000000 00:00 0 
7f96107ed000-7f96107f9000 ---p 00000000 00:00 0 
7f96107f9000-7f9610a80000 rw-p 00000000 00:00 0 
7f9610a80000-7f9610b8a000 rw-p 00000000 00:00 0 
7f9610b8a000-7f9610bd6000 rw-p 00000000 00:00 0 
7f9610bd6000-7f9610bd7000 rw-p 00000000 00:00 0 
7f9610bd7000-7f9610e67000 rwxp 00000000 00:00 0 
7f9610e67000-7f9613bd7000 rw-p 00000000 00:00 0 
7f9613bd7000-7f9613bf1000 r-xp 00000000 fd:00 1065698                    /usr/java/jdk1.7.0_51/jre/lib/amd64/libzip.so
7f9613bf1000-7f9613df1000 ---p 0001a000 fd:00 1065698                    /usr/java/jdk1.7.0_51/jre/lib/amd64/libzip.so
7f9613df1000-7f9613df2000 rw-p 0001a000 fd:00 1065698                    /usr/java/jdk1.7.0_51/jre/lib/amd64/libzip.so
7f9613df2000-7f9613dfe000 r-xp 00000000 fd:00 131103                     /lib64/libnss_files-2.12.so
7f9613dfe000-7f9613ffe000 ---p 0000c000 fd:00 131103                     /lib64/libnss_files-2.12.so
7f9613ffe000-7f9613fff000 r--p 0000c000 fd:00 131103                     /lib64/libnss_files-2.12.so
7f9613fff000-7f9614000000 rw-p 0000d000 fd:00 131103                     /lib64/libnss_files-2.12.so
7f9614000000-7f9615547000 rw-p 00000000 00:00 0 
7f9615547000-7f9618000000 ---p 00000000 00:00 0 
7f9618000000-7f9618003000 r--s 0001b000 fd:00 928796                     /home/thorsten/voltdb-4.0.2.3/lib/servlet-api-2.5.jar
7f9618003000-7f961806b000 rw-p 00000000 00:00 0 
7f961806b000-7f961807e000 rw-p 00000000 00:00 0 
7f961807e000-7f9618089000 rw-p 00000000 00:00 0 
7f9618089000-7f961813e000 rw-p 00000000 00:00 0 
7f961813e000-7f9618167000 r-xp 00000000 fd:00 1065668                    /usr/java/jdk1.7.0_51/jre/lib/amd64/libjava.so
7f9618167000-7f9618367000 ---p 00029000 fd:00 1065668                    /usr/java/jdk1.7.0_51/jre/lib/amd64/libjava.so
7f9618367000-7f9618369000 rw-p 00029000 fd:00 1065668                    /usr/java/jdk1.7.0_51/jre/lib/amd64/libjava.so
7f9618369000-7f9618376000 r-xp 00000000 fd:00 1065697                    /usr/java/jdk1.7.0_51/jre/lib/amd64/libverify.so
7f9618376000-7f9618575000 ---p 0000d000 fd:00 1065697                    /usr/java/jdk1.7.0_51/jre/lib/amd64/libverify.so
7f9618575000-7f9618577000 rw-p 0000c000 fd:00 1065697                    /usr/java/jdk1.7.0_51/jre/lib/amd64/libverify.so
7f9618577000-7f961857a000 ---p 00000000 00:00 0 
7f961857a000-7f9618678000 rw-p 00000000 00:00 0 
7f9618678000-7f96191da000 r-xp 00000000 fd:00 1065702                    /usr/java/jdk1.7.0_51/jre/lib/amd64/server/libjvm.so
7f96191da000-7f96193da000 ---p 00b62000 fd:00 1065702                    /usr/java/jdk1.7.0_51/jre/lib/amd64/server/libjvm.so
7f96193da000-7f961949d000 rw-p 00b62000 fd:00 1065702                    /usr/java/jdk1.7.0_51/jre/lib/amd64/server/libjvm.so
7f961949d000-7f96194e1000 rw-p 00000000 00:00 0 
7f96194e1000-7f96194f7000 r-xp 00000000 fd:00 1065650                    /usr/java/jdk1.7.0_51/jre/lib/amd64/jli/libjli.so
7f96194f7000-7f96196f7000 ---p 00016000 fd:00 1065650                    /usr/java/jdk1.7.0_51/jre/lib/amd64/jli/libjli.so
7f96196f7000-7f96196f8000 rw-p 00016000 fd:00 1065650                    /usr/java/jdk1.7.0_51/jre/lib/amd64/jli/libjli.so
7f96196f8000-7f96196f9000 rw-p 00000000 00:00 0 
7f96196f9000-7f96196fa000 r--p 00000000 00:00 0 
7f96196fa000-7f96196fe000 r--s 000d0000 fd:00 928795                     /home/thorsten/voltdb-4.0.2.3/lib/jna.jar
7f96196fe000-7f9619706000 rw-s 00000000 fd:00 393283                     /tmp/hsperfdata_thorsten/53149
7f9619706000-7f9619707000 rw-p 00000000 00:00 0 
7f9619707000-7f9619708000 r--p 00000000 00:00 0 
7f9619708000-7f9619709000 rw-p 00000000 00:00 0 
7fff542b7000-7fff542cc000 rw-p 00000000 00:00 0                          [stack]
7fff543ff000-7fff54400000 r-xp 00000000 00:00 0                          [vdso]
ffffffffff600000-ffffffffff601000 r-xp 00000000 00:00 0                  [vsyscall]

VM Arguments:
jvm_args: -Xmx2048m -XX:+HeapDumpOnOutOfMemoryError -XX:HeapDumpPath=/tmp -XX:-ReduceInitialCardMarks -Dlog4j.configuration=file:///home/thorsten/voltdb-4.0.2.3/voltdb/log4j.xml -Djava.library.path=/home/thorsten/voltdb-4.0.2.3/voltdb 
java_command: org.voltdb.VoltDB create catalog /home/thorsten/git/velimontana/VeliSphereMontana/catalog.jar deployment deployment.xml host localhost
Launcher Type: SUN_STANDARD

Environment Variables:
PATH=/usr/lib64/qt-3.3/bin:/usr/local/bin:/usr/bin:/bin:/usr/local/sbin:/usr/sbin:/sbin:/home/thorsten/bin
USERNAME=thorsten
SHELL=/bin/bash
DISPLAY=:0.0

Signal Handlers:
SIGSEGV: [libjvm.so+0x993870], sa_mask[0]=0x7ffbfeff, sa_flags=0x10000004
SIGBUS: [libjvm.so+0x993870], sa_mask[0]=0x7ffbfeff, sa_flags=0x10000004
SIGFPE: [libjvm.so+0x8105b0], sa_mask[0]=0x7ffbfeff, sa_flags=0x10000004
SIGPIPE: [libjvm.so+0x8105b0], sa_mask[0]=0x7ffbfeff, sa_flags=0x10000004
SIGXFSZ: [libjvm.so+0x8105b0], sa_mask[0]=0x7ffbfeff, sa_flags=0x10000004
SIGILL: [libjvm.so+0x8105b0], sa_mask[0]=0x7ffbfeff, sa_flags=0x10000004
SIGUSR1: SIG_DFL, sa_mask[0]=0x00000000, sa_flags=0x00000000
SIGUSR2: [libjvm.so+0x811aa0], sa_mask[0]=0x00000004, sa_flags=0x10000004
SIGHUP: [libjvm.so+0x812a10], sa_mask[0]=0x7ffbfeff, sa_flags=0x10000004
SIGINT: [libjvm.so+0x812a10], sa_mask[0]=0x7ffbfeff, sa_flags=0x10000004
SIGTERM: [libjvm.so+0x812a10], sa_mask[0]=0x7ffbfeff, sa_flags=0x10000004
SIGQUIT: [libjvm.so+0x812a10], sa_mask[0]=0x7ffbfeff, sa_flags=0x10000004


---------------  S Y S T E M  ---------------

OS:CentOS release 6.4 (Final)

uname:Linux 2.6.32-358.el6.x86_64 #1 SMP Fri Feb 22 00:31:26 UTC 2013 x86_64
libc:glibc 2.12 NPTL 2.12 
rlimit: STACK 10240k, CORE 0k, NPROC 1024, NOFILE 4096, AS infinity
load average:0.53 0.80 0.44

/proc/meminfo:
MemTotal:        2768700 kB
MemFree:          776820 kB
Buffers:           13028 kB
Cached:           169184 kB
SwapCached:        24404 kB
Active:          1295632 kB
Inactive:         515912 kB
Active(anon):    1174544 kB
Inactive(anon):   460068 kB
Active(file):     121088 kB
Inactive(file):    55844 kB
Unevictable:           0 kB
Mlocked:               0 kB
SwapTotal:       2916344 kB
SwapFree:        2747100 kB
Dirty:             13132 kB
Writeback:             0 kB
AnonPages:       1613020 kB
Mapped:            64984 kB
Shmem:              5280 kB
Slab:             109848 kB
SReclaimable:      44520 kB
SUnreclaim:        65328 kB
KernelStack:        2888 kB
PageTables:        25948 kB
NFS_Unstable:          0 kB
Bounce:                0 kB
WritebackTmp:          0 kB
CommitLimit:     4300692 kB
Committed_AS:    3062372 kB
VmallocTotal:   34359738367 kB
VmallocUsed:      288064 kB
VmallocChunk:   34359434072 kB
HardwareCorrupted:     0 kB
AnonHugePages:    972800 kB
HugePages_Total:       0
HugePages_Free:        0
HugePages_Rsvd:        0
HugePages_Surp:        0
Hugepagesize:       2048 kB
DirectMap4k:        8192 kB
DirectMap2M:     2957312 kB


CPU:total 2 (1 cores per cpu, 1 threads per core) family 6 model 58 stepping 9, cmov, cx8, fxsr, mmx, sse, sse2, sse3, ssse3, sse4.1, sse4.2, popcnt, avx, aes, erms, tsc, tscinvbit, tscinv

/proc/cpuinfo:
processor	: 0
vendor_id	: GenuineIntel
cpu family	: 6
model		: 58
model name	: Intel(R) Core(TM) i5-3570K CPU @ 3.40GHz
stepping	: 9
cpu MHz		: 3400.119
cache size	: 6144 KB
fpu		: yes
fpu_exception	: yes
cpuid level	: 13
wp		: yes
flags		: fpu vme de pse tsc msr pae mce cx8 apic sep mtrr pge mca cmov pat pse36 clflush dts mmx fxsr sse sse2 ss syscall nx rdtscp lm constant_tsc arch_perfmon pebs bts xtopology tsc_reliable nonstop_tsc aperfmperf unfair_spinlock pni pclmulqdq ssse3 cx16 pcid sse4_1 sse4_2 x2apic popcnt aes xsave avx f16c rdrand hypervisor lahf_lm ida arat epb xsaveopt pln pts dts fsgsbase smep
bogomips	: 6800.23
clflush size	: 64
cache_alignment	: 64
address sizes	: 40 bits physical, 48 bits virtual
power management:

processor	: 1
vendor_id	: GenuineIntel
cpu family	: 6
model		: 58
model name	: Intel(R) Core(TM) i5-3570K CPU @ 3.40GHz
stepping	: 9
cpu MHz		: 3400.119
cache size	: 6144 KB
fpu		: yes
fpu_exception	: yes
cpuid level	: 13
wp		: yes
flags		: fpu vme de pse tsc msr pae mce cx8 apic sep mtrr pge mca cmov pat pse36 clflush dts mmx fxsr sse sse2 ss syscall nx rdtscp lm constant_tsc arch_perfmon pebs bts xtopology tsc_reliable nonstop_tsc aperfmperf unfair_spinlock pni pclmulqdq ssse3 cx16 pcid sse4_1 sse4_2 x2apic popcnt aes xsave avx f16c rdrand hypervisor lahf_lm ida arat epb xsaveopt pln pts dts fsgsbase smep
bogomips	: 6800.23
clflush size	: 64
cache_alignment	: 64
address sizes	: 40 bits physical, 48 bits virtual
power management:



Memory: 4k page, physical 2768700k(776820k free), swap 2916344k(2747100k free)

vm_info: Java HotSpot(TM) 64-Bit Server VM (24.51-b03) for linux-amd64 JRE (1.7.0_51-b13), built on Dec 18 2013 18:48:01 by "java_re" with gcc 4.3.0 20080428 (Red Hat 4.3.0-8)

time: Thu Feb 27 11:50:59 2014
elapsed time: 48 seconds

