#
# A fatal error has been detected by the Java Runtime Environment:
#
#  SIGSEGV (0xb) at pc=0x00007f631862f3e6, pid=2789, tid=140063592089344
#
# JRE version: Java(TM) SE Runtime Environment (7.0_51-b13) (build 1.7.0_51-b13)
# Java VM: Java HotSpot(TM) 64-Bit Server VM (24.51-b03 mixed mode linux-amd64 compressed oops)
# Problematic frame:
# C  [libvoltdb-4.0.2.3.so+0x40a3e6]  voltdb::NValue::itemAtIndex(int) const+0x66
#
# Failed to write core dump. Core dumps have been disabled. To enable core dumping, try "ulimit -c unlimited" before starting Java again
#
# If you would like to submit a bug report, please visit:
#   http://bugreport.sun.com/bugreport/crash.jsp
# The crash happened outside the Java Virtual Machine in native code.
# See problematic frame for where to report the bug.
#

---------------  T H R E A D  ---------------

Current thread (0x00007f631c9bb800):  JavaThread "Iv2ExecutionSite: 0:0" [_thread_in_native, id=2822, stack(0x00007f6318970000,0x00007f6318a71000)]

siginfo:si_signo=SIGSEGV: si_errno=0, si_code=2 (SEGV_ACCERR), si_addr=0x00007f6314063000

Registers:
RAX=0x0000000001f65fa8, RBX=0x000000000014eea7, RCX=0x00007f63120fd039, RDX=0x0000000000000000
RSP=0x00007f6318a6c370, RBP=0x00007f6318a6c3a0, RSI=0x00007f6318a6c530, RDI=0x00007f63120fd010
R8 =0x00007f631c9b9af0, R9 =0x00007f631870ca79, R10=0x00007f631870a9b3, R11=0x00000037c92138a0
R12=0x00007f6318a6c430, R13=0x0000000001a3efa0, R14=0x00007f6318a6c430, R15=0x0000000032313143
RIP=0x00007f631862f3e6, EFLAGS=0x0000000000010202, CSGSFS=0x0000000000000033, ERR=0x0000000000000004
  TRAPNO=0x000000000000000e

Top of Stack: (sp=0x00007f6318a6c370)
0x00007f6318a6c370:   00007f6318a6c430 000000000014eea6
0x00007f6318a6c380:   00007f6318a6c4d0 000000000014eea7
0x00007f6318a6c390:   00007f6318a6c510 0000000001a3efa0
0x00007f6318a6c3a0:   00007f6318a6c4d0 00007f6318632f11
0x00007f6318a6c3b0:   0000000000000001 00007f6318a6c3e0
0x00007f6318a6c3c0:   0000000900000006 00007f6318a6c530
0x00007f6318a6c3d0:   0000000001a3ef00 000000000014c700
0x00007f6318a6c3e0:   00007f6318260788 0000000000000000
0x00007f6318a6c3f0:   0000000001a3ef00 0000000001a3ef00
0x00007f6318a6c400:   0000000001a3ef00 0000000000000001
0x00007f6318a6c410:   0000000000000000 0000000000000000
0x00007f6318a6c420:   0000000000000000 0000000001a3b450
0x00007f6318a6c430:   0000000000000000 0000000000000000
0x00007f6318a6c440:   0000000000000000 0000000000000000
0x00007f6318a6c450:   0000000000000000 0000400000000000
0x00007f6318a6c460:   00007f0000000009 0000000000000000
0x00007f6318a6c470:   0000000001a3ef00 00007f6318a6c500
0x00007f6318a6c480:   0000000001a3ef00 00000037bda14700
0x00007f6318a6c490:   0000000001a3ef00 0000000000000000
0x00007f6318a6c4a0:   00007f6318a6c510 0000000000000000
0x00007f6318a6c4b0:   00007f6318a6c530 0000000001a3b301
0x00007f6318a6c4c0:   0000000001a3b458 0000000001a3b450
0x00007f6318a6c4d0:   00007f6318a6c5d0 00007f63183b898d
0x00007f6318a6c4e0:   0000000001a3b0e0 00000009014f1570
0x00007f6318a6c4f0:   0000000001a3ec60 0000000000000001
0x00007f6318a6c500:   000000000165a128 0000000000000000
0x00007f6318a6c510:   0000000000000000 0000000000000000
0x00007f6318a6c520:   0000000000000000 f1c3e47500000000
0x00007f6318a6c530:   00007f63120fd010 0000000100000002
0x00007f6318a6c540:   0000000000000009 ede3f98d00000000
0x00007f6318a6c550:   000000000186f708 6861dadc7c636c38
0x00007f6318a6c560:   000000000186f708 a5ff19d800000000 

Instructions: (pc=0x00007f631862f3e6)
0x00007f631862f3c6:   e8 4c 8b 6d f8 48 8d 04 40 48 c1 e0 03 48 8b 54
0x00007f631862f3d6:   08 0c 49 89 14 24 48 8b 54 08 14 49 89 54 24 08
0x00007f631862f3e6:   8b 54 08 1c 41 89 54 24 10 0f b6 44 08 20 41 88
0x00007f631862f3f6:   44 24 14 4c 89 e0 4c 8b 65 f0 c9 c3 48 8b 3b e8 

Register to memory mapping:

RAX=0x0000000001f65fa8 is an unknown value
RBX=0x000000000014eea7 is an unknown value
RCX=0x00007f63120fd039 is an unknown value
RDX=0x0000000000000000 is an unknown value
RSP=0x00007f6318a6c370 is pointing into the stack for thread: 0x00007f631c9bb800
RBP=0x00007f6318a6c3a0 is pointing into the stack for thread: 0x00007f631c9bb800
RSI=0x00007f6318a6c530 is pointing into the stack for thread: 0x00007f631c9bb800
RDI=0x00007f63120fd010 is an unknown value
R8 =0x00007f631c9b9af0 is an unknown value
R9 =0x00007f631870ca79: <offset 0x4e7a79> in /home/thorsten/voltdb-4.0.2.3/voltdb/libvoltdb-4.0.2.3.so at 0x00007f6318225000
R10=0x00007f631870a9b3: <offset 0x4e59b3> in /home/thorsten/voltdb-4.0.2.3/voltdb/libvoltdb-4.0.2.3.so at 0x00007f6318225000
R11=0x00000037c92138a0: <offset 0x138a0> in /lib64/libgcc_s.so.1 at 0x00000037c9200000
R12=0x00007f6318a6c430 is pointing into the stack for thread: 0x00007f631c9bb800
R13=0x0000000001a3efa0 is an unknown value
R14=0x00007f6318a6c430 is pointing into the stack for thread: 0x00007f631c9bb800
R15=0x0000000032313143 is an unknown value


Stack: [0x00007f6318970000,0x00007f6318a71000],  sp=0x00007f6318a6c370,  free space=1008k
Native frames: (J=compiled Java code, j=interpreted, Vv=VM code, C=native code)
C  [libvoltdb-4.0.2.3.so+0x40a3e6]  voltdb::NValue::itemAtIndex(int) const+0x66
C  [libvoltdb-4.0.2.3.so+0x40df11]  voltdb::NValue::castAndSortAndDedupArrayForInList(voltdb::ValueType, std::vector<voltdb::NValue, std::allocator<voltdb::NValue> >&) const+0xa1
C  [libvoltdb-4.0.2.3.so+0x19398d]  voltdb::MaterializedScanExecutor::p_execute(voltdb::GenericValueArray<voltdb::NValue> const&)+0xed
C  [libvoltdb-4.0.2.3.so+0x45fa0b]  voltdb::VoltDBEngine::executePlanFragment(long, long, voltdb::GenericValueArray<voltdb::NValue> const&, long, long, long, bool, bool)+0x31b
C  [libvoltdb-4.0.2.3.so+0x466a5e]  voltdb::VoltDBEngine::executePlanFragments(int, long*, long*, voltdb::ReferenceSerializeInput&, long, long, long, long)+0x2de
C  [libvoltdb-4.0.2.3.so+0x162c65]  Java_org_voltdb_jni_ExecutionEngine_nativeExecutePlanFragments+0x1c5
J  org.voltdb.jni.ExecutionEngine.nativeExecutePlanFragments(JI[J[JJJJJ)I
j  org.voltdb.jni.ExecutionEngineJNI.coreExecutePlanFragments(I[J[J[Ljava/lang/Object;JJJJ)[Lorg/voltdb/VoltTable;+336
J  org.voltdb.jni.ExecutionEngine.executePlanFragments(I[J[J[Ljava/lang/Object;JJJJ)[Lorg/voltdb/VoltTable;
j  org.voltdb.ProcedureRunner.fastPath(Ljava/util/List;)[Lorg/voltdb/VoltTable;+156
j  org.voltdb.ProcedureRunner.executeQueriesInABatch(Ljava/util/List;Z)[Lorg/voltdb/VoltTable;+116
j  org.voltdb.ProcedureRunner.voltExecuteSQL(Z)[Lorg/voltdb/VoltTable;+116
j  org.voltdb.VoltProcedure.voltExecuteSQL(Z)[Lorg/voltdb/VoltTable;+5
j  org.voltdb.VoltProcedure.voltExecuteSQL()[Lorg/voltdb/VoltTable;+2
j  BLE_FindRulesForCheckID.run(Ljava/lang/String;Ljava/lang/String;)[Lorg/voltdb/VoltTable;+17
v  ~StubRoutines::call_stub
V  [libjvm.so+0x5f8465]  JavaCalls::call_helper(JavaValue*, methodHandle*, JavaCallArguments*, Thread*)+0x365
V  [libjvm.so+0x5f6ec8]  JavaCalls::call(JavaValue*, methodHandle, JavaCallArguments*, Thread*)+0x28
V  [libjvm.so+0x88920f]  Reflection::invoke(instanceKlassHandle, methodHandle, Handle, bool, objArrayHandle, BasicType, objArrayHandle, bool, Thread*)+0x47f
V  [libjvm.so+0x889fc0]  Reflection::invoke_method(oopDesc*, Handle, objArrayHandle, Thread*)+0x160
V  [libjvm.so+0x67faf4]  JVM_InvokeMethod+0x224
j  sun.reflect.NativeMethodAccessorImpl.invoke0(Ljava/lang/reflect/Method;Ljava/lang/Object;[Ljava/lang/Object;)Ljava/lang/Object;+0
j  sun.reflect.NativeMethodAccessorImpl.invoke(Ljava/lang/Object;[Ljava/lang/Object;)Ljava/lang/Object;+87
j  sun.reflect.DelegatingMethodAccessorImpl.invoke(Ljava/lang/Object;[Ljava/lang/Object;)Ljava/lang/Object;+6
j  java.lang.reflect.Method.invoke(Ljava/lang/Object;[Ljava/lang/Object;)Ljava/lang/Object;+57

Java frames: (J=compiled Java code, j=interpreted, Vv=VM code)
J  org.voltdb.jni.ExecutionEngine.nativeExecutePlanFragments(JI[J[JJJJJ)I
j  org.voltdb.jni.ExecutionEngineJNI.coreExecutePlanFragments(I[J[J[Ljava/lang/Object;JJJJ)[Lorg/voltdb/VoltTable;+336
J  org.voltdb.jni.ExecutionEngine.executePlanFragments(I[J[J[Ljava/lang/Object;JJJJ)[Lorg/voltdb/VoltTable;
j  org.voltdb.iv2.Site.executePlanFragments(I[J[J[Ljava/lang/Object;JJZ)[Lorg/voltdb/VoltTable;+32
j  org.voltdb.ProcedureRunner.fastPath(Ljava/util/List;)[Lorg/voltdb/VoltTable;+156
j  org.voltdb.ProcedureRunner.executeQueriesInABatch(Ljava/util/List;Z)[Lorg/voltdb/VoltTable;+116
j  org.voltdb.ProcedureRunner.voltExecuteSQL(Z)[Lorg/voltdb/VoltTable;+116
j  org.voltdb.VoltProcedure.voltExecuteSQL(Z)[Lorg/voltdb/VoltTable;+5
j  org.voltdb.VoltProcedure.voltExecuteSQL()[Lorg/voltdb/VoltTable;+2
j  BLE_FindRulesForCheckID.run(Ljava/lang/String;Ljava/lang/String;)[Lorg/voltdb/VoltTable;+17
v  ~StubRoutines::call_stub
j  sun.reflect.NativeMethodAccessorImpl.invoke0(Ljava/lang/reflect/Method;Ljava/lang/Object;[Ljava/lang/Object;)Ljava/lang/Object;+0
j  sun.reflect.NativeMethodAccessorImpl.invoke(Ljava/lang/Object;[Ljava/lang/Object;)Ljava/lang/Object;+87
j  sun.reflect.DelegatingMethodAccessorImpl.invoke(Ljava/lang/Object;[Ljava/lang/Object;)Ljava/lang/Object;+6
j  java.lang.reflect.Method.invoke(Ljava/lang/Object;[Ljava/lang/Object;)Ljava/lang/Object;+57
J  org.voltdb.ProcedureRunner.call([Ljava/lang/Object;)Lorg/voltdb/ClientResponseImpl;
j  org.voltdb.iv2.ProcedureTask.processInitiateTask(Lorg/voltdb/messaging/Iv2InitiateTaskMessage;Lorg/voltdb/SiteProcedureConnection;)Lorg/voltdb/messaging/InitiateResponseMessage;+263
J  org.voltdb.iv2.SpProcedureTask.run(Lorg/voltdb/SiteProcedureConnection;)V
J  org.voltdb.iv2.Site.run()V
j  java.lang.Thread.run()V+11
v  ~StubRoutines::call_stub

---------------  P R O C E S S  ---------------

Java Threads: ( => current thread )
  0x00007f62cc055000 JavaThread "SystemCatalogAgent" daemon [_thread_blocked, id=2905, stack(0x00007f6310029000,0x00007f631006a000)]
  0x00007f62cc049000 JavaThread "StatsAgent" daemon [_thread_blocked, id=2904, stack(0x00007f6311f7a000,0x00007f6311fbb000)]
  0x00007f630c014800 JavaThread "AdminPort connection acceptor" daemon [_thread_in_native, id=2846, stack(0x00007f6304fe7000,0x00007f6305028000)]
  0x00007f630c012800 JavaThread "ClientPort connection acceptor" daemon [_thread_in_native, id=2845, stack(0x00007f6318af3000,0x00007f6318b34000)]
  0x00007f631c009000 JavaThread "DestroyJavaVM" [_thread_blocked, id=2790, stack(0x00007f63239eb000,0x00007f6323aec000)]
  0x00007f631d4e6000 JavaThread "SnapshotDaemon" daemon [_thread_blocked, id=2840, stack(0x00007f6305028000,0x00007f6305069000)]
  0x00007f631d49e800 JavaThread "Periodic Work" daemon [_thread_blocked, id=2837, stack(0x00007f6306bab000,0x00007f6306bec000)]
  0x00007f631d49d800 JavaThread "SnapshotCompletionMonitor" daemon [_thread_blocked, id=2836, stack(0x00007f6306bec000,0x00007f6306c2d000)]
  0x00007f631d496800 JavaThread "RO MP Iv2ExecutionSite - 0:3 - 0" daemon [_thread_blocked, id=2830, stack(0x00007f6304702000,0x00007f6304783000)]
  0x00007f631d1e2000 JavaThread "Iv2ExecutionSite: 0:3" [_thread_blocked, id=2829, stack(0x00007f6306c2d000,0x00007f6306d2e000)]
  0x00007f631cf2e800 JavaThread "Iv2ExecutionSite: 0:2" [_thread_blocked, id=2828, stack(0x00007f6311ffc000,0x00007f63120fd000)]
  0x00007f631cc6e800 JavaThread "Iv2ExecutionSite: 0:1" [_thread_blocked, id=2824, stack(0x00007f63180d4000,0x00007f63181d5000)]
=>0x00007f631c9bb800 JavaThread "Iv2ExecutionSite: 0:0" [_thread_in_native, id=2822, stack(0x00007f6318970000,0x00007f6318a71000)]
  0x00007f631c6f3000 JavaThread "Periodic Priority Work" daemon [_thread_blocked, id=2821, stack(0x00007f6318a71000,0x00007f6318ab2000)]
  0x00007f631c6e1800 JavaThread "qtp1191914922-27 Acceptor0 SocketConnector@0.0.0.0:8080" [_thread_in_native, id=2817, stack(0x00007f6318b34000,0x00007f6318c35000)]
  0x00007f631c632800 JavaThread "MpInitiator send" [_thread_blocked, id=2816, stack(0x00007f6318c35000,0x00007f6318c6e000)]
  0x00007f631c631000 JavaThread "MpInitiator deliver" [_thread_blocked, id=2815, stack(0x00007f6318c6e000,0x00007f6318ca7000)]
  0x00007f631c606800 JavaThread "Fault Distributor" daemon [_thread_blocked, id=2808, stack(0x00007f6318e2d000,0x00007f6318f2e000)]
  0x00007f631c37a000 JavaThread "main-EventThread" daemon [_thread_blocked, id=2807, stack(0x00007f6318f2e000,0x00007f631902f000)]
  0x00007f631c379000 JavaThread "main-SendThread(localhost:2181)" daemon [_thread_in_native, id=2806, stack(0x00007f631902f000,0x00007f6319130000)]
  0x00007f631c356000 JavaThread "ZooKeeperServer" [_thread_blocked, id=2805, stack(0x00007f6319338000,0x00007f6319439000)]
  0x00007f631c354000 JavaThread "NIOServerCxn.Factory:/127.0.0.1:2181" daemon [_thread_in_native, id=2804, stack(0x00007f6319439000,0x00007f631953a000)]
  0x00007f631c2f7000 JavaThread "Volt Network - 1" daemon [_thread_in_native, id=2803, stack(0x00007f631953a000,0x00007f631963b000)]
  0x00007f631c2f5800 JavaThread "Volt Network - 0" daemon [_thread_in_native, id=2802, stack(0x00007f631963b000,0x00007f631973c000)]
  0x00007f631c2f3000 JavaThread "Socket Joiner" daemon [_thread_in_native, id=2801, stack(0x00007f631973c000,0x00007f631977d000)]
  0x00007f631c091800 JavaThread "Service Thread" daemon [_thread_blocked, id=2799, stack(0x00007f6319fb4000,0x00007f631a0b5000)]
  0x00007f631c08f000 JavaThread "C2 CompilerThread1" daemon [_thread_blocked, id=2798, stack(0x00007f631a0b5000,0x00007f631a1b6000)]
  0x00007f631c08c000 JavaThread "C2 CompilerThread0" daemon [_thread_blocked, id=2797, stack(0x00007f631a1b6000,0x00007f631a2b7000)]
  0x00007f631c082000 JavaThread "Signal Dispatcher" daemon [_thread_blocked, id=2796, stack(0x00007f631a2b7000,0x00007f631a3b8000)]
  0x00007f631c06a800 JavaThread "Finalizer" daemon [_thread_blocked, id=2795, stack(0x00007f631a3b8000,0x00007f631a4b9000)]
  0x00007f631c066800 JavaThread "Reference Handler" daemon [_thread_blocked, id=2794, stack(0x00007f631a4b9000,0x00007f631a5ba000)]

Other Threads:
  0x00007f631c064800 VMThread [stack: 0x00007f631a5ba000,0x00007f631a6bb000] [id=2793]
  0x00007f631c09c000 WatcherThread [stack: 0x00007f6319eb3000,0x00007f6319fb4000] [id=2800]

VM state:not at safepoint (normal execution)

VM Mutex/Monitor currently owned by a thread: None

Heap
 PSYoungGen      total 487936K, used 426557K [0x00000007d5500000, 0x00000007fc300000, 0x0000000800000000)
  eden space 478720K, 87% used [0x00000007d5500000,0x00000007eecf6370,0x00000007f2880000)
  from space 9216K, 95% used [0x00000007f2880000,0x00000007f3119280,0x00000007f3180000)
  to   space 10240K, 0% used [0x00000007fb900000,0x00000007fb900000,0x00000007fc300000)
 ParOldGen       total 40448K, used 15717K [0x0000000780000000, 0x0000000782780000, 0x00000007d5500000)
  object space 40448K, 38% used [0x0000000780000000,0x0000000780f59458,0x0000000782780000)
 PSPermGen       total 43520K, used 24832K [0x000000077ae00000, 0x000000077d880000, 0x0000000780000000)
  object space 43520K, 57% used [0x000000077ae00000,0x000000077c640220,0x000000077d880000)

Card table byte_map: [0x00007f631bbd6000,0x00007f631c000000] byte_map_base: 0x00007f6317fff000

Polling page: 0x00007f6324b7b000

Code Cache  [0x00007f632017a000, 0x00007f632041a000, 0x00007f632317a000)
 total_blobs=1410 nmethods=951 adapters=412 free_code_cache=46577Kb largest_free_block=47619712

Compilation events (10 events):
Event: 172717.352 Thread 0x00007f631c08f000 nmethod 1011 0x00007f63203ec990 code [0x00007f63203ecb20, 0x00007f63203eceb8]
Event: 172717.352 Thread 0x00007f631c08f000 1012             org.voltdb.VoltTableRow::advanceRow (11 bytes)
Event: 172717.361 Thread 0x00007f631c08f000 nmethod 1012 0x00007f63203e5d10 code [0x00007f63203e5e80, 0x00007f63203e6148]
Event: 172717.404 Thread 0x00007f631c08c000 nmethod 1007 0x00007f63203fd7d0 code [0x00007f63203fdcc0, 0x00007f63204005b8]
Event: 172717.439 Thread 0x00007f631c08f000 1013             BLE_ChecksForExpression::run (454 bytes)
Event: 172717.507 Thread 0x00007f631c08c000 1014             org.voltdb.ClientInterfaceHandleManager::getHandle (238 bytes)
Event: 172717.548 Thread 0x00007f631c08c000 nmethod 1014 0x00007f63203facd0 code [0x00007f63203fafc0, 0x00007f63203fc150]
Event: 172717.595 Thread 0x00007f631c08f000 nmethod 1013 0x00007f6320408610 code [0x00007f6320408ca0, 0x00007f632040c0b0]
Event: 172724.907 Thread 0x00007f631c08c000 1015             org.apache.zookeeper_voltpatches.ClientCnxn::access$900 (5 bytes)
Event: 172724.908 Thread 0x00007f631c08c000 nmethod 1015 0x00007f63203e24d0 code [0x00007f63203e2600, 0x00007f63203e2658]

GC Heap History (10 events):
Event: 2.183 GC heap before
{Heap before GC invocations=10 (full 0):
 PSYoungGen      total 196608K, used 188799K [0x00000007d5500000, 0x00000007e8a80000, 0x0000000800000000)
  eden space 188416K, 97% used [0x00000007d5500000,0x00000007e094fef0,0x00000007e0d00000)
  from space 8192K, 50% used [0x00000007e0d00000,0x00000007e1110010,0x00000007e1500000)
  to   space 7680K, 0% used [0x00000007e8300000,0x00000007e8300000,0x00000007e8a80000)
 ParOldGen       total 70144K, used 59125K [0x0000000780000000, 0x0000000784480000, 0x00000007d5500000)
  object space 70144K, 84% used [0x0000000780000000,0x00000007839bd798,0x0000000784480000)
 PSPermGen       total 22016K, used 21570K [0x000000077ae00000, 0x000000077c380000, 0x0000000780000000)
  object space 22016K, 97% used [0x000000077ae00000,0x000000077c310950,0x000000077c380000)
Event: 2.188 GC heap after
Heap after GC invocations=10 (full 0):
 PSYoungGen      total 309248K, used 4192K [0x00000007d5500000, 0x00000007e8a80000, 0x0000000800000000)
  eden space 301568K, 0% used [0x00000007d5500000,0x00000007d5500000,0x00000007e7b80000)
  from space 7680K, 54% used [0x00000007e8300000,0x00000007e8718010,0x00000007e8a80000)
  to   space 7680K, 0% used [0x00000007e7b80000,0x00000007e7b80000,0x00000007e8300000)
 ParOldGen       total 70144K, used 59149K [0x0000000780000000, 0x0000000784480000, 0x00000007d5500000)
  object space 70144K, 84% used [0x0000000780000000,0x00000007839c3798,0x0000000784480000)
 PSPermGen       total 22016K, used 21570K [0x000000077ae00000, 0x000000077c380000, 0x0000000780000000)
  object space 22016K, 97% used [0x000000077ae00000,0x000000077c310950,0x000000077c380000)
}
Event: 2.542 GC heap before
{Heap before GC invocations=11 (full 0):
 PSYoungGen      total 309248K, used 304532K [0x00000007d5500000, 0x00000007e8a80000, 0x0000000800000000)
  eden space 301568K, 99% used [0x00000007d5500000,0x00000007e7a4d3a8,0x00000007e7b80000)
  from space 7680K, 54% used [0x00000007e8300000,0x00000007e8718010,0x00000007e8a80000)
  to   space 7680K, 0% used [0x00000007e7b80000,0x00000007e7b80000,0x00000007e8300000)
 ParOldGen       total 70144K, used 59149K [0x0000000780000000, 0x0000000784480000, 0x00000007d5500000)
  object space 70144K, 84% used [0x0000000780000000,0x00000007839c3798,0x0000000784480000)
 PSPermGen       total 22016K, used 21712K [0x000000077ae00000, 0x000000077c380000, 0x0000000780000000)
  object space 22016K, 98% used [0x000000077ae00000,0x000000077c334390,0x000000077c380000)
Event: 2.559 GC heap after
Heap after GC invocations=11 (full 0):
 PSYoungGen      total 309248K, used 7667K [0x00000007d5500000, 0x00000007f3f80000, 0x0000000800000000)
  eden space 301568K, 0% used [0x00000007d5500000,0x00000007d5500000,0x00000007e7b80000)
  from space 7680K, 99% used [0x00000007e7b80000,0x00000007e82fcce8,0x00000007e8300000)
  to   space 9728K, 0% used [0x00000007f3600000,0x00000007f3600000,0x00000007f3f80000)
 ParOldGen       total 70144K, used 61960K [0x0000000780000000, 0x0000000784480000, 0x00000007d5500000)
  object space 70144K, 88% used [0x0000000780000000,0x0000000783c82178,0x0000000784480000)
 PSPermGen       total 22016K, used 21712K [0x000000077ae00000, 0x000000077c380000, 0x0000000780000000)
  object space 22016K, 98% used [0x000000077ae00000,0x000000077c334390,0x000000077c380000)
}
Event: 2.559 GC heap before
{Heap before GC invocations=12 (full 1):
 PSYoungGen      total 309248K, used 7667K [0x00000007d5500000, 0x00000007f3f80000, 0x0000000800000000)
  eden space 301568K, 0% used [0x00000007d5500000,0x00000007d5500000,0x00000007e7b80000)
  from space 7680K, 99% used [0x00000007e7b80000,0x00000007e82fcce8,0x00000007e8300000)
  to   space 9728K, 0% used [0x00000007f3600000,0x00000007f3600000,0x00000007f3f80000)
 ParOldGen       total 70144K, used 61960K [0x0000000780000000, 0x0000000784480000, 0x00000007d5500000)
  object space 70144K, 88% used [0x0000000780000000,0x0000000783c82178,0x0000000784480000)
 PSPermGen       total 22016K, used 21712K [0x000000077ae00000, 0x000000077c380000, 0x0000000780000000)
  object space 22016K, 98% used [0x000000077ae00000,0x000000077c334390,0x000000077c380000)
Event: 2.651 GC heap after
Heap after GC invocations=12 (full 1):
 PSYoungGen      total 309248K, used 0K [0x00000007d5500000, 0x00000007f3f80000, 0x0000000800000000)
  eden space 301568K, 0% used [0x00000007d5500000,0x00000007d5500000,0x00000007e7b80000)
  from space 7680K, 0% used [0x00000007e7b80000,0x00000007e7b80000,0x00000007e8300000)
  to   space 9728K, 0% used [0x00000007f3600000,0x00000007f3600000,0x00000007f3f80000)
 ParOldGen       total 40448K, used 15677K [0x0000000780000000, 0x0000000782780000, 0x00000007d5500000)
  object space 40448K, 38% used [0x0000000780000000,0x0000000780f4f458,0x0000000782780000)
 PSPermGen       total 43520K, used 21704K [0x000000077ae00000, 0x000000077d880000, 0x0000000780000000)
  object space 43520K, 49% used [0x000000077ae00000,0x000000077c332368,0x000000077d880000)
}
Event: 2.698 GC heap before
{Heap before GC invocations=13 (full 1):
 PSYoungGen      total 309248K, used 298341K [0x00000007d5500000, 0x00000007f3f80000, 0x0000000800000000)
  eden space 301568K, 98% used [0x00000007d5500000,0x00000007e78596b0,0x00000007e7b80000)
  from space 7680K, 0% used [0x00000007e7b80000,0x00000007e7b80000,0x00000007e8300000)
  to   space 9728K, 0% used [0x00000007f3600000,0x00000007f3600000,0x00000007f3f80000)
 ParOldGen       total 40448K, used 15677K [0x0000000780000000, 0x0000000782780000, 0x00000007d5500000)
  object space 40448K, 38% used [0x0000000780000000,0x0000000780f4f458,0x0000000782780000)
 PSPermGen       total 43520K, used 21704K [0x000000077ae00000, 0x000000077d880000, 0x0000000780000000)
  object space 43520K, 49% used [0x000000077ae00000,0x000000077c332388,0x000000077d880000)
Event: 2.704 GC heap after
Heap after GC invocations=13 (full 1):
 PSYoungGen      total 441344K, used 4160K [0x00000007d5500000, 0x00000007f3a80000, 0x0000000800000000)
  eden space 436736K, 0% used [0x00000007d5500000,0x00000007d5500000,0x00000007eff80000)
  from space 4608K, 90% used [0x00000007f3600000,0x00000007f3a10010,0x00000007f3a80000)
  to   space 9216K, 0% used [0x00000007f2880000,0x00000007f2880000,0x00000007f3180000)
 ParOldGen       total 40448K, used 15677K [0x0000000780000000, 0x0000000782780000, 0x00000007d5500000)
  object space 40448K, 38% used [0x0000000780000000,0x0000000780f4f458,0x0000000782780000)
 PSPermGen       total 43520K, used 21704K [0x000000077ae00000, 0x000000077d880000, 0x0000000780000000)
  object space 43520K, 49% used [0x000000077ae00000,0x000000077c332388,0x000000077d880000)
}
Event: 31.873 GC heap before
{Heap before GC invocations=14 (full 1):
 PSYoungGen      total 441344K, used 440896K [0x00000007d5500000, 0x00000007f3a80000, 0x0000000800000000)
  eden space 436736K, 100% used [0x00000007d5500000,0x00000007eff80000,0x00000007eff80000)
  from space 4608K, 90% used [0x00000007f3600000,0x00000007f3a10010,0x00000007f3a80000)
  to   space 9216K, 0% used [0x00000007f2880000,0x00000007f2880000,0x00000007f3180000)
 ParOldGen       total 40448K, used 15677K [0x0000000780000000, 0x0000000782780000, 0x00000007d5500000)
  object space 40448K, 38% used [0x0000000780000000,0x0000000780f4f458,0x0000000782780000)
 PSPermGen       total 43520K, used 24173K [0x000000077ae00000, 0x000000077d880000, 0x0000000780000000)
  object space 43520K, 55% used [0x000000077ae00000,0x000000077c59b610,0x000000077d880000)
Event: 31.892 GC heap after
Heap after GC invocations=14 (full 1):
 PSYoungGen      total 487936K, used 8804K [0x00000007d5500000, 0x00000007fc300000, 0x0000000800000000)
  eden space 478720K, 0% used [0x00000007d5500000,0x00000007d5500000,0x00000007f2880000)
  from space 9216K, 95% used [0x00000007f2880000,0x00000007f3119280,0x00000007f3180000)
  to   space 10240K, 0% used [0x00000007fb900000,0x00000007fb900000,0x00000007fc300000)
 ParOldGen       total 40448K, used 15717K [0x0000000780000000, 0x0000000782780000, 0x00000007d5500000)
  object space 40448K, 38% used [0x0000000780000000,0x0000000780f59458,0x0000000782780000)
 PSPermGen       total 43520K, used 24173K [0x000000077ae00000, 0x000000077d880000, 0x0000000780000000)
  object space 43520K, 55% used [0x000000077ae00000,0x000000077c59b610,0x000000077d880000)
}

Deoptimization events (10 events):
Event: 172716.989 Thread 0x00007f631cf2e800 Uncommon trap: reason=class_check action=maybe_recompile pc=0x00007f63202f6df4 method=java.lang.StringCoding.decode(Ljava/nio/charset/Charset;[BII)[C @ 1
Event: 172716.989 Thread 0x00007f631cf2e800 Uncommon trap: reason=class_check action=maybe_recompile pc=0x00007f6320305178 method=java.nio.charset.CharsetDecoder.replaceWith(Ljava/lang/String;)Ljava/nio/charset/CharsetDecoder; @ 60
Event: 172716.990 Thread 0x00007f631c2f5800 Uncommon trap: reason=unreached action=reinterpret pc=0x00007f63203c5754 method=java.util.HashMap.remove(Ljava/lang/Object;)Ljava/lang/Object; @ 7
Event: 172716.991 Thread 0x00007f631c9bb800 Uncommon trap: reason=class_check action=maybe_recompile pc=0x00007f6320317488 method=org.voltdb.ParameterSet.flattenToBuffer(Ljava/nio/ByteBuffer;)V @ 7
Event: 172716.991 Thread 0x00007f631c9bb800 Uncommon trap: reason=unreached action=reinterpret pc=0x00007f632035a1dc method=org.voltdb.ProcedureRunner.fastPath(Ljava/util/List;)[Lorg/voltdb/VoltTable; @ 96
Event: 172716.991 Thread 0x00007f631c9bb800 Uncommon trap: reason=unreached action=reinterpret pc=0x00007f632032dd78 method=org.voltdb.jni.ExecutionEngineJNI.coreExecutePlanFragments(I[J[J[Ljava/lang/Object;JJJJ)[Lorg/voltdb/VoltTable; @ 128
Event: 172716.993 Thread 0x00007f631c9bb800 Uncommon trap: reason=unreached action=reinterpret pc=0x00007f63203a8464 method=org.voltdb.dtxn.TransactionState.setHash(Ljava/lang/Integer;)V @ 2
Event: 172716.993 Thread 0x00007f631c9bb800 Uncommon trap: reason=class_check action=maybe_recompile pc=0x00007f6320317488 method=org.voltdb.ParameterSet.flattenToBuffer(Ljava/nio/ByteBuffer;)V @ 7
Event: 172716.993 Thread 0x00007f631c9bb800 Uncommon trap: reason=unreached action=reinterpret pc=0x00007f632038e394 method=org.voltdb.dtxn.TransactionState.setHash(Ljava/lang/Integer;)V @ 2
Event: 172716.993 Thread 0x00007f631c2f5800 Uncommon trap: reason=unreached action=reinterpret pc=0x00007f632032a35c method=org.voltcore.network.NIOWriteStream.swapAndSerializeQueuedWrites(Lorg/voltcore/network/NetworkDBBPool;)V @ 265

Internal exceptions (10 events):
Event: 184.269 Thread 0x00007f631d49e800 Threw 0x00000007d63ce720 at /HUDSON/workspace/7u-2-build-linux-amd64@2/jdk7u51/527/hotspot/src/share/vm/prims/jni.cpp:717
Event: 189.270 Thread 0x00007f631d49e800 Threw 0x00000007d63d6c08 at /HUDSON/workspace/7u-2-build-linux-amd64@2/jdk7u51/527/hotspot/src/share/vm/prims/jni.cpp:717
Event: 194.272 Thread 0x00007f631d49e800 Threw 0x00000007d63df0f0 at /HUDSON/workspace/7u-2-build-linux-amd64@2/jdk7u51/527/hotspot/src/share/vm/prims/jni.cpp:717
Event: 199.273 Thread 0x00007f631d49e800 Threw 0x00000007d63e75d8 at /HUDSON/workspace/7u-2-build-linux-amd64@2/jdk7u51/527/hotspot/src/share/vm/prims/jni.cpp:717
Event: 172716.396 Thread 0x00007f631d49e800 Threw 0x00000007d63efac0 at /HUDSON/workspace/7u-2-build-linux-amd64@2/jdk7u51/527/hotspot/src/share/vm/prims/jni.cpp:717
Event: 172716.834 Thread 0x00007f631c2f5800 Implicit null exception at 0x00007f63203487e9 to 0x00007f632034a911
Event: 172716.836 Thread 0x00007f62cc055000 Implicit null exception at 0x00007f632032700c to 0x00007f6320327055
Event: 172716.836 Thread 0x00007f62cc055000 Implicit null exception at 0x00007f63203475af to 0x00007f63203479e9
Event: 172721.397 Thread 0x00007f631d49e800 Threw 0x00000007d63f7fa8 at /HUDSON/workspace/7u-2-build-linux-amd64@2/jdk7u51/527/hotspot/src/share/vm/prims/jni.cpp:717
Event: 172726.398 Thread 0x00007f631d49e800 Threw 0x00000007d6400490 at /HUDSON/workspace/7u-2-build-linux-amd64@2/jdk7u51/527/hotspot/src/share/vm/prims/jni.cpp:717

Events (10 events):
Event: 172716.993 Thread 0x00007f631c9bb800 DEOPT UNPACKING pc=0x00007f63201b3445 sp=0x00007f6318a6f640 mode 2
Event: 172716.993 Thread 0x00007f631c2f5800 Uncommon trap: trap_request=0xffffffad fr.pc=0x00007f632032a35c
Event: 172716.993 Thread 0x00007f631c2f5800 DEOPT PACKING pc=0x00007f632032a35c sp=0x00007f631973a380
Event: 172716.993 Thread 0x00007f631c2f5800 DEOPT UNPACKING pc=0x00007f63201b3445 sp=0x00007f631973a358 mode 2
Event: 172717.824 Executing VM operation: RevokeBias
Event: 172717.824 Executing VM operation: RevokeBias done
Event: 172717.824 Thread 0x00007f62d800c000 Thread exited: 0x00007f62d800c000
Event: 172726.824 Executing VM operation: RevokeBias
Event: 172726.824 Executing VM operation: RevokeBias done
Event: 172726.824 Thread 0x00007f62d800e000 Thread exited: 0x00007f62d800e000


Dynamic libraries:
00400000-00401000 r-xp 00000000 fd:00 1065628                            /usr/java/jdk1.7.0_51/jre/bin/java
00600000-00601000 rw-p 00000000 fd:00 1065628                            /usr/java/jdk1.7.0_51/jre/bin/java
0140f000-01a44000 rw-p 00000000 00:00 0                                  [heap]
77ae00000-77d880000 rw-p 00000000 00:00 0 
77d880000-780000000 rw-p 00000000 00:00 0 
780000000-782780000 rw-p 00000000 00:00 0 
782780000-784480000 ---p 00000000 00:00 0 
784480000-7d5500000 rw-p 00000000 00:00 0 
7d5500000-7fc300000 rw-p 00000000 00:00 0 
7fc300000-800000000 rw-p 00000000 00:00 0 
37bda00000-37bda20000 r-xp 00000000 fd:00 141526                         /lib64/ld-2.12.so
37bdc1f000-37bdc20000 r--p 0001f000 fd:00 141526                         /lib64/ld-2.12.so
37bdc20000-37bdc21000 rw-p 00020000 fd:00 141526                         /lib64/ld-2.12.so
37bdc21000-37bdc22000 rw-p 00000000 00:00 0 
37bde00000-37bde02000 r-xp 00000000 fd:00 141530                         /lib64/libdl-2.12.so
37bde02000-37be002000 ---p 00002000 fd:00 141530                         /lib64/libdl-2.12.so
37be002000-37be003000 r--p 00002000 fd:00 141530                         /lib64/libdl-2.12.so
37be003000-37be004000 rw-p 00003000 fd:00 141530                         /lib64/libdl-2.12.so
37be200000-37be38b000 r-xp 00000000 fd:00 141527                         /lib64/libc-2.12.so
37be38b000-37be58a000 ---p 0018b000 fd:00 141527                         /lib64/libc-2.12.so
37be58a000-37be58e000 r--p 0018a000 fd:00 141527                         /lib64/libc-2.12.so
37be58e000-37be58f000 rw-p 0018e000 fd:00 141527                         /lib64/libc-2.12.so
37be58f000-37be594000 rw-p 00000000 00:00 0 
37be600000-37be617000 r-xp 00000000 fd:00 141528                         /lib64/libpthread-2.12.so
37be617000-37be817000 ---p 00017000 fd:00 141528                         /lib64/libpthread-2.12.so
37be817000-37be818000 r--p 00017000 fd:00 141528                         /lib64/libpthread-2.12.so
37be818000-37be819000 rw-p 00018000 fd:00 141528                         /lib64/libpthread-2.12.so
37be819000-37be81d000 rw-p 00000000 00:00 0 
37bea00000-37bea83000 r-xp 00000000 fd:00 141558                         /lib64/libm-2.12.so
37bea83000-37bec82000 ---p 00083000 fd:00 141558                         /lib64/libm-2.12.so
37bec82000-37bec83000 r--p 00082000 fd:00 141558                         /lib64/libm-2.12.so
37bec83000-37bec84000 rw-p 00083000 fd:00 141558                         /lib64/libm-2.12.so
37bee00000-37bee07000 r-xp 00000000 fd:00 141529                         /lib64/librt-2.12.so
37bee07000-37bf006000 ---p 00007000 fd:00 141529                         /lib64/librt-2.12.so
37bf006000-37bf007000 r--p 00006000 fd:00 141529                         /lib64/librt-2.12.so
37bf007000-37bf008000 rw-p 00007000 fd:00 141529                         /lib64/librt-2.12.so
37bfe00000-37bfe16000 r-xp 00000000 fd:00 141535                         /lib64/libresolv-2.12.so
37bfe16000-37c0016000 ---p 00016000 fd:00 141535                         /lib64/libresolv-2.12.so
37c0016000-37c0017000 r--p 00016000 fd:00 141535                         /lib64/libresolv-2.12.so
37c0017000-37c0018000 rw-p 00017000 fd:00 141535                         /lib64/libresolv-2.12.so
37c0018000-37c001a000 rw-p 00000000 00:00 0 
37c9200000-37c9216000 r-xp 00000000 fd:00 131249                         /lib64/libgcc_s-4.4.7-20120601.so.1
37c9216000-37c9415000 ---p 00016000 fd:00 131249                         /lib64/libgcc_s-4.4.7-20120601.so.1
37c9415000-37c9416000 rw-p 00015000 fd:00 131249                         /lib64/libgcc_s-4.4.7-20120601.so.1
37ca200000-37ca2e8000 r-xp 00000000 fd:00 789619                         /usr/lib64/libstdc++.so.6.0.13
37ca2e8000-37ca4e8000 ---p 000e8000 fd:00 789619                         /usr/lib64/libstdc++.so.6.0.13
37ca4e8000-37ca4ef000 r--p 000e8000 fd:00 789619                         /usr/lib64/libstdc++.so.6.0.13
37ca4ef000-37ca4f1000 rw-p 000ef000 fd:00 789619                         /usr/lib64/libstdc++.so.6.0.13
37ca4f1000-37ca506000 rw-p 00000000 00:00 0 
7f62bea6f000-7f62cb2f8000 rw-p 00000000 00:00 0 
7f62cb2f8000-7f62cb2fb000 ---p 00000000 00:00 0 
7f62cb2fb000-7f62cb3f9000 rw-p 00000000 00:00 0 
7f62cb3f9000-7f62cb3fc000 ---p 00000000 00:00 0 
7f62cb3fc000-7f62cb4fa000 rw-p 00000000 00:00 0 
7f62cb4fa000-7f62cb4fd000 ---p 00000000 00:00 0 
7f62cb4fd000-7f62cc000000 rw-p 00000000 00:00 0 
7f62cc000000-7f62cc5c4000 rw-p 00000000 00:00 0 
7f62cc5c4000-7f62d0000000 ---p 00000000 00:00 0 
7f62d0000000-7f62d00b9000 rw-p 00000000 00:00 0 
7f62d00b9000-7f62d4000000 ---p 00000000 00:00 0 
7f62d4000000-7f62d402a000 rw-p 00000000 00:00 0 
7f62d402a000-7f62d8000000 ---p 00000000 00:00 0 
7f62d8000000-7f62d8042000 rw-p 00000000 00:00 0 
7f62d8042000-7f62dc000000 ---p 00000000 00:00 0 
7f62dc000000-7f62dc56a000 rw-p 00000000 00:00 0 
7f62dc56a000-7f62e0000000 ---p 00000000 00:00 0 
7f62e0000000-7f62e05b5000 rw-p 00000000 00:00 0 
7f62e05b5000-7f62e4000000 ---p 00000000 00:00 0 
7f62e4000000-7f62e49b2000 rw-p 00000000 00:00 0 
7f62e49b2000-7f62e8000000 ---p 00000000 00:00 0 
7f62e8000000-7f62e893f000 rw-p 00000000 00:00 0 
7f62e893f000-7f62ec000000 ---p 00000000 00:00 0 
7f62ec000000-7f62ec021000 rw-p 00000000 00:00 0 
7f62ec021000-7f62f0000000 ---p 00000000 00:00 0 
7f62f000a000-7f62f216f000 rw-p 00000000 00:00 0 
7f62f216f000-7f62f8000000 r--p 00000000 fd:00 812593                     /usr/lib/locale/locale-archive
7f62f8000000-7f62f8021000 rw-p 00000000 00:00 0 
7f62f8021000-7f62fc000000 ---p 00000000 00:00 0 
7f62fc000000-7f62fc021000 rw-p 00000000 00:00 0 
7f62fc021000-7f6300000000 ---p 00000000 00:00 0 
7f6300000000-7f6300021000 rw-p 00000000 00:00 0 
7f6300021000-7f6304000000 ---p 00000000 00:00 0 
7f6304017000-7f63040ca000 rw-p 00000000 00:00 0 
7f63040ca000-7f63040df000 r-xp 00000000 fd:00 393282                     /tmp/jna5788203488710895471.tmp
7f63040df000-7f63041de000 ---p 00015000 fd:00 393282                     /tmp/jna5788203488710895471.tmp
7f63041de000-7f63041e0000 rw-p 00014000 fd:00 393282                     /tmp/jna5788203488710895471.tmp
7f63041e0000-7f63045e2000 rw-p 00000000 00:00 0 
7f63045ea000-7f63046c1000 rw-p 00000000 00:00 0 
7f63046c1000-7f63046c4000 ---p 00000000 00:00 0 
7f63046c4000-7f6304702000 rw-p 00000000 00:00 0 
7f6304702000-7f6304705000 ---p 00000000 00:00 0 
7f6304705000-7f6304fa8000 rw-p 00000000 00:00 0 
7f6304fb6000-7f6304fe7000 rw-p 00000000 00:00 0 
7f6304fe7000-7f6304fea000 ---p 00000000 00:00 0 
7f6304fea000-7f6305028000 rw-p 00000000 00:00 0 
7f6305028000-7f630502b000 ---p 00000000 00:00 0 
7f630502b000-7f6305069000 rw-p 00000000 00:00 0 
7f6305069000-7f630506c000 ---p 00000000 00:00 0 
7f630506c000-7f6306b6c000 rw-p 00000000 00:00 0 
7f6306b7a000-7f6306bab000 rw-p 00000000 00:00 0 
7f6306bab000-7f6306bae000 ---p 00000000 00:00 0 
7f6306bae000-7f6306bec000 rw-p 00000000 00:00 0 
7f6306bec000-7f6306bef000 ---p 00000000 00:00 0 
7f6306bef000-7f6306c2d000 rw-p 00000000 00:00 0 
7f6306c2d000-7f6306c30000 ---p 00000000 00:00 0 
7f6306c30000-7f630c000000 rw-p 00000000 00:00 0 
7f630c000000-7f630c021000 rw-p 00000000 00:00 0 
7f630c021000-7f6310000000 ---p 00000000 00:00 0 
7f6310008000-7f6310029000 rw-p 00000000 00:00 0 
7f6310029000-7f631002c000 ---p 00000000 00:00 0 
7f631002c000-7f631006a000 rw-p 00000000 00:00 0 
7f631006a000-7f631006d000 ---p 00000000 00:00 0 
7f631006d000-7f63105ac000 rw-p 00000000 00:00 0 
7f63105ac000-7f63105e0000 r-xp 00000000 fd:00 393268                     /tmp/snappy-1.1.0.1-aa10e347-2b15-4a29-9685-fcfd8d86905c-libsnappyjava.so
7f63105e0000-7f63107df000 ---p 00034000 fd:00 393268                     /tmp/snappy-1.1.0.1-aa10e347-2b15-4a29-9685-fcfd8d86905c-libsnappyjava.so
7f63107df000-7f63107e2000 rw-p 00033000 fd:00 393268                     /tmp/snappy-1.1.0.1-aa10e347-2b15-4a29-9685-fcfd8d86905c-libsnappyjava.so
7f63107e2000-7f6310ff8000 rw-p 00000000 00:00 0 
7f6310ff8000-7f6310ffb000 ---p 00000000 00:00 0 
7f6310ffb000-7f6311f3b000 rw-p 00000000 00:00 0 
7f6311f59000-7f6311f7a000 rw-p 00000000 00:00 0 
7f6311f7a000-7f6311f7d000 ---p 00000000 00:00 0 
7f6311f7d000-7f6311fbb000 rw-p 00000000 00:00 0 
7f6311fbb000-7f6311fbe000 ---p 00000000 00:00 0 
7f6311fbe000-7f6311ffc000 rw-p 00000000 00:00 0 
7f6311ffc000-7f6311fff000 ---p 00000000 00:00 0 
7f6311fff000-7f6314000000 rw-p 00000000 00:00 0 
7f6314000000-7f6314063000 rw-p 00000000 00:00 0 
7f6314063000-7f6318000000 ---p 00000000 00:00 0 
7f6318019000-7f631809b000 rw-p 00000000 00:00 0 
7f631809b000-7f631809e000 ---p 00000000 00:00 0 
7f631809e000-7f63180d4000 rw-p 00000000 00:00 0 
7f63180d4000-7f63180d7000 ---p 00000000 00:00 0 
7f63180d7000-7f63181d5000 rw-p 00000000 00:00 0 
7f63181d5000-7f63181d8000 ---p 00000000 00:00 0 
7f63181d8000-7f6318216000 rw-p 00000000 00:00 0 
7f6318225000-7f6318754000 r-xp 00000000 fd:00 928293                     /home/thorsten/voltdb-4.0.2.3/voltdb/libvoltdb-4.0.2.3.so
7f6318754000-7f6318953000 ---p 0052f000 fd:00 928293                     /home/thorsten/voltdb-4.0.2.3/voltdb/libvoltdb-4.0.2.3.so
7f6318953000-7f631896f000 rw-p 0052e000 fd:00 928293                     /home/thorsten/voltdb-4.0.2.3/voltdb/libvoltdb-4.0.2.3.so
7f631896f000-7f6318970000 rw-p 00000000 00:00 0 
7f6318970000-7f6318973000 ---p 00000000 00:00 0 
7f6318973000-7f6318a71000 rw-p 00000000 00:00 0 
7f6318a71000-7f6318a74000 ---p 00000000 00:00 0 
7f6318a74000-7f6318ab2000 rw-p 00000000 00:00 0 
7f6318ab2000-7f6318ab5000 ---p 00000000 00:00 0 
7f6318ab5000-7f6318af3000 rw-p 00000000 00:00 0 
7f6318af3000-7f6318af6000 ---p 00000000 00:00 0 
7f6318af6000-7f6318b34000 rw-p 00000000 00:00 0 
7f6318b34000-7f6318b37000 ---p 00000000 00:00 0 
7f6318b37000-7f6318c35000 rw-p 00000000 00:00 0 
7f6318c35000-7f6318c38000 ---p 00000000 00:00 0 
7f6318c38000-7f6318c6e000 rw-p 00000000 00:00 0 
7f6318c6e000-7f6318c71000 ---p 00000000 00:00 0 
7f6318c71000-7f6318ca7000 rw-p 00000000 00:00 0 
7f6318ca7000-7f6318caa000 ---p 00000000 00:00 0 
7f6318caa000-7f6318ce8000 rw-p 00000000 00:00 0 
7f6318ce8000-7f6318ceb000 ---p 00000000 00:00 0 
7f6318ceb000-7f6318d29000 rw-p 00000000 00:00 0 
7f6318d29000-7f6318d2c000 ---p 00000000 00:00 0 
7f6318d2c000-7f6318d6a000 rw-p 00000000 00:00 0 
7f6318d6a000-7f6318d6d000 ---p 00000000 00:00 0 
7f6318d6d000-7f6318dab000 rw-p 00000000 00:00 0 
7f6318dab000-7f6318dae000 ---p 00000000 00:00 0 
7f6318dae000-7f6318dec000 rw-p 00000000 00:00 0 
7f6318dec000-7f6318def000 ---p 00000000 00:00 0 
7f6318def000-7f6318e2d000 rw-p 00000000 00:00 0 
7f6318e2d000-7f6318e30000 ---p 00000000 00:00 0 
7f6318e30000-7f6318f2e000 rw-p 00000000 00:00 0 
7f6318f2e000-7f6318f31000 ---p 00000000 00:00 0 
7f6318f31000-7f631902f000 rw-p 00000000 00:00 0 
7f631902f000-7f6319032000 ---p 00000000 00:00 0 
7f6319032000-7f6319130000 rw-p 00000000 00:00 0 
7f6319130000-7f6319138000 r-xp 00000000 fd:00 1065684                    /usr/java/jdk1.7.0_51/jre/lib/amd64/libmanagement.so
7f6319138000-7f6319337000 ---p 00008000 fd:00 1065684                    /usr/java/jdk1.7.0_51/jre/lib/amd64/libmanagement.so
7f6319337000-7f6319338000 rw-p 00007000 fd:00 1065684                    /usr/java/jdk1.7.0_51/jre/lib/amd64/libmanagement.so
7f6319338000-7f631933b000 ---p 00000000 00:00 0 
7f631933b000-7f6319439000 rw-p 00000000 00:00 0 
7f6319439000-7f631943c000 ---p 00000000 00:00 0 
7f631943c000-7f631953a000 rw-p 00000000 00:00 0 
7f631953a000-7f631953d000 ---p 00000000 00:00 0 
7f631953d000-7f631963b000 rw-p 00000000 00:00 0 
7f631963b000-7f631963e000 ---p 00000000 00:00 0 
7f631963e000-7f631973c000 rw-p 00000000 00:00 0 
7f631973c000-7f631973f000 ---p 00000000 00:00 0 
7f631973f000-7f631977d000 rw-p 00000000 00:00 0 
7f631977d000-7f6319782000 r-xp 00000000 fd:00 131101                     /lib64/libnss_dns-2.12.so
7f6319782000-7f6319981000 ---p 00005000 fd:00 131101                     /lib64/libnss_dns-2.12.so
7f6319981000-7f6319982000 r--p 00004000 fd:00 131101                     /lib64/libnss_dns-2.12.so
7f6319982000-7f6319983000 rw-p 00005000 fd:00 131101                     /lib64/libnss_dns-2.12.so
7f6319989000-7f631998a000 rw-p 00000000 00:00 0 
7f631998a000-7f631998b000 rw-s 00000000 fd:00 400335                     /tmp/fficn7fPy (deleted)
7f631998b000-7f631998e000 r--s 00018000 fd:00 1065872                    /usr/java/jdk1.7.0_51/jre/lib/jce.jar
7f631998e000-7f6319992000 r--s 0008a000 fd:00 1065943                    /usr/java/jdk1.7.0_51/jre/lib/jsse.jar
7f6319992000-7f631999d000 r--s 000af000 fd:00 1065942                    /usr/java/jdk1.7.0_51/jre/lib/resources.jar
7f631999d000-7f631999f000 r--s 0000c000 fd:00 928743                     /home/thorsten/voltdb-4.0.2.3/lib/zmq-2.1.11.jar
7f631999f000-7f63199a0000 r--s 00004000 fd:00 928790                     /home/thorsten/voltdb-4.0.2.3/lib/jetty-continuation-7.6.1.v20120215.jar
7f63199a0000-7f63199a2000 r--s 00014000 fd:00 928793                     /home/thorsten/voltdb-4.0.2.3/lib/jetty-http-7.6.1.v20120215.jar
7f63199a2000-7f63199a5000 r--s 0001c000 fd:00 928741                     /home/thorsten/voltdb-4.0.2.3/lib/tomcat-jdbc.jar
7f63199a5000-7f63199a7000 r--s 00005000 fd:00 928740                     /home/thorsten/voltdb-4.0.2.3/lib/slf4j-api-1.6.2.jar
7f63199a7000-7f63199ad000 r--s 00068000 fd:00 928792                     /home/thorsten/voltdb-4.0.2.3/lib/protobuf-java-2.4.1.jar
7f63199ad000-7f63199b0000 r--s 0002f000 fd:00 928742                     /home/thorsten/voltdb-4.0.2.3/lib/jline-2.10.jar
7f63199b0000-7f63199b5000 r--s 00038000 fd:00 928737                     /home/thorsten/voltdb-4.0.2.3/lib/jetty-util-7.6.1.v20120215.jar
7f63199b5000-7f63199ba000 r--s 00047000 fd:00 928785                     /home/thorsten/voltdb-4.0.2.3/lib/jetty-server-7.6.1.v20120215.jar
7f63199ba000-7f63199bf000 r--s 00046000 fd:00 928786                     /home/thorsten/voltdb-4.0.2.3/lib/commons-lang3-3.0.jar
7f63199bf000-7f63199c1000 r--s 00016000 fd:00 928736                     /home/thorsten/voltdb-4.0.2.3/lib/jetty-io-7.6.1.v20120215.jar
7f63199c1000-7f6319a25000 r--s 005a0000 fd:00 928783                     /home/thorsten/voltdb-4.0.2.3/lib/groovy-all-2.1.7-indy.jar
7f6319a25000-7f6319a3b000 r-xp 00000000 fd:00 1065686                    /usr/java/jdk1.7.0_51/jre/lib/amd64/libnet.so
7f6319a3b000-7f6319c3b000 ---p 00016000 fd:00 1065686                    /usr/java/jdk1.7.0_51/jre/lib/amd64/libnet.so
7f6319c3b000-7f6319c3c000 rw-p 00016000 fd:00 1065686                    /usr/java/jdk1.7.0_51/jre/lib/amd64/libnet.so
7f6319c3c000-7f6319c4c000 r-xp 00000000 fd:00 1065687                    /usr/java/jdk1.7.0_51/jre/lib/amd64/libnio.so
7f6319c4c000-7f6319e4c000 ---p 00010000 fd:00 1065687                    /usr/java/jdk1.7.0_51/jre/lib/amd64/libnio.so
7f6319e4c000-7f6319e4d000 rw-p 00010000 fd:00 1065687                    /usr/java/jdk1.7.0_51/jre/lib/amd64/libnio.so
7f6319e4d000-7f6319eb3000 r--s 006c7000 fd:00 928294                     /home/thorsten/voltdb-4.0.2.3/voltdb/voltdb-4.0.2.3.jar
7f6319eb3000-7f6319eb4000 ---p 00000000 00:00 0 
7f6319eb4000-7f6319fb4000 rw-p 00000000 00:00 0 
7f6319fb4000-7f6319fb7000 ---p 00000000 00:00 0 
7f6319fb7000-7f631a0b5000 rw-p 00000000 00:00 0 
7f631a0b5000-7f631a0b8000 ---p 00000000 00:00 0 
7f631a0b8000-7f631a1b6000 rw-p 00000000 00:00 0 
7f631a1b6000-7f631a1b9000 ---p 00000000 00:00 0 
7f631a1b9000-7f631a2b7000 rw-p 00000000 00:00 0 
7f631a2b7000-7f631a2ba000 ---p 00000000 00:00 0 
7f631a2ba000-7f631a3b8000 rw-p 00000000 00:00 0 
7f631a3b8000-7f631a3bb000 ---p 00000000 00:00 0 
7f631a3bb000-7f631a4b9000 rw-p 00000000 00:00 0 
7f631a4b9000-7f631a4bc000 ---p 00000000 00:00 0 
7f631a4bc000-7f631a5ba000 rw-p 00000000 00:00 0 
7f631a5ba000-7f631a5bb000 ---p 00000000 00:00 0 
7f631a5bb000-7f631b072000 rw-p 00000000 00:00 0 
7f631b072000-7f631b22f000 r--s 039bf000 fd:00 1066812                    /usr/java/jdk1.7.0_51/jre/lib/rt.jar
7f631b22f000-7f631b729000 rw-p 00000000 00:00 0 
7f631b729000-7f631b72a000 ---p 00000000 00:00 0 
7f631b72a000-7f631b82a000 rw-p 00000000 00:00 0 
7f631b82a000-7f631b82b000 ---p 00000000 00:00 0 
7f631b82b000-7f631b93f000 rw-p 00000000 00:00 0 
7f631b93f000-7f631b94e000 ---p 00000000 00:00 0 
7f631b94e000-7f631bbd6000 rw-p 00000000 00:00 0 
7f631bbd6000-7f631bbec000 rw-p 00000000 00:00 0 
7f631bbec000-7f631bbff000 rw-p 00000000 00:00 0 
7f631bbff000-7f631bc13000 rw-p 00000000 00:00 0 
7f631bc13000-7f631bc22000 ---p 00000000 00:00 0 
7f631bc22000-7f631bea9000 rw-p 00000000 00:00 0 
7f631bea9000-7f631bfe1000 rw-p 00000000 00:00 0 
7f631bfe1000-7f631bfff000 rw-p 00000000 00:00 0 
7f631bfff000-7f631c000000 rw-p 00000000 00:00 0 
7f631c000000-7f631d513000 rw-p 00000000 00:00 0 
7f631d513000-7f6320000000 ---p 00000000 00:00 0 
7f6320000000-7f6320003000 r--s 00014000 fd:00 928789                     /home/thorsten/voltdb-4.0.2.3/lib/super-csv-2.1.0.jar
7f6320003000-7f6320007000 r--s 00039000 fd:00 928787                     /home/thorsten/voltdb-4.0.2.3/lib/jsch-0.1.50.jar
7f6320007000-7f6320009000 r--s 00009000 fd:00 928738                     /home/thorsten/voltdb-4.0.2.3/lib/commons-cli-1.2.jar
7f6320009000-7f632000b000 r--s 00000000 fd:00 928739                     /home/thorsten/voltdb-4.0.2.3/lib/slf4j-nop-1.6.2.jar
7f632000b000-7f632000e000 r--s 00067000 fd:00 928791                     /home/thorsten/voltdb-4.0.2.3/lib/snappy-java-1.1.0.1.jar
7f632000e000-7f63200a7000 rw-p 00000000 00:00 0 
7f63200a7000-7f63200ba000 rw-p 00000000 00:00 0 
7f63200ba000-7f63200c5000 rw-p 00000000 00:00 0 
7f63200c5000-7f632017a000 rw-p 00000000 00:00 0 
7f632017a000-7f632041a000 rwxp 00000000 00:00 0 
7f632041a000-7f632317a000 rw-p 00000000 00:00 0 
7f632317a000-7f6323194000 r-xp 00000000 fd:00 1065698                    /usr/java/jdk1.7.0_51/jre/lib/amd64/libzip.so
7f6323194000-7f6323394000 ---p 0001a000 fd:00 1065698                    /usr/java/jdk1.7.0_51/jre/lib/amd64/libzip.so
7f6323394000-7f6323395000 rw-p 0001a000 fd:00 1065698                    /usr/java/jdk1.7.0_51/jre/lib/amd64/libzip.so
7f6323395000-7f63233a1000 r-xp 00000000 fd:00 131103                     /lib64/libnss_files-2.12.so
7f63233a1000-7f63235a1000 ---p 0000c000 fd:00 131103                     /lib64/libnss_files-2.12.so
7f63235a1000-7f63235a2000 r--p 0000c000 fd:00 131103                     /lib64/libnss_files-2.12.so
7f63235a2000-7f63235a3000 rw-p 0000d000 fd:00 131103                     /lib64/libnss_files-2.12.so
7f63235a3000-7f63235a4000 r-xs 00000000 fd:00 400335                     /tmp/fficn7fPy (deleted)
7f63235a4000-7f63235ad000 r--s 0006d000 fd:00 928784                     /home/thorsten/voltdb-4.0.2.3/lib/log4j-1.2.16.jar
7f63235ad000-7f63235af000 r--s 00011000 fd:00 928788                     /home/thorsten/voltdb-4.0.2.3/lib/tomcat-juli.jar
7f63235af000-7f63235b2000 r--s 0001b000 fd:00 928796                     /home/thorsten/voltdb-4.0.2.3/lib/servlet-api-2.5.jar
7f63235b2000-7f63235db000 r-xp 00000000 fd:00 1065668                    /usr/java/jdk1.7.0_51/jre/lib/amd64/libjava.so
7f63235db000-7f63237db000 ---p 00029000 fd:00 1065668                    /usr/java/jdk1.7.0_51/jre/lib/amd64/libjava.so
7f63237db000-7f63237dd000 rw-p 00029000 fd:00 1065668                    /usr/java/jdk1.7.0_51/jre/lib/amd64/libjava.so
7f63237dd000-7f63237ea000 r-xp 00000000 fd:00 1065697                    /usr/java/jdk1.7.0_51/jre/lib/amd64/libverify.so
7f63237ea000-7f63239e9000 ---p 0000d000 fd:00 1065697                    /usr/java/jdk1.7.0_51/jre/lib/amd64/libverify.so
7f63239e9000-7f63239eb000 rw-p 0000c000 fd:00 1065697                    /usr/java/jdk1.7.0_51/jre/lib/amd64/libverify.so
7f63239eb000-7f63239ee000 ---p 00000000 00:00 0 
7f63239ee000-7f6323aec000 rw-p 00000000 00:00 0 
7f6323aec000-7f632464e000 r-xp 00000000 fd:00 1065702                    /usr/java/jdk1.7.0_51/jre/lib/amd64/server/libjvm.so
7f632464e000-7f632484e000 ---p 00b62000 fd:00 1065702                    /usr/java/jdk1.7.0_51/jre/lib/amd64/server/libjvm.so
7f632484e000-7f6324911000 rw-p 00b62000 fd:00 1065702                    /usr/java/jdk1.7.0_51/jre/lib/amd64/server/libjvm.so
7f6324911000-7f6324955000 rw-p 00000000 00:00 0 
7f6324955000-7f632496b000 r-xp 00000000 fd:00 1065650                    /usr/java/jdk1.7.0_51/jre/lib/amd64/jli/libjli.so
7f632496b000-7f6324b6b000 ---p 00016000 fd:00 1065650                    /usr/java/jdk1.7.0_51/jre/lib/amd64/jli/libjli.so
7f6324b6b000-7f6324b6c000 rw-p 00016000 fd:00 1065650                    /usr/java/jdk1.7.0_51/jre/lib/amd64/jli/libjli.so
7f6324b6c000-7f6324b6d000 rw-p 00000000 00:00 0 
7f6324b6d000-7f6324b6e000 r--p 00000000 00:00 0 
7f6324b6e000-7f6324b72000 r--s 000d0000 fd:00 928795                     /home/thorsten/voltdb-4.0.2.3/lib/jna.jar
7f6324b72000-7f6324b7a000 rw-s 00000000 fd:00 393243                     /tmp/hsperfdata_thorsten/2789
7f6324b7a000-7f6324b7b000 rw-p 00000000 00:00 0 
7f6324b7b000-7f6324b7c000 r--p 00000000 00:00 0 
7f6324b7c000-7f6324b7d000 rw-p 00000000 00:00 0 
7fffb2ad0000-7fffb2ae5000 rw-p 00000000 00:00 0                          [stack]
7fffb2b46000-7fffb2b47000 r-xp 00000000 00:00 0                          [vdso]
ffffffffff600000-ffffffffff601000 r-xp 00000000 00:00 0                  [vsyscall]

VM Arguments:
jvm_args: -Xmx2048m -XX:+HeapDumpOnOutOfMemoryError -XX:HeapDumpPath=/tmp -XX:-ReduceInitialCardMarks -Dlog4j.configuration=file:///home/thorsten/voltdb-4.0.2.3/voltdb/log4j.xml -Djava.library.path=/home/thorsten/voltdb-4.0.2.3/voltdb 
java_command: org.voltdb.VoltDB create catalog /home/thorsten/git/velimontana/VeliSphereMontana/catalog.jar deployment deployment.xml host localhost
Launcher Type: SUN_STANDARD

Environment Variables:
PATH=/usr/lib64/qt-3.3/bin:/usr/local/bin:/usr/bin:/bin:/usr/local/sbin:/usr/sbin:/sbin:/home/thorsten/bin
USERNAME=thorsten
SHELL=/bin/bash
DISPLAY=:0.0

Signal Handlers:
SIGSEGV: [libjvm.so+0x993870], sa_mask[0]=0x7ffbfeff, sa_flags=0x10000004
SIGBUS: [libjvm.so+0x993870], sa_mask[0]=0x7ffbfeff, sa_flags=0x10000004
SIGFPE: [libjvm.so+0x8105b0], sa_mask[0]=0x7ffbfeff, sa_flags=0x10000004
SIGPIPE: [libjvm.so+0x8105b0], sa_mask[0]=0x7ffbfeff, sa_flags=0x10000004
SIGXFSZ: [libjvm.so+0x8105b0], sa_mask[0]=0x7ffbfeff, sa_flags=0x10000004
SIGILL: [libjvm.so+0x8105b0], sa_mask[0]=0x7ffbfeff, sa_flags=0x10000004
SIGUSR1: SIG_DFL, sa_mask[0]=0x00000000, sa_flags=0x00000000
SIGUSR2: [libjvm.so+0x811aa0], sa_mask[0]=0x00000004, sa_flags=0x10000004
SIGHUP: [libjvm.so+0x812a10], sa_mask[0]=0x7ffbfeff, sa_flags=0x10000004
SIGINT: [libjvm.so+0x812a10], sa_mask[0]=0x7ffbfeff, sa_flags=0x10000004
SIGTERM: [libjvm.so+0x812a10], sa_mask[0]=0x7ffbfeff, sa_flags=0x10000004
SIGQUIT: [libjvm.so+0x812a10], sa_mask[0]=0x7ffbfeff, sa_flags=0x10000004


---------------  S Y S T E M  ---------------

OS:CentOS release 6.4 (Final)

uname:Linux 2.6.32-358.el6.x86_64 #1 SMP Fri Feb 22 00:31:26 UTC 2013 x86_64
libc:glibc 2.12 NPTL 2.12 
rlimit: STACK 10240k, CORE 0k, NPROC 1024, NOFILE 4096, AS infinity
load average:0.20 0.26 0.14

/proc/meminfo:
MemTotal:        2768700 kB
MemFree:          803576 kB
Buffers:           30744 kB
Cached:           345048 kB
SwapCached:            0 kB
Active:          1531136 kB
Inactive:         268256 kB
Active(anon):    1423180 kB
Inactive(anon):     4916 kB
Active(file):     107956 kB
Inactive(file):   263340 kB
Unevictable:           0 kB
Mlocked:               0 kB
SwapTotal:       2916344 kB
SwapFree:        2916344 kB
Dirty:                92 kB
Writeback:             0 kB
AnonPages:       1423764 kB
Mapped:            94788 kB
Shmem:              4500 kB
Slab:              90208 kB
SReclaimable:      27400 kB
SUnreclaim:        62808 kB
KernelStack:        2800 kB
PageTables:        30752 kB
NFS_Unstable:          0 kB
Bounce:                0 kB
WritebackTmp:          0 kB
CommitLimit:     4300692 kB
Committed_AS:    2752608 kB
VmallocTotal:   34359738367 kB
VmallocUsed:      288064 kB
VmallocChunk:   34359434268 kB
HardwareCorrupted:     0 kB
AnonHugePages:    921600 kB
HugePages_Total:       0
HugePages_Free:        0
HugePages_Rsvd:        0
HugePages_Surp:        0
Hugepagesize:       2048 kB
DirectMap4k:        8192 kB
DirectMap2M:     2957312 kB


CPU:total 2 (1 cores per cpu, 1 threads per core) family 6 model 58 stepping 9, cmov, cx8, fxsr, mmx, sse, sse2, sse3, ssse3, sse4.1, sse4.2, popcnt, avx, aes, erms, tsc, tscinvbit, tscinv

/proc/cpuinfo:
processor	: 0
vendor_id	: GenuineIntel
cpu family	: 6
model		: 58
model name	: Intel(R) Core(TM) i5-3570K CPU @ 3.40GHz
stepping	: 9
cpu MHz		: 3400.119
cache size	: 6144 KB
fpu		: yes
fpu_exception	: yes
cpuid level	: 13
wp		: yes
flags		: fpu vme de pse tsc msr pae mce cx8 apic sep mtrr pge mca cmov pat pse36 clflush dts mmx fxsr sse sse2 ss syscall nx rdtscp lm constant_tsc arch_perfmon pebs bts xtopology tsc_reliable nonstop_tsc aperfmperf unfair_spinlock pni pclmulqdq ssse3 cx16 pcid sse4_1 sse4_2 x2apic popcnt aes xsave avx f16c rdrand hypervisor lahf_lm ida arat epb xsaveopt pln pts dts fsgsbase smep
bogomips	: 6800.23
clflush size	: 64
cache_alignment	: 64
address sizes	: 40 bits physical, 48 bits virtual
power management:

processor	: 1
vendor_id	: GenuineIntel
cpu family	: 6
model		: 58
model name	: Intel(R) Core(TM) i5-3570K CPU @ 3.40GHz
stepping	: 9
cpu MHz		: 3400.119
cache size	: 6144 KB
fpu		: yes
fpu_exception	: yes
cpuid level	: 13
wp		: yes
flags		: fpu vme de pse tsc msr pae mce cx8 apic sep mtrr pge mca cmov pat pse36 clflush dts mmx fxsr sse sse2 ss syscall nx rdtscp lm constant_tsc arch_perfmon pebs bts xtopology tsc_reliable nonstop_tsc aperfmperf unfair_spinlock pni pclmulqdq ssse3 cx16 pcid sse4_1 sse4_2 x2apic popcnt aes xsave avx f16c rdrand hypervisor lahf_lm ida arat epb xsaveopt pln pts dts fsgsbase smep
bogomips	: 6800.23
clflush size	: 64
cache_alignment	: 64
address sizes	: 40 bits physical, 48 bits virtual
power management:



Memory: 4k page, physical 2768700k(803576k free), swap 2916344k(2916344k free)

vm_info: Java HotSpot(TM) 64-Bit Server VM (24.51-b03) for linux-amd64 JRE (1.7.0_51-b13), built on Dec 18 2013 18:48:01 by "java_re" with gcc 4.3.0 20080428 (Red Hat 4.3.0-8)

time: Sat Mar  1 11:55:43 2014
elapsed time: 172727 seconds

