#
# A fatal error has been detected by the Java Runtime Environment:
#
#  SIGSEGV (0xb) at pc=0x00007f6d115978d1, pid=52974, tid=140106423731968
#
# JRE version: Java(TM) SE Runtime Environment (7.0_51-b13) (build 1.7.0_51-b13)
# Java VM: Java HotSpot(TM) 64-Bit Server VM (24.51-b03 mixed mode linux-amd64 compressed oops)
# Problematic frame:
# C  [libvoltdb-4.0.2.3.so+0x4028d1]  voltdb::StringRef::get()+0x1
#
# Failed to write core dump. Core dumps have been disabled. To enable core dumping, try "ulimit -c unlimited" before starting Java again
#
# If you would like to submit a bug report, please visit:
#   http://bugreport.sun.com/bugreport/crash.jsp
# The crash happened outside the Java Virtual Machine in native code.
# See problematic frame for where to report the bug.
#

---------------  T H R E A D  ---------------

Current thread (0x00007f6d208f8000):  JavaThread "Iv2ExecutionSite: 0:0" [_thread_in_native, id=53006, stack(0x00007f6d118e0000,0x00007f6d119e1000)]

siginfo:si_signo=SIGSEGV: si_errno=0, si_code=128 (), si_addr=0x0000000000000000

Registers:
RAX=0x0000000000000000, RBX=0x00007f6d119dc5a0, RCX=0x00007f6cf516e0b0, RDX=0x00007f6d11614ef8
RSP=0x00007f6d119d9e20, RBP=0x00007f6d119d9f30, RSI=0x00007f6d119dc5a0, RDI=0x3100000000000009
R8 =0x0000000000000002, R9 =0x0000000000000001, R10=0x0000000000000038, R11=0x000000000000000b
R12=0x00007f6d119dc5a0, R13=0x00007f6d119dc5a0, R14=0x0000000000000000, R15=0x0000000032313143
RIP=0x00007f6d115978d1, EFLAGS=0x0000000000010246, CSGSFS=0x0000000000000033, ERR=0x0000000000000000
  TRAPNO=0x000000000000000d

Top of Stack: (sp=0x00007f6d119d9e20)
0x00007f6d119d9e20:   00007f6d119d9f30 00007f6d11315299
0x00007f6d119d9e30:   0000000000000000 0000000000000000
0x00007f6d119d9e40:   00007f6d119dc0e8 0000000000000014
0x00007f6d119d9e50:   00007f6d119d9eb4 00000037ca29bafb
0x00007f6d119d9e60:   00007f6d119dc0e8 00007f6d119d9f90
0x00007f6d119d9e70:   0000000d119dc138 00007f6d00000014
0x00007f6d119d9e80:   000000000234c330 00007f6d119dc5a0
0x00007f6d119d9e90:   00007f6d119dc570 000000000234c330
0x00007f6d119d9ea0:   00007f6d119dc3f0 00007f6d1131cb22
0x00007f6d119d9eb0:   00007f6cf516e078 000000010000000d
0x00007f6d119d9ec0:   0000000000000009 00000037ca281b58
0x00007f6d119d9ed0:   00007f6d119d9f60 00000037ca2be7de
0x00007f6d119d9ee0:   00007f6d119d9f78 0000000100001002
0x00007f6d119d9ef0:   2000000000000000 00000037ca4f22e0
0x00007f6d119d9f00:   00000014ca4f1fc0 000000370000000d
0x00007f6d119d9f10:   000000000234c370 00007f6d119dc5a0
0x00007f6d119d9f20:   00007f6d119dc5a0 00007f6d119dc570
0x00007f6d119d9f30:   00007f6d119dc480 00007f6d1131cb22
0x00007f6d119d9f40:   00007f6cf516e0b0 0000000100000001
0x00007f6d119d9f50:   00007f0000000009 00007f6d11598079
0x00007f6d119d9f60:   0000000000000000 0000000000000060
0x00007f6d119d9f70:   0000000000000000 0000000000000000
0x00007f6d119d9f80:   0000000000000000 0000003100000004
0x00007f6d119d9f90:   0000007c0000005b 0000006e00000077
0x00007f6d119d9fa0:   00000037ca4ec258 00007f6cf516ee70
0x00007f6d119d9fb0:   00000000021f72c8 0000000000000015
0x00007f6d119d9fc0:   0000000000000001 000000000234c208
0x00007f6d119d9fd0:   00007f6d119da050 0000000011598263
0x00007f6d119d9fe0:   0000000000000014 00007f6d119dc138
0x00007f6d119d9ff0:   00007f6d119dc138 00007f6cf516ee70
0x00007f6d119da000:   00007f6d119dc5e0 00000037ca2628c5
0x00007f6d119da010:   00007f6d119dc5e0 0000000000000001 

Instructions: (pc=0x00007f6d115978d1)
0x00007f6d115978b1:   8b 05 e9 2d 34 00 55 48 89 e5 48 83 c0 10 48 89
0x00007f6d115978c1:   07 c9 e9 f0 f6 d5 ff 90 90 90 90 90 90 90 90 55
0x00007f6d115978d1:   48 8b 47 10 48 89 e5 c9 48 83 c0 08 c3 66 90 55
0x00007f6d115978e1:   48 8b 47 10 48 89 e5 c9 48 83 c0 08 c3 66 90 55 

Register to memory mapping:

RAX=0x0000000000000000 is an unknown value
RBX=0x00007f6d119dc5a0 is pointing into the stack for thread: 0x00007f6d208f8000
RCX=0x00007f6cf516e0b0 is an unknown value
RDX=0x00007f6d11614ef8: <offset 0x47fef8> in /home/thorsten/voltdb-4.0.2.3/voltdb/libvoltdb-4.0.2.3.so at 0x00007f6d11195000
RSP=0x00007f6d119d9e20 is pointing into the stack for thread: 0x00007f6d208f8000
RBP=0x00007f6d119d9f30 is pointing into the stack for thread: 0x00007f6d208f8000
RSI=0x00007f6d119dc5a0 is pointing into the stack for thread: 0x00007f6d208f8000
RDI=0x3100000000000009 is an unknown value
R8 =0x0000000000000002 is an unknown value
R9 =0x0000000000000001 is an unknown value
R10=0x0000000000000038 is an unknown value
R11=0x000000000000000b is an unknown value
R12=0x00007f6d119dc5a0 is pointing into the stack for thread: 0x00007f6d208f8000
R13=0x00007f6d119dc5a0 is pointing into the stack for thread: 0x00007f6d208f8000
R14=0x0000000000000000 is an unknown value
R15=0x0000000032313143 is an unknown value


Stack: [0x00007f6d118e0000,0x00007f6d119e1000],  sp=0x00007f6d119d9e20,  free space=999k
Native frames: (J=compiled Java code, j=interpreted, Vv=VM code, C=native code)
C  [libvoltdb-4.0.2.3.so+0x4028d1]  voltdb::StringRef::get()+0x1
C  [libvoltdb-4.0.2.3.so+0x187b22]  voltdb::NValue::compare(voltdb::NValue) const+0x1f2
C  [libvoltdb-4.0.2.3.so+0x414b9a]  std::_Rb_tree<voltdb::StlFriendlyNValue, voltdb::StlFriendlyNValue, std::_Identity<voltdb::StlFriendlyNValue>, std::less<voltdb::StlFriendlyNValue>, std::allocator<voltdb::StlFriendlyNValue> >::insert_unique(voltdb::StlFriendlyNValue const&)+0x6a
C  [libvoltdb-4.0.2.3.so+0x40df95]  voltdb::NValue::castAndSortAndDedupArrayForInList(voltdb::ValueType, std::vector<voltdb::NValue, std::allocator<voltdb::NValue> >&) const+0x125
C  [libvoltdb-4.0.2.3.so+0x19398d]  voltdb::MaterializedScanExecutor::p_execute(voltdb::GenericValueArray<voltdb::NValue> const&)+0xed
C  [libvoltdb-4.0.2.3.so+0x45fa0b]  voltdb::VoltDBEngine::executePlanFragment(long, long, voltdb::GenericValueArray<voltdb::NValue> const&, long, long, long, bool, bool)+0x31b
C  [libvoltdb-4.0.2.3.so+0x466a5e]  voltdb::VoltDBEngine::executePlanFragments(int, long*, long*, voltdb::ReferenceSerializeInput&, long, long, long, long)+0x2de
C  [libvoltdb-4.0.2.3.so+0x162c65]  Java_org_voltdb_jni_ExecutionEngine_nativeExecutePlanFragments+0x1c5
J  org.voltdb.jni.ExecutionEngine.nativeExecutePlanFragments(JI[J[JJJJJ)I
j  org.voltdb.jni.ExecutionEngineJNI.coreExecutePlanFragments(I[J[J[Ljava/lang/Object;JJJJ)[Lorg/voltdb/VoltTable;+336
J  org.voltdb.jni.ExecutionEngine.executePlanFragments(I[J[J[Ljava/lang/Object;JJJJ)[Lorg/voltdb/VoltTable;
j  org.voltdb.ProcedureRunner.fastPath(Ljava/util/List;)[Lorg/voltdb/VoltTable;+156
j  org.voltdb.ProcedureRunner.executeQueriesInABatch(Ljava/util/List;Z)[Lorg/voltdb/VoltTable;+116
j  org.voltdb.ProcedureRunner.voltExecuteSQL(Z)[Lorg/voltdb/VoltTable;+116
j  org.voltdb.VoltProcedure.voltExecuteSQL(Z)[Lorg/voltdb/VoltTable;+5
j  org.voltdb.VoltProcedure.voltExecuteSQL()[Lorg/voltdb/VoltTable;+2
j  BLE_FindRulesForCheckID.run(Ljava/lang/String;Ljava/lang/String;)[Lorg/voltdb/VoltTable;+17
v  ~StubRoutines::call_stub
V  [libjvm.so+0x5f8465]  JavaCalls::call_helper(JavaValue*, methodHandle*, JavaCallArguments*, Thread*)+0x365
V  [libjvm.so+0x5f6ec8]  JavaCalls::call(JavaValue*, methodHandle, JavaCallArguments*, Thread*)+0x28
V  [libjvm.so+0x88920f]  Reflection::invoke(instanceKlassHandle, methodHandle, Handle, bool, objArrayHandle, BasicType, objArrayHandle, bool, Thread*)+0x47f
V  [libjvm.so+0x889fc0]  Reflection::invoke_method(oopDesc*, Handle, objArrayHandle, Thread*)+0x160
V  [libjvm.so+0x67faf4]  JVM_InvokeMethod+0x224
j  sun.reflect.NativeMethodAccessorImpl.invoke0(Ljava/lang/reflect/Method;Ljava/lang/Object;[Ljava/lang/Object;)Ljava/lang/Object;+0
j  sun.reflect.NativeMethodAccessorImpl.invoke(Ljava/lang/Object;[Ljava/lang/Object;)Ljava/lang/Object;+87
j  sun.reflect.DelegatingMethodAccessorImpl.invoke(Ljava/lang/Object;[Ljava/lang/Object;)Ljava/lang/Object;+6
j  java.lang.reflect.Method.invoke(Ljava/lang/Object;[Ljava/lang/Object;)Ljava/lang/Object;+57

Java frames: (J=compiled Java code, j=interpreted, Vv=VM code)
J  org.voltdb.jni.ExecutionEngine.nativeExecutePlanFragments(JI[J[JJJJJ)I
j  org.voltdb.jni.ExecutionEngineJNI.coreExecutePlanFragments(I[J[J[Ljava/lang/Object;JJJJ)[Lorg/voltdb/VoltTable;+336
J  org.voltdb.jni.ExecutionEngine.executePlanFragments(I[J[J[Ljava/lang/Object;JJJJ)[Lorg/voltdb/VoltTable;
j  org.voltdb.iv2.Site.executePlanFragments(I[J[J[Ljava/lang/Object;JJZ)[Lorg/voltdb/VoltTable;+32
j  org.voltdb.ProcedureRunner.fastPath(Ljava/util/List;)[Lorg/voltdb/VoltTable;+156
j  org.voltdb.ProcedureRunner.executeQueriesInABatch(Ljava/util/List;Z)[Lorg/voltdb/VoltTable;+116
j  org.voltdb.ProcedureRunner.voltExecuteSQL(Z)[Lorg/voltdb/VoltTable;+116
j  org.voltdb.VoltProcedure.voltExecuteSQL(Z)[Lorg/voltdb/VoltTable;+5
j  org.voltdb.VoltProcedure.voltExecuteSQL()[Lorg/voltdb/VoltTable;+2
j  BLE_FindRulesForCheckID.run(Ljava/lang/String;Ljava/lang/String;)[Lorg/voltdb/VoltTable;+17
v  ~StubRoutines::call_stub
j  sun.reflect.NativeMethodAccessorImpl.invoke0(Ljava/lang/reflect/Method;Ljava/lang/Object;[Ljava/lang/Object;)Ljava/lang/Object;+0
j  sun.reflect.NativeMethodAccessorImpl.invoke(Ljava/lang/Object;[Ljava/lang/Object;)Ljava/lang/Object;+87
j  sun.reflect.DelegatingMethodAccessorImpl.invoke(Ljava/lang/Object;[Ljava/lang/Object;)Ljava/lang/Object;+6
j  java.lang.reflect.Method.invoke(Ljava/lang/Object;[Ljava/lang/Object;)Ljava/lang/Object;+57
J  org.voltdb.ProcedureRunner.call([Ljava/lang/Object;)Lorg/voltdb/ClientResponseImpl;
j  org.voltdb.iv2.ProcedureTask.processInitiateTask(Lorg/voltdb/messaging/Iv2InitiateTaskMessage;Lorg/voltdb/SiteProcedureConnection;)Lorg/voltdb/messaging/InitiateResponseMessage;+263
J  org.voltdb.iv2.SpProcedureTask.run(Lorg/voltdb/SiteProcedureConnection;)V
J  org.voltdb.iv2.Site.run()V
j  java.lang.Thread.run()V+11
v  ~StubRoutines::call_stub

---------------  P R O C E S S  ---------------

Java Threads: ( => current thread )
  0x00007f6d0c012000 JavaThread "Client authenticator - 1" daemon [_thread_blocked, id=53061, stack(0x00007f6ccda78000,0x00007f6ccdab9000)]
  0x00007f6cdc059800 JavaThread "SystemCatalogAgent" daemon [_thread_blocked, id=53038, stack(0x00007f6ccc677000,0x00007f6ccc6b8000)]
  0x00007f6cdc04f800 JavaThread "StatsAgent" daemon [_thread_blocked, id=53037, stack(0x00007f6ccc6b8000,0x00007f6ccc6f9000)]
  0x00007f6d0401e000 JavaThread "qtp1432109380-55" [_thread_in_native, id=53031, stack(0x00007f6cd444c000,0x00007f6cd454d000)]
  0x00007f6cd0018000 JavaThread "AdminPort connection acceptor" daemon [_thread_in_native, id=53030, stack(0x00007f6cd43ca000,0x00007f6cd440b000)]
  0x00007f6cd0017000 JavaThread "ClientPort connection acceptor" daemon [_thread_in_native, id=53029, stack(0x00007f6d11a63000,0x00007f6d11aa4000)]
  0x00007f6d20009000 JavaThread "DestroyJavaVM" [_thread_blocked, id=52975, stack(0x00007f6d24c0a000,0x00007f6d24d0b000)]
  0x00007f6d21444800 JavaThread "SnapshotDaemon" daemon [_thread_blocked, id=53024, stack(0x00007f6cd440b000,0x00007f6cd444c000)]
  0x00007f6d213da800 JavaThread "Periodic Work" daemon [_thread_blocked, id=53021, stack(0x00007f6cd6f3c000,0x00007f6cd6f7d000)]
  0x00007f6d213d9800 JavaThread "SnapshotCompletionMonitor" daemon [_thread_blocked, id=53020, stack(0x00007f6cd6f7d000,0x00007f6cd6fbe000)]
  0x00007f6d213d2800 JavaThread "RO MP Iv2ExecutionSite - 0:3 - 0" daemon [_thread_blocked, id=53014, stack(0x00007f6d10035000,0x00007f6d100b6000)]
  0x00007f6d2111e000 JavaThread "Iv2ExecutionSite: 0:3" [_thread_blocked, id=53013, stack(0x00007f6cd4089000,0x00007f6cd418a000)]
  0x00007f6d20e6b000 JavaThread "Iv2ExecutionSite: 0:2" [_thread_blocked, id=53012, stack(0x00007f6cf500b000,0x00007f6cf510c000)]
  0x00007f6d20bab000 JavaThread "Iv2ExecutionSite: 0:1" [_thread_blocked, id=53008, stack(0x00007f6d10192000,0x00007f6d10293000)]
=>0x00007f6d208f8000 JavaThread "Iv2ExecutionSite: 0:0" [_thread_in_native, id=53006, stack(0x00007f6d118e0000,0x00007f6d119e1000)]
  0x00007f6d2062d800 JavaThread "Periodic Priority Work" daemon [_thread_blocked, id=53005, stack(0x00007f6d119e1000,0x00007f6d11a22000)]
  0x00007f6d20612000 JavaThread "qtp1432109380-27 Acceptor0 SocketConnector@0.0.0.0:8080" [_thread_in_native, id=53002, stack(0x00007f6d11aa4000,0x00007f6d11ba5000)]
  0x00007f6d20567800 JavaThread "MpInitiator send" [_thread_blocked, id=53001, stack(0x00007f6d11ba5000,0x00007f6d11bde000)]
  0x00007f6d20565800 JavaThread "MpInitiator deliver" [_thread_blocked, id=53000, stack(0x00007f6d11bde000,0x00007f6d11c17000)]
  0x00007f6d2053b000 JavaThread "Fault Distributor" daemon [_thread_blocked, id=52993, stack(0x00007f6d11d9d000,0x00007f6d11e9e000)]
  0x00007f6d2039e000 JavaThread "main-EventThread" daemon [_thread_blocked, id=52992, stack(0x00007f6d11e9e000,0x00007f6d11f9f000)]
  0x00007f6d2039d000 JavaThread "main-SendThread(localhost:2181)" daemon [_thread_in_native, id=52991, stack(0x00007f6d11f9f000,0x00007f6d120a0000)]
  0x00007f6d2037a000 JavaThread "ZooKeeperServer" [_thread_blocked, id=52990, stack(0x00007f6d122a8000,0x00007f6d123a9000)]
  0x00007f6d20378000 JavaThread "NIOServerCxn.Factory:/127.0.0.1:2181" daemon [_thread_in_native, id=52989, stack(0x00007f6d123a9000,0x00007f6d124aa000)]
  0x00007f6d2031f000 JavaThread "Volt Network - 1" daemon [_thread_in_native, id=52988, stack(0x00007f6d124aa000,0x00007f6d125ab000)]
  0x00007f6d2031d800 JavaThread "Volt Network - 0" daemon [_thread_in_native, id=52987, stack(0x00007f6d125ab000,0x00007f6d126ac000)]
  0x00007f6d2031b000 JavaThread "Socket Joiner" daemon [_thread_in_native, id=52986, stack(0x00007f6d126ac000,0x00007f6d126ed000)]
  0x00007f6d20091800 JavaThread "Service Thread" daemon [_thread_blocked, id=52984, stack(0x00007f6d12f63000,0x00007f6d13064000)]
  0x00007f6d2008f000 JavaThread "C2 CompilerThread1" daemon [_thread_blocked, id=52983, stack(0x00007f6d13064000,0x00007f6d13165000)]
  0x00007f6d2008c000 JavaThread "C2 CompilerThread0" daemon [_thread_blocked, id=52982, stack(0x00007f6d13165000,0x00007f6d13266000)]
  0x00007f6d20082000 JavaThread "Signal Dispatcher" daemon [_thread_blocked, id=52981, stack(0x00007f6d13266000,0x00007f6d13367000)]
  0x00007f6d2006a800 JavaThread "Finalizer" daemon [_thread_blocked, id=52980, stack(0x00007f6d13367000,0x00007f6d13468000)]
  0x00007f6d20066800 JavaThread "Reference Handler" daemon [_thread_blocked, id=52979, stack(0x00007f6d13468000,0x00007f6d13569000)]

Other Threads:
  0x00007f6d20064800 VMThread [stack: 0x00007f6d13569000,0x00007f6d1366a000] [id=52978]
  0x00007f6d200a4000 WatcherThread [stack: 0x00007f6d12e62000,0x00007f6d12f63000] [id=52985]

VM state:not at safepoint (normal execution)

VM Mutex/Monitor currently owned by a thread: None

Heap
 PSYoungGen      total 540672K, used 408626K [0x00000007d5500000, 0x00000007f7a00000, 0x0000000800000000)
  eden space 533504K, 75% used [0x00000007d5500000,0x00000007edd10fd0,0x00000007f5e00000)
  from space 7168K, 99% used [0x00000007f7300000,0x00000007f79fbc10,0x00000007f7a00000)
  to   space 9216K, 0% used [0x00000007f6800000,0x00000007f6800000,0x00000007f7100000)
 ParOldGen       total 47104K, used 24812K [0x0000000780000000, 0x0000000782e00000, 0x00000007d5500000)
  object space 47104K, 52% used [0x0000000780000000,0x000000078183b050,0x0000000782e00000)
 PSPermGen       total 43520K, used 25691K [0x000000077ae00000, 0x000000077d880000, 0x0000000780000000)
  object space 43520K, 59% used [0x000000077ae00000,0x000000077c716ce8,0x000000077d880000)

Card table byte_map: [0x00007f6d1cbd6000,0x00007f6d1d000000] byte_map_base: 0x00007f6d18fff000

Polling page: 0x00007f6d25d9a000

Code Cache  [0x00007f6d1d000000, 0x00007f6d1d2b0000, 0x00007f6d20000000)
 total_blobs=1418 nmethods=950 adapters=421 free_code_cache=46484Kb largest_free_block=47524480

Compilation events (10 events):
Event: 78.214 Thread 0x00007f6d2008f000 1010             org.voltcore.network.NetworkDBBPool$2::discard (15 bytes)
Event: 78.215 Thread 0x00007f6d2008f000 nmethod 1010 0x00007f6d1d26e390 code [0x00007f6d1d26e500, 0x00007f6d1d26e688]
Event: 79.937 Thread 0x00007f6d2008f000 1011             BLE_ChecksForExpression::run (454 bytes)
Event: 79.995 Thread 0x00007f6d2008c000 1012             org.voltdb.catalog.Procedure::getEverysite (5 bytes)
Event: 79.996 Thread 0x00007f6d2008c000 nmethod 1012 0x00007f6d1d27c690 code [0x00007f6d1d27c7c0, 0x00007f6d1d27c818]
Event: 80.020 Thread 0x00007f6d2008f000 nmethod 1011 0x00007f6d1d2a1f50 code [0x00007f6d1d2a2580, 0x00007f6d1d2a5450]
Event: 80.088 Thread 0x00007f6d2008c000 1013   !         org.voltdb.ParameterSet::flattenToBuffer (869 bytes)
Event: 80.142 Thread 0x00007f6d2008c000 nmethod 1013 0x00007f6d1d2a8ed0 code [0x00007f6d1d2a93c0, 0x00007f6d1d2ab168]
Event: 80.184 Thread 0x00007f6d2008f000 1014             java.nio.Buffer::flip (20 bytes)
Event: 80.185 Thread 0x00007f6d2008f000 nmethod 1014 0x00007f6d1d26e0d0 code [0x00007f6d1d26e200, 0x00007f6d1d26e278]

GC Heap History (10 events):
Event: 1.977 GC heap before
{Heap before GC invocations=13 (full 0):
 PSYoungGen      total 245760K, used 240443K [0x00000007d5500000, 0x00000007e4b00000, 0x0000000800000000)
  eden space 239616K, 98% used [0x00000007d5500000,0x00000007e3bbee30,0x00000007e3f00000)
  from space 6144K, 67% used [0x00000007e4500000,0x00000007e4910010,0x00000007e4b00000)
  to   space 6144K, 0% used [0x00000007e3f00000,0x00000007e3f00000,0x00000007e4500000)
 ParOldGen       total 70144K, used 54474K [0x0000000780000000, 0x0000000784480000, 0x00000007d5500000)
  object space 70144K, 77% used [0x0000000780000000,0x0000000783532858,0x0000000784480000)
 PSPermGen       total 22016K, used 21712K [0x000000077ae00000, 0x000000077c380000, 0x0000000780000000)
  object space 22016K, 98% used [0x000000077ae00000,0x000000077c3341c0,0x000000077c380000)
Event: 1.983 GC heap after
Heap after GC invocations=13 (full 0):
 PSYoungGen      total 245760K, used 6131K [0x00000007d5500000, 0x00000007ed880000, 0x0000000800000000)
  eden space 239616K, 0% used [0x00000007d5500000,0x00000007d5500000,0x00000007e3f00000)
  from space 6144K, 99% used [0x00000007e3f00000,0x00000007e44fccd8,0x00000007e4500000)
  to   space 6656K, 0% used [0x00000007ed200000,0x00000007ed200000,0x00000007ed880000)
 ParOldGen       total 70144K, used 54638K [0x0000000780000000, 0x0000000784480000, 0x00000007d5500000)
  object space 70144K, 77% used [0x0000000780000000,0x000000078355b838,0x0000000784480000)
 PSPermGen       total 22016K, used 21712K [0x000000077ae00000, 0x000000077c380000, 0x0000000780000000)
  object space 22016K, 98% used [0x000000077ae00000,0x000000077c3341c0,0x000000077c380000)
}
Event: 2.024 GC heap before
{Heap before GC invocations=14 (full 0):
 PSYoungGen      total 245760K, used 243940K [0x00000007d5500000, 0x00000007ed880000, 0x0000000800000000)
  eden space 239616K, 99% used [0x00000007d5500000,0x00000007e3d3c3a8,0x00000007e3f00000)
  from space 6144K, 99% used [0x00000007e3f00000,0x00000007e44fccd8,0x00000007e4500000)
  to   space 6656K, 0% used [0x00000007ed200000,0x00000007ed200000,0x00000007ed880000)
 ParOldGen       total 70144K, used 54638K [0x0000000780000000, 0x0000000784480000, 0x00000007d5500000)
  object space 70144K, 77% used [0x0000000780000000,0x000000078355b838,0x0000000784480000)
 PSPermGen       total 22016K, used 21712K [0x000000077ae00000, 0x000000077c380000, 0x0000000780000000)
  object space 22016K, 98% used [0x000000077ae00000,0x000000077c3341c0,0x000000077c380000)
Event: 2.030 GC heap after
Heap after GC invocations=14 (full 0):
 PSYoungGen      total 390144K, used 4160K [0x00000007d5500000, 0x00000007ed880000, 0x0000000800000000)
  eden space 383488K, 0% used [0x00000007d5500000,0x00000007d5500000,0x00000007ecb80000)
  from space 6656K, 62% used [0x00000007ed200000,0x00000007ed610010,0x00000007ed880000)
  to   space 6656K, 0% used [0x00000007ecb80000,0x00000007ecb80000,0x00000007ed200000)
 ParOldGen       total 70144K, used 60805K [0x0000000780000000, 0x0000000784480000, 0x00000007d5500000)
  object space 70144K, 86% used [0x0000000780000000,0x0000000783b61420,0x0000000784480000)
 PSPermGen       total 22016K, used 21712K [0x000000077ae00000, 0x000000077c380000, 0x0000000780000000)
  object space 22016K, 98% used [0x000000077ae00000,0x000000077c3341c0,0x000000077c380000)
}
Event: 2.030 GC heap before
{Heap before GC invocations=15 (full 1):
 PSYoungGen      total 390144K, used 4160K [0x00000007d5500000, 0x00000007ed880000, 0x0000000800000000)
  eden space 383488K, 0% used [0x00000007d5500000,0x00000007d5500000,0x00000007ecb80000)
  from space 6656K, 62% used [0x00000007ed200000,0x00000007ed610010,0x00000007ed880000)
  to   space 6656K, 0% used [0x00000007ecb80000,0x00000007ecb80000,0x00000007ed200000)
 ParOldGen       total 70144K, used 60805K [0x0000000780000000, 0x0000000784480000, 0x00000007d5500000)
  object space 70144K, 86% used [0x0000000780000000,0x0000000783b61420,0x0000000784480000)
 PSPermGen       total 22016K, used 21712K [0x000000077ae00000, 0x000000077c380000, 0x0000000780000000)
  object space 22016K, 98% used [0x000000077ae00000,0x000000077c3341c0,0x000000077c380000)
Event: 2.111 GC heap after
Heap after GC invocations=15 (full 1):
 PSYoungGen      total 390144K, used 0K [0x00000007d5500000, 0x00000007ed880000, 0x0000000800000000)
  eden space 383488K, 0% used [0x00000007d5500000,0x00000007d5500000,0x00000007ecb80000)
  from space 6656K, 0% used [0x00000007ed200000,0x00000007ed200000,0x00000007ed880000)
  to   space 6656K, 0% used [0x00000007ecb80000,0x00000007ecb80000,0x00000007ed200000)
 ParOldGen       total 47104K, used 21868K [0x0000000780000000, 0x0000000782e00000, 0x00000007d5500000)
  object space 47104K, 46% used [0x0000000780000000,0x000000078155b138,0x0000000782e00000)
 PSPermGen       total 43520K, used 21704K [0x000000077ae00000, 0x000000077d880000, 0x0000000780000000)
  object space 43520K, 49% used [0x000000077ae00000,0x000000077c332138,0x000000077d880000)
}
Event: 2.182 GC heap before
{Heap before GC invocations=16 (full 1):
 PSYoungGen      total 390144K, used 380999K [0x00000007d5500000, 0x00000007ed880000, 0x0000000800000000)
  eden space 383488K, 99% used [0x00000007d5500000,0x00000007ec911d48,0x00000007ecb80000)
  from space 6656K, 0% used [0x00000007ed200000,0x00000007ed200000,0x00000007ed880000)
  to   space 6656K, 0% used [0x00000007ecb80000,0x00000007ecb80000,0x00000007ed200000)
 ParOldGen       total 47104K, used 21868K [0x0000000780000000, 0x0000000782e00000, 0x00000007d5500000)
  object space 47104K, 46% used [0x0000000780000000,0x000000078155b138,0x0000000782e00000)
 PSPermGen       total 43520K, used 21704K [0x000000077ae00000, 0x000000077d880000, 0x0000000780000000)
  object space 43520K, 49% used [0x000000077ae00000,0x000000077c3323c0,0x000000077d880000)
Event: 2.183 GC heap after
Heap after GC invocations=16 (full 1):
 PSYoungGen      total 390144K, used 96K [0x00000007d5500000, 0x00000007f7a00000, 0x0000000800000000)
  eden space 383488K, 0% used [0x00000007d5500000,0x00000007d5500000,0x00000007ecb80000)
  from space 6656K, 1% used [0x00000007ecb80000,0x00000007ecb98000,0x00000007ed200000)
  to   space 7168K, 0% used [0x00000007f7300000,0x00000007f7300000,0x00000007f7a00000)
 ParOldGen       total 47104K, used 21868K [0x0000000780000000, 0x0000000782e00000, 0x00000007d5500000)
  object space 47104K, 46% used [0x0000000780000000,0x000000078155b138,0x0000000782e00000)
 PSPermGen       total 43520K, used 21704K [0x000000077ae00000, 0x000000077d880000, 0x0000000780000000)
  object space 43520K, 49% used [0x000000077ae00000,0x000000077c3323c0,0x000000077d880000)
}
Event: 18.553 GC heap before
{Heap before GC invocations=17 (full 1):
 PSYoungGen      total 390144K, used 383584K [0x00000007d5500000, 0x00000007f7a00000, 0x0000000800000000)
  eden space 383488K, 100% used [0x00000007d5500000,0x00000007ecb80000,0x00000007ecb80000)
  from space 6656K, 1% used [0x00000007ecb80000,0x00000007ecb98000,0x00000007ed200000)
  to   space 7168K, 0% used [0x00000007f7300000,0x00000007f7300000,0x00000007f7a00000)
 ParOldGen       total 47104K, used 21868K [0x0000000780000000, 0x0000000782e00000, 0x00000007d5500000)
  object space 47104K, 46% used [0x0000000780000000,0x000000078155b138,0x0000000782e00000)
 PSPermGen       total 43520K, used 25618K [0x000000077ae00000, 0x000000077d880000, 0x0000000780000000)
  object space 43520K, 58% used [0x000000077ae00000,0x000000077c704a00,0x000000077d880000)
Event: 18.562 GC heap after
Heap after GC invocations=17 (full 1):
 PSYoungGen      total 540672K, used 7151K [0x00000007d5500000, 0x00000007f7a00000, 0x0000000800000000)
  eden space 533504K, 0% used [0x00000007d5500000,0x00000007d5500000,0x00000007f5e00000)
  from space 7168K, 99% used [0x00000007f7300000,0x00000007f79fbc10,0x00000007f7a00000)
  to   space 9216K, 0% used [0x00000007f6800000,0x00000007f6800000,0x00000007f7100000)
 ParOldGen       total 47104K, used 24812K [0x0000000780000000, 0x0000000782e00000, 0x00000007d5500000)
  object space 47104K, 52% used [0x0000000780000000,0x000000078183b050,0x0000000782e00000)
 PSPermGen       total 43520K, used 25618K [0x000000077ae00000, 0x000000077d880000, 0x0000000780000000)
  object space 43520K, 58% used [0x000000077ae00000,0x000000077c704a00,0x000000077d880000)
}

Deoptimization events (10 events):
Event: 76.460 Thread 0x00007f6d2031f000 Uncommon trap: reason=class_check action=maybe_recompile pc=0x00007f6d1d212c0c method=org.voltdb.ClientInterfaceHandleManager.getHandle(ZIJIJLjava/lang/String;JZZ)J @ 51
Event: 76.460 Thread 0x00007f6d2031f000 Uncommon trap: reason=class_check action=maybe_recompile pc=0x00007f6d1d212c0c method=org.voltdb.ClientInterfaceHandleManager.getHandle(ZIJIJLjava/lang/String;JZZ)J @ 51
Event: 76.461 Thread 0x00007f6d2031f000 Uncommon trap: reason=unreached action=reinterpret pc=0x00007f6d1d23ca98 method=org.voltdb.ClientInterfaceHandleManager.findHandle(J)Lorg/voltdb/ClientInterfaceHandleManager$Iv2InFlight; @ 65
Event: 76.461 Thread 0x00007f6d2031f000 Uncommon trap: reason=unreached action=reinterpret pc=0x00007f6d1d1e4df4 method=java.util.concurrent.ConcurrentHashMap.get(Ljava/lang/Object;)Ljava/lang/Object; @ 89
Event: 76.463 Thread 0x00007f6d208f8000 Uncommon trap: reason=unreached action=reinterpret pc=0x00007f6d1d1d0490 method=org.voltdb.ProcedureRunner.fastPath(Ljava/util/List;)[Lorg/voltdb/VoltTable; @ 96
Event: 76.463 Thread 0x00007f6d208f8000 Uncommon trap: reason=unreached action=reinterpret pc=0x00007f6d1d1855b4 method=org.voltdb.jni.ExecutionEngineJNI.coreExecutePlanFragments(I[J[J[Ljava/lang/Object;JJJJ)[Lorg/voltdb/VoltTable; @ 128
Event: 76.463 Thread 0x00007f6d208f8000 Uncommon trap: reason=unreached action=reinterpret pc=0x00007f6d1d229e54 method=org.voltdb.dtxn.TransactionState.setHash(Ljava/lang/Integer;)V @ 2
Event: 76.463 Thread 0x00007f6d208f8000 Uncommon trap: reason=unreached action=reinterpret pc=0x00007f6d1d1d2d68 method=org.voltdb.ProcedureRunner.fastPath(Ljava/util/List;)[Lorg/voltdb/VoltTable; @ 96
Event: 76.464 Thread 0x00007f6d208f8000 Uncommon trap: reason=unreached action=reinterpret pc=0x00007f6d1d215f94 method=org.voltdb.dtxn.TransactionState.setHash(Ljava/lang/Integer;)V @ 2
Event: 76.961 Thread 0x00007f6cdc04f800 Uncommon trap: reason=unloaded action=reinterpret pc=0x00007f6d1d273d50 method=java.nio.Buffer.position(I)Ljava/nio/Buffer; @ 12

Internal exceptions (10 events):
Event: 42.936 Thread 0x00007f6d213da800 Threw 0x00000007d67f8100 at /HUDSON/workspace/7u-2-build-linux-amd64@2/jdk7u51/527/hotspot/src/share/vm/prims/jni.cpp:717
Event: 47.937 Thread 0x00007f6d213da800 Threw 0x00000007d6800620 at /HUDSON/workspace/7u-2-build-linux-amd64@2/jdk7u51/527/hotspot/src/share/vm/prims/jni.cpp:717
Event: 52.938 Thread 0x00007f6d213da800 Threw 0x00000007d6808b40 at /HUDSON/workspace/7u-2-build-linux-amd64@2/jdk7u51/527/hotspot/src/share/vm/prims/jni.cpp:717
Event: 57.939 Thread 0x00007f6d213da800 Threw 0x00000007d6811060 at /HUDSON/workspace/7u-2-build-linux-amd64@2/jdk7u51/527/hotspot/src/share/vm/prims/jni.cpp:717
Event: 61.973 Thread 0x00007f6cdc04f800 Threw 0x00000007e7749dc0 at /HUDSON/workspace/7u-2-build-linux-amd64@2/jdk7u51/527/hotspot/src/share/vm/prims/jvm.cpp:1244
Event: 62.932 Thread 0x00007f6d213da800 Threw 0x00000007d6819580 at /HUDSON/workspace/7u-2-build-linux-amd64@2/jdk7u51/527/hotspot/src/share/vm/prims/jni.cpp:717
Event: 62.941 Thread 0x00007f6d213da800 Threw 0x00000007d6820ce0 at /HUDSON/workspace/7u-2-build-linux-amd64@2/jdk7u51/527/hotspot/src/share/vm/prims/jni.cpp:717
Event: 67.942 Thread 0x00007f6d213da800 Threw 0x00000007d6829200 at /HUDSON/workspace/7u-2-build-linux-amd64@2/jdk7u51/527/hotspot/src/share/vm/prims/jni.cpp:717
Event: 72.943 Thread 0x00007f6d213da800 Threw 0x00000007d68316a0 at /HUDSON/workspace/7u-2-build-linux-amd64@2/jdk7u51/527/hotspot/src/share/vm/prims/jni.cpp:717
Event: 77.944 Thread 0x00007f6d213da800 Threw 0x00000007d6839c50 at /HUDSON/workspace/7u-2-build-linux-amd64@2/jdk7u51/527/hotspot/src/share/vm/prims/jni.cpp:717

Events (10 events):
Event: 76.975 Executing VM operation: RevokeBias
Event: 76.975 Executing VM operation: RevokeBias done
Event: 76.976 Thread 0x000000000234b800 Thread exited: 0x000000000234b800
Event: 76.976 Thread 0x00000000022f5000 Thread exited: 0x00000000022f5000
Event: 77.939 Executing VM operation: RevokeBias
Event: 77.939 Executing VM operation: RevokeBias done
Event: 77.939 Thread 0x00007f6cdc59e800 Thread exited: 0x00007f6cdc59e800
Event: 77.969 Executing VM operation: RevokeBias
Event: 77.970 Executing VM operation: RevokeBias done
Event: 77.970 Thread 0x00007f6ce010e800 Thread exited: 0x00007f6ce010e800


Dynamic libraries:
00400000-00401000 r-xp 00000000 fd:00 1065628                            /usr/java/jdk1.7.0_51/jre/bin/java
00600000-00601000 rw-p 00000000 fd:00 1065628                            /usr/java/jdk1.7.0_51/jre/bin/java
021b0000-027a6000 rw-p 00000000 00:00 0                                  [heap]
77ae00000-77d880000 rw-p 00000000 00:00 0 
77d880000-780000000 rw-p 00000000 00:00 0 
780000000-782e00000 rw-p 00000000 00:00 0 
782e00000-784480000 ---p 00000000 00:00 0 
784480000-7d5500000 rw-p 00000000 00:00 0 
7d5500000-7f7a00000 rw-p 00000000 00:00 0 
7f7a00000-800000000 rw-p 00000000 00:00 0 
37bda00000-37bda20000 r-xp 00000000 fd:00 141526                         /lib64/ld-2.12.so
37bdc1f000-37bdc20000 r--p 0001f000 fd:00 141526                         /lib64/ld-2.12.so
37bdc20000-37bdc21000 rw-p 00020000 fd:00 141526                         /lib64/ld-2.12.so
37bdc21000-37bdc22000 rw-p 00000000 00:00 0 
37bde00000-37bde02000 r-xp 00000000 fd:00 141530                         /lib64/libdl-2.12.so
37bde02000-37be002000 ---p 00002000 fd:00 141530                         /lib64/libdl-2.12.so
37be002000-37be003000 r--p 00002000 fd:00 141530                         /lib64/libdl-2.12.so
37be003000-37be004000 rw-p 00003000 fd:00 141530                         /lib64/libdl-2.12.so
37be200000-37be38b000 r-xp 00000000 fd:00 141527                         /lib64/libc-2.12.so
37be38b000-37be58a000 ---p 0018b000 fd:00 141527                         /lib64/libc-2.12.so
37be58a000-37be58e000 r--p 0018a000 fd:00 141527                         /lib64/libc-2.12.so
37be58e000-37be58f000 rw-p 0018e000 fd:00 141527                         /lib64/libc-2.12.so
37be58f000-37be594000 rw-p 00000000 00:00 0 
37be600000-37be617000 r-xp 00000000 fd:00 141528                         /lib64/libpthread-2.12.so
37be617000-37be817000 ---p 00017000 fd:00 141528                         /lib64/libpthread-2.12.so
37be817000-37be818000 r--p 00017000 fd:00 141528                         /lib64/libpthread-2.12.so
37be818000-37be819000 rw-p 00018000 fd:00 141528                         /lib64/libpthread-2.12.so
37be819000-37be81d000 rw-p 00000000 00:00 0 
37bea00000-37bea83000 r-xp 00000000 fd:00 141558                         /lib64/libm-2.12.so
37bea83000-37bec82000 ---p 00083000 fd:00 141558                         /lib64/libm-2.12.so
37bec82000-37bec83000 r--p 00082000 fd:00 141558                         /lib64/libm-2.12.so
37bec83000-37bec84000 rw-p 00083000 fd:00 141558                         /lib64/libm-2.12.so
37bee00000-37bee07000 r-xp 00000000 fd:00 141529                         /lib64/librt-2.12.so
37bee07000-37bf006000 ---p 00007000 fd:00 141529                         /lib64/librt-2.12.so
37bf006000-37bf007000 r--p 00006000 fd:00 141529                         /lib64/librt-2.12.so
37bf007000-37bf008000 rw-p 00007000 fd:00 141529                         /lib64/librt-2.12.so
37bfe00000-37bfe16000 r-xp 00000000 fd:00 141535                         /lib64/libresolv-2.12.so
37bfe16000-37c0016000 ---p 00016000 fd:00 141535                         /lib64/libresolv-2.12.so
37c0016000-37c0017000 r--p 00016000 fd:00 141535                         /lib64/libresolv-2.12.so
37c0017000-37c0018000 rw-p 00017000 fd:00 141535                         /lib64/libresolv-2.12.so
37c0018000-37c001a000 rw-p 00000000 00:00 0 
37c9200000-37c9216000 r-xp 00000000 fd:00 131249                         /lib64/libgcc_s-4.4.7-20120601.so.1
37c9216000-37c9415000 ---p 00016000 fd:00 131249                         /lib64/libgcc_s-4.4.7-20120601.so.1
37c9415000-37c9416000 rw-p 00015000 fd:00 131249                         /lib64/libgcc_s-4.4.7-20120601.so.1
37ca200000-37ca2e8000 r-xp 00000000 fd:00 789619                         /usr/lib64/libstdc++.so.6.0.13
37ca2e8000-37ca4e8000 ---p 000e8000 fd:00 789619                         /usr/lib64/libstdc++.so.6.0.13
37ca4e8000-37ca4ef000 r--p 000e8000 fd:00 789619                         /usr/lib64/libstdc++.so.6.0.13
37ca4ef000-37ca4f1000 rw-p 000ef000 fd:00 789619                         /usr/lib64/libstdc++.so.6.0.13
37ca4f1000-37ca506000 rw-p 00000000 00:00 0 
7f6cbf9c7000-7f6ccb1d4000 rw-p 00000000 00:00 0 
7f6ccb1d9000-7f6ccb86e000 rw-p 00000000 00:00 0 
7f6ccb875000-7f6ccc677000 rw-p 00000000 00:00 0 
7f6ccc677000-7f6ccc67a000 ---p 00000000 00:00 0 
7f6ccc67a000-7f6ccc6b8000 rw-p 00000000 00:00 0 
7f6ccc6b8000-7f6ccc6bb000 ---p 00000000 00:00 0 
7f6ccc6bb000-7f6ccc6f9000 rw-p 00000000 00:00 0 
7f6ccc6f9000-7f6ccc6fc000 ---p 00000000 00:00 0 
7f6ccc6fc000-7f6ccc7fa000 rw-p 00000000 00:00 0 
7f6ccc7fa000-7f6ccc7fd000 ---p 00000000 00:00 0 
7f6ccc7fd000-7f6ccc8fb000 rw-p 00000000 00:00 0 
7f6ccc8fb000-7f6ccc910000 r-xp 00000000 fd:00 399543                     /tmp/jna5805320597903221245.tmp
7f6ccc910000-7f6ccca0f000 ---p 00015000 fd:00 399543                     /tmp/jna5805320597903221245.tmp
7f6ccca0f000-7f6ccca11000 rw-p 00014000 fd:00 399543                     /tmp/jna5805320597903221245.tmp
7f6ccca11000-7f6ccda19000 rw-p 00000000 00:00 0 
7f6ccda37000-7f6ccda3a000 ---p 00000000 00:00 0 
7f6ccda3a000-7f6ccda78000 rw-p 00000000 00:00 0 
7f6ccda78000-7f6ccda7b000 ---p 00000000 00:00 0 
7f6ccda7b000-7f6ccdab9000 rw-p 00000000 00:00 0 
7f6ccdab9000-7f6ccdabc000 ---p 00000000 00:00 0 
7f6ccdabc000-7f6cd0000000 rw-p 00000000 00:00 0 
7f6cd0000000-7f6cd00c0000 rw-p 00000000 00:00 0 
7f6cd00c0000-7f6cd4000000 ---p 00000000 00:00 0 
7f6cd4007000-7f6cd400a000 ---p 00000000 00:00 0 
7f6cd400a000-7f6cd4048000 rw-p 00000000 00:00 0 
7f6cd4048000-7f6cd404b000 ---p 00000000 00:00 0 
7f6cd404b000-7f6cd4089000 rw-p 00000000 00:00 0 
7f6cd4089000-7f6cd408c000 ---p 00000000 00:00 0 
7f6cd408c000-7f6cd438b000 rw-p 00000000 00:00 0 
7f6cd43a9000-7f6cd43ca000 rw-p 00000000 00:00 0 
7f6cd43ca000-7f6cd43cd000 ---p 00000000 00:00 0 
7f6cd43cd000-7f6cd440b000 rw-p 00000000 00:00 0 
7f6cd440b000-7f6cd440e000 ---p 00000000 00:00 0 
7f6cd440e000-7f6cd444c000 rw-p 00000000 00:00 0 
7f6cd444c000-7f6cd444f000 ---p 00000000 00:00 0 
7f6cd444f000-7f6cd6491000 rw-p 00000000 00:00 0 
7f6cd6491000-7f6cd64c5000 r-xp 00000000 fd:00 393284                     /tmp/snappy-1.1.0.1-741523d5-6ea1-44eb-b065-e1c7a01fc08c-libsnappyjava.so
7f6cd64c5000-7f6cd66c4000 ---p 00034000 fd:00 393284                     /tmp/snappy-1.1.0.1-741523d5-6ea1-44eb-b065-e1c7a01fc08c-libsnappyjava.so
7f6cd66c4000-7f6cd66c7000 rw-p 00033000 fd:00 393284                     /tmp/snappy-1.1.0.1-741523d5-6ea1-44eb-b065-e1c7a01fc08c-libsnappyjava.so
7f6cd66c7000-7f6cd66d9000 rw-p 00000000 00:00 0 
7f6cd66d9000-7f6cd66dc000 ---p 00000000 00:00 0 
7f6cd66dc000-7f6cd6f1e000 rw-p 00000000 00:00 0 
7f6cd6f3c000-7f6cd6f3f000 ---p 00000000 00:00 0 
7f6cd6f3f000-7f6cd6f7d000 rw-p 00000000 00:00 0 
7f6cd6f7d000-7f6cd6f80000 ---p 00000000 00:00 0 
7f6cd6f80000-7f6cd6fbe000 rw-p 00000000 00:00 0 
7f6cd6fbe000-7f6cd6fc1000 ---p 00000000 00:00 0 
7f6cd6fc1000-7f6cd8000000 rw-p 00000000 00:00 0 
7f6cd8000000-7f6cd8052000 rw-p 00000000 00:00 0 
7f6cd8052000-7f6cdc000000 ---p 00000000 00:00 0 
7f6cdc000000-7f6cdc5bc000 rw-p 00000000 00:00 0 
7f6cdc5bc000-7f6ce0000000 ---p 00000000 00:00 0 
7f6ce0000000-7f6ce0592000 rw-p 00000000 00:00 0 
7f6ce0592000-7f6ce4000000 ---p 00000000 00:00 0 
7f6ce4000000-7f6ce403b000 rw-p 00000000 00:00 0 
7f6ce403b000-7f6ce8000000 ---p 00000000 00:00 0 
7f6ce8000000-7f6ce893d000 rw-p 00000000 00:00 0 
7f6ce893d000-7f6cec000000 ---p 00000000 00:00 0 
7f6cec000000-7f6cec56a000 rw-p 00000000 00:00 0 
7f6cec56a000-7f6cf0000000 ---p 00000000 00:00 0 
7f6cf0000000-7f6cf081d000 rw-p 00000000 00:00 0 
7f6cf081d000-7f6cf4000000 ---p 00000000 00:00 0 
7f6cf4007000-7f6cf4028000 rw-p 00000000 00:00 0 
7f6cf4028000-7f6cf402b000 ---p 00000000 00:00 0 
7f6cf402b000-7f6cf4069000 rw-p 00000000 00:00 0 
7f6cf4069000-7f6cf406c000 ---p 00000000 00:00 0 
7f6cf406c000-7f6cf4fac000 rw-p 00000000 00:00 0 
7f6cf4fca000-7f6cf4fcd000 ---p 00000000 00:00 0 
7f6cf4fcd000-7f6cf500b000 rw-p 00000000 00:00 0 
7f6cf500b000-7f6cf500e000 ---p 00000000 00:00 0 
7f6cf500e000-7f6cf510c000 rw-p 00000000 00:00 0 
7f6cf510c000-7f6cf510f000 ---p 00000000 00:00 0 
7f6cf510f000-7f6cf616f000 rw-p 00000000 00:00 0 
7f6cf616f000-7f6cfc000000 r--p 00000000 fd:00 812593                     /usr/lib/locale/locale-archive
7f6cfc000000-7f6cfc021000 rw-p 00000000 00:00 0 
7f6cfc021000-7f6d00000000 ---p 00000000 00:00 0 
7f6d00000000-7f6d00031000 rw-p 00000000 00:00 0 
7f6d00031000-7f6d04000000 ---p 00000000 00:00 0 
7f6d04000000-7f6d040ae000 rw-p 00000000 00:00 0 
7f6d040ae000-7f6d08000000 ---p 00000000 00:00 0 
7f6d08000000-7f6d0802b000 rw-p 00000000 00:00 0 
7f6d0802b000-7f6d0c000000 ---p 00000000 00:00 0 
7f6d0c000000-7f6d0c02e000 rw-p 00000000 00:00 0 
7f6d0c02e000-7f6d10000000 ---p 00000000 00:00 0 
7f6d10004000-7f6d10035000 rw-p 00000000 00:00 0 
7f6d10035000-7f6d10038000 ---p 00000000 00:00 0 
7f6d10038000-7f6d100f7000 rw-p 00000000 00:00 0 
7f6d100f7000-7f6d100fa000 ---p 00000000 00:00 0 
7f6d100fa000-7f6d10192000 rw-p 00000000 00:00 0 
7f6d10192000-7f6d10195000 ---p 00000000 00:00 0 
7f6d10195000-7f6d11195000 rw-p 00000000 00:00 0 
7f6d11195000-7f6d116c4000 r-xp 00000000 fd:00 928293                     /home/thorsten/voltdb-4.0.2.3/voltdb/libvoltdb-4.0.2.3.so
7f6d116c4000-7f6d118c3000 ---p 0052f000 fd:00 928293                     /home/thorsten/voltdb-4.0.2.3/voltdb/libvoltdb-4.0.2.3.so
7f6d118c3000-7f6d118df000 rw-p 0052e000 fd:00 928293                     /home/thorsten/voltdb-4.0.2.3/voltdb/libvoltdb-4.0.2.3.so
7f6d118df000-7f6d118e0000 rw-p 00000000 00:00 0 
7f6d118e0000-7f6d118e3000 ---p 00000000 00:00 0 
7f6d118e3000-7f6d119e1000 rw-p 00000000 00:00 0 
7f6d119e1000-7f6d119e4000 ---p 00000000 00:00 0 
7f6d119e4000-7f6d11a22000 rw-p 00000000 00:00 0 
7f6d11a22000-7f6d11a25000 ---p 00000000 00:00 0 
7f6d11a25000-7f6d11a63000 rw-p 00000000 00:00 0 
7f6d11a63000-7f6d11a66000 ---p 00000000 00:00 0 
7f6d11a66000-7f6d11aa4000 rw-p 00000000 00:00 0 
7f6d11aa4000-7f6d11aa7000 ---p 00000000 00:00 0 
7f6d11aa7000-7f6d11ba5000 rw-p 00000000 00:00 0 
7f6d11ba5000-7f6d11ba8000 ---p 00000000 00:00 0 
7f6d11ba8000-7f6d11bde000 rw-p 00000000 00:00 0 
7f6d11bde000-7f6d11be1000 ---p 00000000 00:00 0 
7f6d11be1000-7f6d11c17000 rw-p 00000000 00:00 0 
7f6d11c17000-7f6d11c1a000 ---p 00000000 00:00 0 
7f6d11c1a000-7f6d11c58000 rw-p 00000000 00:00 0 
7f6d11c58000-7f6d11c5b000 ---p 00000000 00:00 0 
7f6d11c5b000-7f6d11c99000 rw-p 00000000 00:00 0 
7f6d11c99000-7f6d11c9c000 ---p 00000000 00:00 0 
7f6d11c9c000-7f6d11cda000 rw-p 00000000 00:00 0 
7f6d11cda000-7f6d11cdd000 ---p 00000000 00:00 0 
7f6d11cdd000-7f6d11d1b000 rw-p 00000000 00:00 0 
7f6d11d1b000-7f6d11d1e000 ---p 00000000 00:00 0 
7f6d11d1e000-7f6d11d5c000 rw-p 00000000 00:00 0 
7f6d11d5c000-7f6d11d5f000 ---p 00000000 00:00 0 
7f6d11d5f000-7f6d11d9d000 rw-p 00000000 00:00 0 
7f6d11d9d000-7f6d11da0000 ---p 00000000 00:00 0 
7f6d11da0000-7f6d11e9e000 rw-p 00000000 00:00 0 
7f6d11e9e000-7f6d11ea1000 ---p 00000000 00:00 0 
7f6d11ea1000-7f6d11f9f000 rw-p 00000000 00:00 0 
7f6d11f9f000-7f6d11fa2000 ---p 00000000 00:00 0 
7f6d11fa2000-7f6d120a0000 rw-p 00000000 00:00 0 
7f6d120a0000-7f6d120a8000 r-xp 00000000 fd:00 1065684                    /usr/java/jdk1.7.0_51/jre/lib/amd64/libmanagement.so
7f6d120a8000-7f6d122a7000 ---p 00008000 fd:00 1065684                    /usr/java/jdk1.7.0_51/jre/lib/amd64/libmanagement.so
7f6d122a7000-7f6d122a8000 rw-p 00007000 fd:00 1065684                    /usr/java/jdk1.7.0_51/jre/lib/amd64/libmanagement.so
7f6d122a8000-7f6d122ab000 ---p 00000000 00:00 0 
7f6d122ab000-7f6d123a9000 rw-p 00000000 00:00 0 
7f6d123a9000-7f6d123ac000 ---p 00000000 00:00 0 
7f6d123ac000-7f6d124aa000 rw-p 00000000 00:00 0 
7f6d124aa000-7f6d124ad000 ---p 00000000 00:00 0 
7f6d124ad000-7f6d125ab000 rw-p 00000000 00:00 0 
7f6d125ab000-7f6d125ae000 ---p 00000000 00:00 0 
7f6d125ae000-7f6d126ac000 rw-p 00000000 00:00 0 
7f6d126ac000-7f6d126af000 ---p 00000000 00:00 0 
7f6d126af000-7f6d126ed000 rw-p 00000000 00:00 0 
7f6d126ed000-7f6d126f2000 r-xp 00000000 fd:00 131101                     /lib64/libnss_dns-2.12.so
7f6d126f2000-7f6d128f1000 ---p 00005000 fd:00 131101                     /lib64/libnss_dns-2.12.so
7f6d128f1000-7f6d128f2000 r--p 00004000 fd:00 131101                     /lib64/libnss_dns-2.12.so
7f6d128f2000-7f6d128f3000 rw-p 00005000 fd:00 131101                     /lib64/libnss_dns-2.12.so
7f6d12902000-7f6d1290d000 r--s 000af000 fd:00 1065942                    /usr/java/jdk1.7.0_51/jre/lib/resources.jar
7f6d1290d000-7f6d1290f000 r--s 0000c000 fd:00 928743                     /home/thorsten/voltdb-4.0.2.3/lib/zmq-2.1.11.jar
7f6d1290f000-7f6d12910000 r--s 00004000 fd:00 928790                     /home/thorsten/voltdb-4.0.2.3/lib/jetty-continuation-7.6.1.v20120215.jar
7f6d12910000-7f6d12912000 r--s 00014000 fd:00 928793                     /home/thorsten/voltdb-4.0.2.3/lib/jetty-http-7.6.1.v20120215.jar
7f6d12912000-7f6d12915000 r--s 0001c000 fd:00 928741                     /home/thorsten/voltdb-4.0.2.3/lib/tomcat-jdbc.jar
7f6d12915000-7f6d12917000 r--s 00005000 fd:00 928740                     /home/thorsten/voltdb-4.0.2.3/lib/slf4j-api-1.6.2.jar
7f6d12917000-7f6d1291d000 r--s 00068000 fd:00 928792                     /home/thorsten/voltdb-4.0.2.3/lib/protobuf-java-2.4.1.jar
7f6d1291d000-7f6d12920000 r--s 0002f000 fd:00 928742                     /home/thorsten/voltdb-4.0.2.3/lib/jline-2.10.jar
7f6d12920000-7f6d12925000 r--s 00038000 fd:00 928737                     /home/thorsten/voltdb-4.0.2.3/lib/jetty-util-7.6.1.v20120215.jar
7f6d12925000-7f6d1292a000 r--s 00047000 fd:00 928785                     /home/thorsten/voltdb-4.0.2.3/lib/jetty-server-7.6.1.v20120215.jar
7f6d1292a000-7f6d1292f000 r--s 00046000 fd:00 928786                     /home/thorsten/voltdb-4.0.2.3/lib/commons-lang3-3.0.jar
7f6d1292f000-7f6d12931000 r--s 00016000 fd:00 928736                     /home/thorsten/voltdb-4.0.2.3/lib/jetty-io-7.6.1.v20120215.jar
7f6d12931000-7f6d12934000 r--s 00014000 fd:00 928789                     /home/thorsten/voltdb-4.0.2.3/lib/super-csv-2.1.0.jar
7f6d12934000-7f6d12938000 r--s 00039000 fd:00 928787                     /home/thorsten/voltdb-4.0.2.3/lib/jsch-0.1.50.jar
7f6d12938000-7f6d1299c000 r--s 005a0000 fd:00 928783                     /home/thorsten/voltdb-4.0.2.3/lib/groovy-all-2.1.7-indy.jar
7f6d1299c000-7f6d1299e000 r--s 00009000 fd:00 928738                     /home/thorsten/voltdb-4.0.2.3/lib/commons-cli-1.2.jar
7f6d1299e000-7f6d129a0000 r--s 00000000 fd:00 928739                     /home/thorsten/voltdb-4.0.2.3/lib/slf4j-nop-1.6.2.jar
7f6d129a0000-7f6d129a3000 r--s 00067000 fd:00 928791                     /home/thorsten/voltdb-4.0.2.3/lib/snappy-java-1.1.0.1.jar
7f6d129a3000-7f6d129d4000 rw-p 00000000 00:00 0 
7f6d129d4000-7f6d129ea000 r-xp 00000000 fd:00 1065686                    /usr/java/jdk1.7.0_51/jre/lib/amd64/libnet.so
7f6d129ea000-7f6d12bea000 ---p 00016000 fd:00 1065686                    /usr/java/jdk1.7.0_51/jre/lib/amd64/libnet.so
7f6d12bea000-7f6d12beb000 rw-p 00016000 fd:00 1065686                    /usr/java/jdk1.7.0_51/jre/lib/amd64/libnet.so
7f6d12beb000-7f6d12bfb000 r-xp 00000000 fd:00 1065687                    /usr/java/jdk1.7.0_51/jre/lib/amd64/libnio.so
7f6d12bfb000-7f6d12dfb000 ---p 00010000 fd:00 1065687                    /usr/java/jdk1.7.0_51/jre/lib/amd64/libnio.so
7f6d12dfb000-7f6d12dfc000 rw-p 00010000 fd:00 1065687                    /usr/java/jdk1.7.0_51/jre/lib/amd64/libnio.so
7f6d12dfc000-7f6d12e62000 r--s 006c7000 fd:00 928294                     /home/thorsten/voltdb-4.0.2.3/voltdb/voltdb-4.0.2.3.jar
7f6d12e62000-7f6d12e63000 ---p 00000000 00:00 0 
7f6d12e63000-7f6d12f63000 rw-p 00000000 00:00 0 
7f6d12f63000-7f6d12f66000 ---p 00000000 00:00 0 
7f6d12f66000-7f6d13064000 rw-p 00000000 00:00 0 
7f6d13064000-7f6d13067000 ---p 00000000 00:00 0 
7f6d13067000-7f6d13165000 rw-p 00000000 00:00 0 
7f6d13165000-7f6d13168000 ---p 00000000 00:00 0 
7f6d13168000-7f6d13266000 rw-p 00000000 00:00 0 
7f6d13266000-7f6d13269000 ---p 00000000 00:00 0 
7f6d13269000-7f6d13367000 rw-p 00000000 00:00 0 
7f6d13367000-7f6d1336a000 ---p 00000000 00:00 0 
7f6d1336a000-7f6d13468000 rw-p 00000000 00:00 0 
7f6d13468000-7f6d1346b000 ---p 00000000 00:00 0 
7f6d1346b000-7f6d13569000 rw-p 00000000 00:00 0 
7f6d13569000-7f6d1356a000 ---p 00000000 00:00 0 
7f6d1356a000-7f6d14000000 rw-p 00000000 00:00 0 
7f6d14000000-7f6d1405d000 rw-p 00000000 00:00 0 
7f6d1405d000-7f6d18000000 ---p 00000000 00:00 0 
7f6d18016000-7f6d18017000 rw-p 00000000 00:00 0 
7f6d18017000-7f6d1801a000 r--s 00018000 fd:00 1065872                    /usr/java/jdk1.7.0_51/jre/lib/jce.jar
7f6d1801a000-7f6d1803b000 rw-p 00000000 00:00 0 
7f6d1803b000-7f6d181f8000 r--s 039bf000 fd:00 1066812                    /usr/java/jdk1.7.0_51/jre/lib/rt.jar
7f6d181f8000-7f6d1c9d4000 rw-p 00000000 00:00 0 
7f6d1c9d4000-7f6d1c9d5000 ---p 00000000 00:00 0 
7f6d1c9d5000-7f6d1cad5000 rw-p 00000000 00:00 0 
7f6d1cad5000-7f6d1cad6000 ---p 00000000 00:00 0 
7f6d1cad6000-7f6d1cbec000 rw-p 00000000 00:00 0 
7f6d1cbec000-7f6d1cbff000 rw-p 00000000 00:00 0 
7f6d1cbff000-7f6d1cc16000 rw-p 00000000 00:00 0 
7f6d1cc16000-7f6d1cc22000 ---p 00000000 00:00 0 
7f6d1cc22000-7f6d1cea9000 rw-p 00000000 00:00 0 
7f6d1cea9000-7f6d1cfbc000 rw-p 00000000 00:00 0 
7f6d1cfbc000-7f6d1cfff000 rw-p 00000000 00:00 0 
7f6d1cfff000-7f6d1d000000 rw-p 00000000 00:00 0 
7f6d1d000000-7f6d1d2b0000 rwxp 00000000 00:00 0 
7f6d1d2b0000-7f6d21451000 rw-p 00000000 00:00 0 
7f6d21451000-7f6d24000000 ---p 00000000 00:00 0 
7f6d24000000-7f6d24001000 rw-s 00000000 fd:00 400332                     /tmp/ffieixgus (deleted)
7f6d24001000-7f6d24005000 r--s 0008a000 fd:00 1065943                    /usr/java/jdk1.7.0_51/jre/lib/jsse.jar
7f6d24005000-7f6d2401b000 rw-p 00000000 00:00 0 
7f6d2401b000-7f6d2402e000 rw-p 00000000 00:00 0 
7f6d2402e000-7f6d24045000 rw-p 00000000 00:00 0 
7f6d24045000-7f6d24051000 ---p 00000000 00:00 0 
7f6d24051000-7f6d242d9000 rw-p 00000000 00:00 0 
7f6d242d9000-7f6d242e4000 rw-p 00000000 00:00 0 
7f6d242e4000-7f6d24399000 rw-p 00000000 00:00 0 
7f6d24399000-7f6d243b3000 r-xp 00000000 fd:00 1065698                    /usr/java/jdk1.7.0_51/jre/lib/amd64/libzip.so
7f6d243b3000-7f6d245b3000 ---p 0001a000 fd:00 1065698                    /usr/java/jdk1.7.0_51/jre/lib/amd64/libzip.so
7f6d245b3000-7f6d245b4000 rw-p 0001a000 fd:00 1065698                    /usr/java/jdk1.7.0_51/jre/lib/amd64/libzip.so
7f6d245b4000-7f6d245c0000 r-xp 00000000 fd:00 131103                     /lib64/libnss_files-2.12.so
7f6d245c0000-7f6d247c0000 ---p 0000c000 fd:00 131103                     /lib64/libnss_files-2.12.so
7f6d247c0000-7f6d247c1000 r--p 0000c000 fd:00 131103                     /lib64/libnss_files-2.12.so
7f6d247c1000-7f6d247c2000 rw-p 0000d000 fd:00 131103                     /lib64/libnss_files-2.12.so
7f6d247c2000-7f6d247c3000 r-xs 00000000 fd:00 400332                     /tmp/ffieixgus (deleted)
7f6d247c3000-7f6d247cc000 r--s 0006d000 fd:00 928784                     /home/thorsten/voltdb-4.0.2.3/lib/log4j-1.2.16.jar
7f6d247cc000-7f6d247ce000 r--s 00011000 fd:00 928788                     /home/thorsten/voltdb-4.0.2.3/lib/tomcat-juli.jar
7f6d247ce000-7f6d247d1000 r--s 0001b000 fd:00 928796                     /home/thorsten/voltdb-4.0.2.3/lib/servlet-api-2.5.jar
7f6d247d1000-7f6d247fa000 r-xp 00000000 fd:00 1065668                    /usr/java/jdk1.7.0_51/jre/lib/amd64/libjava.so
7f6d247fa000-7f6d249fa000 ---p 00029000 fd:00 1065668                    /usr/java/jdk1.7.0_51/jre/lib/amd64/libjava.so
7f6d249fa000-7f6d249fc000 rw-p 00029000 fd:00 1065668                    /usr/java/jdk1.7.0_51/jre/lib/amd64/libjava.so
7f6d249fc000-7f6d24a09000 r-xp 00000000 fd:00 1065697                    /usr/java/jdk1.7.0_51/jre/lib/amd64/libverify.so
7f6d24a09000-7f6d24c08000 ---p 0000d000 fd:00 1065697                    /usr/java/jdk1.7.0_51/jre/lib/amd64/libverify.so
7f6d24c08000-7f6d24c0a000 rw-p 0000c000 fd:00 1065697                    /usr/java/jdk1.7.0_51/jre/lib/amd64/libverify.so
7f6d24c0a000-7f6d24c0d000 ---p 00000000 00:00 0 
7f6d24c0d000-7f6d24d0b000 rw-p 00000000 00:00 0 
7f6d24d0b000-7f6d2586d000 r-xp 00000000 fd:00 1065702                    /usr/java/jdk1.7.0_51/jre/lib/amd64/server/libjvm.so
7f6d2586d000-7f6d25a6d000 ---p 00b62000 fd:00 1065702                    /usr/java/jdk1.7.0_51/jre/lib/amd64/server/libjvm.so
7f6d25a6d000-7f6d25b30000 rw-p 00b62000 fd:00 1065702                    /usr/java/jdk1.7.0_51/jre/lib/amd64/server/libjvm.so
7f6d25b30000-7f6d25b74000 rw-p 00000000 00:00 0 
7f6d25b74000-7f6d25b8a000 r-xp 00000000 fd:00 1065650                    /usr/java/jdk1.7.0_51/jre/lib/amd64/jli/libjli.so
7f6d25b8a000-7f6d25d8a000 ---p 00016000 fd:00 1065650                    /usr/java/jdk1.7.0_51/jre/lib/amd64/jli/libjli.so
7f6d25d8a000-7f6d25d8b000 rw-p 00016000 fd:00 1065650                    /usr/java/jdk1.7.0_51/jre/lib/amd64/jli/libjli.so
7f6d25d8b000-7f6d25d8c000 rw-p 00000000 00:00 0 
7f6d25d8c000-7f6d25d8d000 r--p 00000000 00:00 0 
7f6d25d8d000-7f6d25d91000 r--s 000d0000 fd:00 928795                     /home/thorsten/voltdb-4.0.2.3/lib/jna.jar
7f6d25d91000-7f6d25d99000 rw-s 00000000 fd:00 393283                     /tmp/hsperfdata_thorsten/52974
7f6d25d99000-7f6d25d9a000 rw-p 00000000 00:00 0 
7f6d25d9a000-7f6d25d9b000 r--p 00000000 00:00 0 
7f6d25d9b000-7f6d25d9c000 rw-p 00000000 00:00 0 
7fffe4dcb000-7fffe4de0000 rw-p 00000000 00:00 0                          [stack]
7fffe4dff000-7fffe4e00000 r-xp 00000000 00:00 0                          [vdso]
ffffffffff600000-ffffffffff601000 r-xp 00000000 00:00 0                  [vsyscall]

VM Arguments:
jvm_args: -Xmx2048m -XX:+HeapDumpOnOutOfMemoryError -XX:HeapDumpPath=/tmp -XX:-ReduceInitialCardMarks -Dlog4j.configuration=file:///home/thorsten/voltdb-4.0.2.3/voltdb/log4j.xml -Djava.library.path=/home/thorsten/voltdb-4.0.2.3/voltdb 
java_command: org.voltdb.VoltDB create catalog /home/thorsten/git/velimontana/VeliSphereMontana/catalog.jar deployment deployment.xml host localhost
Launcher Type: SUN_STANDARD

Environment Variables:
PATH=/usr/lib64/qt-3.3/bin:/usr/local/bin:/usr/bin:/bin:/usr/local/sbin:/usr/sbin:/sbin:/home/thorsten/bin
USERNAME=thorsten
SHELL=/bin/bash
DISPLAY=:0.0

Signal Handlers:
SIGSEGV: [libjvm.so+0x993870], sa_mask[0]=0x7ffbfeff, sa_flags=0x10000004
SIGBUS: [libjvm.so+0x993870], sa_mask[0]=0x7ffbfeff, sa_flags=0x10000004
SIGFPE: [libjvm.so+0x8105b0], sa_mask[0]=0x7ffbfeff, sa_flags=0x10000004
SIGPIPE: [libjvm.so+0x8105b0], sa_mask[0]=0x7ffbfeff, sa_flags=0x10000004
SIGXFSZ: [libjvm.so+0x8105b0], sa_mask[0]=0x7ffbfeff, sa_flags=0x10000004
SIGILL: [libjvm.so+0x8105b0], sa_mask[0]=0x7ffbfeff, sa_flags=0x10000004
SIGUSR1: SIG_DFL, sa_mask[0]=0x00000000, sa_flags=0x00000000
SIGUSR2: [libjvm.so+0x811aa0], sa_mask[0]=0x00000004, sa_flags=0x10000004
SIGHUP: [libjvm.so+0x812a10], sa_mask[0]=0x7ffbfeff, sa_flags=0x10000004
SIGINT: [libjvm.so+0x812a10], sa_mask[0]=0x7ffbfeff, sa_flags=0x10000004
SIGTERM: [libjvm.so+0x812a10], sa_mask[0]=0x7ffbfeff, sa_flags=0x10000004
SIGQUIT: [libjvm.so+0x812a10], sa_mask[0]=0x7ffbfeff, sa_flags=0x10000004


---------------  S Y S T E M  ---------------

OS:CentOS release 6.4 (Final)

uname:Linux 2.6.32-358.el6.x86_64 #1 SMP Fri Feb 22 00:31:26 UTC 2013 x86_64
libc:glibc 2.12 NPTL 2.12 
rlimit: STACK 10240k, CORE 0k, NPROC 1024, NOFILE 4096, AS infinity
load average:0.15 0.13 0.10

/proc/meminfo:
MemTotal:        2768700 kB
MemFree:          730024 kB
Buffers:           10820 kB
Cached:           159948 kB
SwapCached:        24340 kB
Active:          1336484 kB
Inactive:         519576 kB
Active(anon):    1229716 kB
Inactive(anon):   460996 kB
Active(file):     106768 kB
Inactive(file):    58580 kB
Unevictable:           0 kB
Mlocked:               0 kB
SwapTotal:       2916344 kB
SwapFree:        2747016 kB
Dirty:                72 kB
Writeback:             0 kB
AnonPages:       1669256 kB
Mapped:            64884 kB
Shmem:              5280 kB
Slab:             109864 kB
SReclaimable:      44440 kB
SUnreclaim:        65424 kB
KernelStack:        2880 kB
PageTables:        26156 kB
NFS_Unstable:          0 kB
Bounce:                0 kB
WritebackTmp:          0 kB
CommitLimit:     4300692 kB
Committed_AS:    3178340 kB
VmallocTotal:   34359738367 kB
VmallocUsed:      288064 kB
VmallocChunk:   34359434072 kB
HardwareCorrupted:     0 kB
AnonHugePages:   1001472 kB
HugePages_Total:       0
HugePages_Free:        0
HugePages_Rsvd:        0
HugePages_Surp:        0
Hugepagesize:       2048 kB
DirectMap4k:        8192 kB
DirectMap2M:     2957312 kB


CPU:total 2 (1 cores per cpu, 1 threads per core) family 6 model 58 stepping 9, cmov, cx8, fxsr, mmx, sse, sse2, sse3, ssse3, sse4.1, sse4.2, popcnt, avx, aes, erms, tsc, tscinvbit, tscinv

/proc/cpuinfo:
processor	: 0
vendor_id	: GenuineIntel
cpu family	: 6
model		: 58
model name	: Intel(R) Core(TM) i5-3570K CPU @ 3.40GHz
stepping	: 9
cpu MHz		: 3400.119
cache size	: 6144 KB
fpu		: yes
fpu_exception	: yes
cpuid level	: 13
wp		: yes
flags		: fpu vme de pse tsc msr pae mce cx8 apic sep mtrr pge mca cmov pat pse36 clflush dts mmx fxsr sse sse2 ss syscall nx rdtscp lm constant_tsc arch_perfmon pebs bts xtopology tsc_reliable nonstop_tsc aperfmperf unfair_spinlock pni pclmulqdq ssse3 cx16 pcid sse4_1 sse4_2 x2apic popcnt aes xsave avx f16c rdrand hypervisor lahf_lm ida arat epb xsaveopt pln pts dts fsgsbase smep
bogomips	: 6800.23
clflush size	: 64
cache_alignment	: 64
address sizes	: 40 bits physical, 48 bits virtual
power management:

processor	: 1
vendor_id	: GenuineIntel
cpu family	: 6
model		: 58
model name	: Intel(R) Core(TM) i5-3570K CPU @ 3.40GHz
stepping	: 9
cpu MHz		: 3400.119
cache size	: 6144 KB
fpu		: yes
fpu_exception	: yes
cpuid level	: 13
wp		: yes
flags		: fpu vme de pse tsc msr pae mce cx8 apic sep mtrr pge mca cmov pat pse36 clflush dts mmx fxsr sse sse2 ss syscall nx rdtscp lm constant_tsc arch_perfmon pebs bts xtopology tsc_reliable nonstop_tsc aperfmperf unfair_spinlock pni pclmulqdq ssse3 cx16 pcid sse4_1 sse4_2 x2apic popcnt aes xsave avx f16c rdrand hypervisor lahf_lm ida arat epb xsaveopt pln pts dts fsgsbase smep
bogomips	: 6800.23
clflush size	: 64
cache_alignment	: 64
address sizes	: 40 bits physical, 48 bits virtual
power management:



Memory: 4k page, physical 2768700k(730024k free), swap 2916344k(2747016k free)

vm_info: Java HotSpot(TM) 64-Bit Server VM (24.51-b03) for linux-amd64 JRE (1.7.0_51-b13), built on Dec 18 2013 18:48:01 by "java_re" with gcc 4.3.0 20080428 (Red Hat 4.3.0-8)

time: Thu Feb 27 11:47:18 2014
elapsed time: 81 seconds

