2015-06-21 12:09:33,759   INFO  [Estimated Time Updater] HOST: 57200069 estimated time update.
2015-06-21 12:11:44,615   INFO  [Estimated Time Updater] HOST: 2503 estimated time update.
2015-06-21 12:12:14,826   INFO  [Periodic Priority Work] GC: GC for ParNew: 6471 ms for 1 collections, 147133760 used; max is 2130051072
2015-06-21 13:16:23,423   INFO  [Estimated Time Updater] HOST: 131036 estimated time update.
2015-06-21 16:20:05,377   INFO  [Periodic Work] HOST: Host id of this node is: 0
2015-06-21 16:20:05,377   INFO  [Periodic Work] HOST: URL of deployment info: deployment.xml
2015-06-21 16:20:05,377   INFO  [Periodic Work] HOST: Cluster uptime: 7 days 03:06:42.414
2015-06-21 16:20:05,378   INFO  [Periodic Work] HOST: Database start action is Create.
2015-06-21 16:20:05,378   INFO  [Periodic Work] HOST: PID of this Volt process is 3412
2015-06-21 16:20:05,378   INFO  [Periodic Work] HOST: Listening for native wire protocol clients on port 21212.
2015-06-21 16:20:05,378   INFO  [Periodic Work] HOST: Listening for admin wire protocol clients on port 21211.
2015-06-21 16:20:05,378   INFO  [Periodic Work] HOST: Local machine HTTP monitoring is listening on port 8080.
2015-06-21 16:20:05,378   INFO  [Periodic Work] HOST: Json API over HTTP enabled at path /api/1.0/, listening on port 8080.
2015-06-21 16:20:05,378   INFO  [Periodic Work] HOST: Maximum usable Java heap set to 2031 mb.
2015-06-21 16:20:05,378   INFO  [Periodic Work] HOST: Minimum required Java heap for catalog and server config is 674 MB.
2015-06-21 16:20:05,378   INFO  [Periodic Work] HOST: Cluster has 1 hosts with leader hostname: "localhost". 3 sites per host. K = 0.
2015-06-21 16:20:05,378   INFO  [Periodic Work] HOST: The entire cluster has 1 copy of each of the 3 logical partitions.
2015-06-21 16:20:05,378   INFO  [Periodic Work] HOST: Detection of network partitions in the cluster is enabled.
2015-06-21 16:20:05,378   INFO  [Periodic Work] HOST: Client authentication is not enabled. Anonymous clients accepted.
2015-06-21 16:20:05,378   INFO  [Periodic Work] HOST: No schedule set for automated snapshots.
2015-06-21 16:20:05,378   INFO  [Periodic Work] HOST: Using "voltdbroot" for voltdbroot directory.
2015-06-21 16:20:05,379   INFO  [Periodic Work] HOST: CPU INFO:         2 Cores, 2 Sockets, 2 Hardware Threads
2015-06-21 16:20:05,379   INFO  [Periodic Work] HOST: CPU DESC:         Intel(R) Xeon(R) CPU E31220 @ 3.10GHz 8192 KB cache
2015-06-21 16:20:05,379   INFO  [Periodic Work] HOST: HOST MEMORY (MB): 1873
2015-06-21 16:20:05,379   INFO  [Periodic Work] HOST: OS PROFILE:       Linux 2.6.32-504.3.3.el6.x86_64 amd64 en_US
2015-06-21 16:20:05,379   INFO  [Periodic Work] HOST: JAVA VERSION:     1.7.0_51
2015-06-21 16:20:05,379   INFO  [Periodic Work] HOST: JAVA RUNTIME:     Java(TM) SE Runtime Environment (1.7.0_51-b13)
2015-06-21 16:20:05,379   INFO  [Periodic Work] HOST: JAVA VM:          Java HotSpot(TM) 64-Bit Server VM (24.51-b03, mixed mode)
2015-06-21 16:20:05,379   INFO  [Periodic Work] HOST: About to list cluster interfaces for all nodes with format [ip1 ip2 ... ipN] client-port:admin-port:http-port
2015-06-21 16:20:05,379   INFO  [Periodic Work] HOST:   Host id: 0 with interfaces: 16.1.1.84 2a02:8070:848d:1d00:20c:29ff:fe1b:e41%2 21212,21211,8080 [SELF]
2015-06-21 16:20:05,391   INFO  [Periodic Work] HOST: Elastic duration set to 50 milliseconds
2015-06-21 16:20:05,391   INFO  [Periodic Work] HOST: Elastic throughput set to 2 mb/s
2015-06-21 16:20:05,391   INFO  [Periodic Work] HOST: Max temptable size set to 100 mb
2015-06-21 16:20:05,391   INFO  [Periodic Work] HOST: Snapshot priority set to 6 [0 - 10]
